{"numTotalTestSuites":8,"numPassedTestSuites":8,"numFailedTestSuites":0,"numPendingTestSuites":0,"numTotalTests":10,"numPassedTests":4,"numFailedTests":0,"numPendingTests":6,"numTodoTests":0,"snapshot":{"added":0,"failure":false,"filesAdded":0,"filesRemoved":0,"filesRemovedList":[],"filesUnmatched":0,"filesUpdated":0,"matched":0,"total":0,"unchecked":0,"uncheckedKeysByFile":[],"unmatched":0,"updated":0,"didUpdate":false},"startTime":1762699597684,"success":true,"testResults":[{"assertionResults":[{"ancestorTitles":["RoxyClient API 集成测试"],"fullName":"RoxyClient API 集成测试 应该通过健康检查","status":"passed","title":"应该通过健康检查","duration":3.20049999999992,"failureMessages":[],"meta":{}},{"ancestorTitles":["RoxyClient API 集成测试"],"fullName":"RoxyClient API 集成测试 应该能查询工作区列表","status":"passed","title":"应该能查询工作区列表","duration":419.0638000000001,"failureMessages":[],"meta":{}},{"ancestorTitles":["RoxyClient API 集成测试"],"fullName":"RoxyClient API 集成测试 应该能查询窗口列表","status":"passed","title":"应该能查询窗口列表","duration":195.7281999999998,"failureMessages":[],"meta":{}}],"startTime":1762699599288,"endTime":1762699599905.7283,"status":"passed","message":"","name":"D:/TSProjects/HushOps.Servers.XiaoHongShu/tests/integration/roxy/api.test.ts"},{"assertionResults":[{"ancestorTitles":["CDP 连接集成测试"],"fullName":"CDP 连接集成测试 应该能通过 CDP 连接到 RoxyBrowser","status":"skipped","title":"应该能通过 CDP 连接到 RoxyBrowser","failureMessages":[],"meta":{}},{"ancestorTitles":["CDP 连接集成测试"],"fullName":"CDP 连接集成测试 应该能在同一个 Context 中打开多个 Page","status":"skipped","title":"应该能在同一个 Context 中打开多个 Page","failureMessages":[],"meta":{}}],"startTime":1762699597684,"endTime":1762699597684,"status":"passed","message":"","name":"D:/TSProjects/HushOps.Servers.XiaoHongShu/tests/integration/roxy/cdp.test.ts"},{"assertionResults":[{"ancestorTitles":["数据隔离验证测试"],"fullName":"数据隔离验证测试 应该验证多账号 Cookies 完全隔离","status":"skipped","title":"应该验证多账号 Cookies 完全隔离","failureMessages":[],"meta":{}},{"ancestorTitles":["数据隔离验证测试"],"fullName":"数据隔离验证测试 应该验证多账号 LocalStorage 完全隔离","status":"skipped","title":"应该验证多账号 LocalStorage 完全隔离","failureMessages":[],"meta":{}},{"ancestorTitles":["数据隔离验证测试"],"fullName":"数据隔离验证测试 应该验证多账号 SessionStorage 完全隔离","status":"skipped","title":"应该验证多账号 SessionStorage 完全隔离","failureMessages":[],"meta":{}},{"ancestorTitles":["数据隔离验证测试"],"fullName":"数据隔离验证测试 应该验证多账号之间不会相互影响","status":"skipped","title":"应该验证多账号之间不会相互影响","failureMessages":[],"meta":{}}],"startTime":1762699597684,"endTime":1762699597684,"status":"passed","message":"","name":"D:/TSProjects/HushOps.Servers.XiaoHongShu/tests/integration/roxy/isolation.test.ts"},{"assertionResults":[{"ancestorTitles":["roxy.windows.list e2e"],"fullName":"roxy.windows.list e2e lists windows with numeric workspaceId","status":"passed","title":"lists windows with numeric workspaceId","duration":0.9747999999999593,"failureMessages":[],"meta":{}}],"startTime":1762699598092,"endTime":1762699598092.9749,"status":"passed","message":"","name":"D:/TSProjects/HushOps.Servers.XiaoHongShu/tests/integration/roxy/windows.list.e2e.test.ts"}]}