{"numTotalTestSuites":247,"numPassedTestSuites":238,"numFailedTestSuites":9,"numPendingTestSuites":0,"numTotalTests":357,"numPassedTests":348,"numFailedTests":7,"numPendingTests":2,"numTodoTests":0,"snapshot":{"added":0,"failure":false,"filesAdded":0,"filesRemoved":0,"filesRemovedList":[],"filesUnmatched":0,"filesUpdated":0,"matched":0,"total":0,"unchecked":0,"uncheckedKeysByFile":[],"unmatched":0,"updated":0,"didUpdate":false},"startTime":1762738764750,"success":false,"testResults":[{"assertionResults":[{"ancestorTitles":["ConfigSchema"],"fullName":"ConfigSchema parses baseURL or host+port with policy defaults","status":"passed","title":"parses baseURL or host+port with policy defaults","duration":0.3141999999934342,"failureMessages":[],"meta":{}}],"startTime":1762738948239,"endTime":1762738948239.3142,"status":"passed","message":"","name":"D:/TSProjects/HushOps.Servers.XiaoHongShu/tests/config.test.ts"},{"assertionResults":[{"ancestorTitles":["ActionResult utils"],"fullName":"ActionResult utils ok() returns ok: true with value","status":"passed","title":"ok() returns ok: true with value","duration":0.15909999998984858,"failureMessages":[],"meta":{}},{"ancestorTitles":["ActionResult utils"],"fullName":"ActionResult utils fail() returns ok: false with error","status":"passed","title":"fail() returns ok: false with error","duration":0.08900000000721775,"failureMessages":[],"meta":{}}],"startTime":1762738948986,"endTime":1762738948987.089,"status":"passed","message":"","name":"D:/TSProjects/HushOps.Servers.XiaoHongShu/tests/executor.test.ts"},{"assertionResults":[{"ancestorTitles":["humanization"],"fullName":"humanization curve path returns many points and starts/ends near endpoints","status":"passed","title":"curve path returns many points and starts/ends near endpoints","duration":0.3426999999792315,"failureMessages":[],"meta":{}},{"ancestorTitles":["humanization"],"fullName":"humanization linear path has constant step count","status":"passed","title":"linear path has constant step count","duration":0.13310000000637956,"failureMessages":[],"meta":{}},{"ancestorTitles":["humanization"],"fullName":"humanization char delay scales with wpm","status":"passed","title":"char delay scales with wpm","duration":0.16779999999562278,"failureMessages":[],"meta":{}}],"startTime":1762738946311,"endTime":1762738946312.1677,"status":"passed","message":"","name":"D:/TSProjects/HushOps.Servers.XiaoHongShu/tests/humanization.test.ts"},{"assertionResults":[{"ancestorTitles":["PolicyEnforcer"],"fullName":"PolicyEnforcer opens after failures then half-open then closed on success","status":"passed","title":"opens after failures then half-open then closed on success","duration":1001.7949999999837,"failureMessages":[],"meta":{}}],"startTime":1762738947154,"endTime":1762738948155.795,"status":"passed","message":"","name":"D:/TSProjects/HushOps.Servers.XiaoHongShu/tests/policy.test.ts"},{"assertionResults":[{"ancestorTitles":["domainSlugFromUrl"],"fullName":"domainSlugFromUrl extracts second-level domain as slug","status":"passed","title":"extracts second-level domain as slug","duration":0.17160000000149012,"failureMessages":[],"meta":{}},{"ancestorTitles":["domainSlugFromUrl"],"fullName":"domainSlugFromUrl returns undefined on invalid url","status":"passed","title":"returns undefined on invalid url","duration":0.09729999999399297,"failureMessages":[],"meta":{}}],"startTime":1762738948297,"endTime":1762738948297.1716,"status":"passed","message":"","name":"D:/TSProjects/HushOps.Servers.XiaoHongShu/tests/selector-config.test.ts"},{"assertionResults":[{"ancestorTitles":["selector hints"],"fullName":"selector hints throws when no hints","status":"passed","title":"throws when no hints","duration":0.29270000001997687,"failureMessages":[],"meta":{}}],"startTime":1762738948969,"endTime":1762738948969.2927,"status":"passed","message":"","name":"D:/TSProjects/HushOps.Servers.XiaoHongShu/tests/selector.test.ts"},{"assertionResults":[{"ancestorTitles":["端到端测试：笔记选择和内容提取"],"fullName":"端到端测试：笔记选择和内容提取 完整流程：搜索 → 找到卡片 → 点击打开 → 验证详情","status":"passed","title":"完整流程：搜索 → 找到卡片 → 点击打开 → 验证详情","duration":806.5636999999988,"failureMessages":[],"meta":{}},{"ancestorTitles":["端到端测试：笔记选择和内容提取"],"fullName":"端到端测试：笔记选择和内容提取 边界测试：无匹配卡片时的处理","status":"passed","title":"边界测试：无匹配卡片时的处理","duration":194.2257000000027,"failureMessages":[],"meta":{}},{"ancestorTitles":["端到端测试：笔记选择和内容提取"],"fullName":"端到端测试：笔记选择和内容提取 并发测试：同时处理多个卡片","status":"passed","title":"并发测试：同时处理多个卡片","duration":205.70150000000285,"failureMessages":[],"meta":{}},{"ancestorTitles":["端到端测试：笔记选择和内容提取"],"fullName":"端到端测试：笔记选择和内容提取 性能测试：卡片收集和解析性能","status":"passed","title":"性能测试：卡片收集和解析性能","duration":196.39549999999872,"failureMessages":[],"meta":{}}],"startTime":1762738815599,"endTime":1762738817001.3955,"status":"passed","message":"","name":"D:/TSProjects/HushOps.Servers.XiaoHongShu/tests/e2e/complete-workflow.e2e.test.ts"},{"assertionResults":[{"ancestorTitles":["错误恢复测试","网络错误重试"],"fullName":"错误恢复测试 网络错误重试 应该在网络错误后成功重试","status":"passed","title":"应该在网络错误后成功重试","duration":3021.936299999994,"failureMessages":[],"meta":{}},{"ancestorTitles":["错误恢复测试","网络错误重试"],"fullName":"错误恢复测试 网络错误重试 应该在 HTTP 5xx 错误后重试","status":"passed","title":"应该在 HTTP 5xx 错误后重试","duration":1010.4186000000045,"failureMessages":[],"meta":{}},{"ancestorTitles":["错误恢复测试","网络错误重试"],"fullName":"错误恢复测试 网络错误重试 应该在重试次数用尽后抛出 NetworkError","status":"passed","title":"应该在重试次数用尽后抛出 NetworkError","duration":3018.9344999999958,"failureMessages":[],"meta":{}},{"ancestorTitles":["错误恢复测试","网络错误重试"],"fullName":"错误恢复测试 网络错误重试 应该不重试 HTTP 4xx 错误","status":"passed","title":"应该不重试 HTTP 4xx 错误","duration":1.1797999999980675,"failureMessages":[],"meta":{}},{"ancestorTitles":["错误恢复测试","超时处理"],"fullName":"错误恢复测试 超时处理 应该在请求超时后重试","status":"passed","title":"应该在请求超时后重试","duration":1064.1645999999964,"failureMessages":[],"meta":{}},{"ancestorTitles":["错误恢复测试","响应格式错误"],"fullName":"错误恢复测试 响应格式错误 应该处理非 JSON 响应","status":"passed","title":"应该处理非 JSON 响应","duration":1014.0756000000038,"failureMessages":[],"meta":{}},{"ancestorTitles":["错误恢复测试","请求中断和重试"],"fullName":"错误恢复测试 请求中断和重试 应该支持 AbortController 中断请求","status":"passed","title":"应该支持 AbortController 中断请求","duration":1229.5987000000023,"failureMessages":[],"meta":{}},{"ancestorTitles":["错误恢复测试","并发请求错误处理"],"fullName":"错误恢复测试 并发请求错误处理 应该独立处理多个并发请求的错误","status":"passed","title":"应该独立处理多个并发请求的错误","duration":1009.7949999999983,"failureMessages":[],"meta":{}},{"ancestorTitles":["错误恢复测试","错误上下文信息"],"fullName":"错误恢复测试 错误上下文信息 应该在 NetworkError 中包含请求上下文","status":"passed","title":"应该在 NetworkError 中包含请求上下文","duration":1009.8160999999964,"failureMessages":[],"meta":{}},{"ancestorTitles":["错误恢复测试","错误上下文信息"],"fullName":"错误恢复测试 错误上下文信息 应该在错误中包含响应状态码","status":"passed","title":"应该在错误中包含响应状态码","duration":1008.0102000000043,"failureMessages":[],"meta":{}}],"startTime":1762738821439,"endTime":1762738834828.0103,"status":"passed","message":"","name":"D:/TSProjects/HushOps.Servers.XiaoHongShu/tests/integration/errorRecovery.test.ts"},{"assertionResults":[{"ancestorTitles":["noteActions __test helpers"],"fullName":"noteActions __test helpers isClickable: true when visible + box valid + style ok + hit ok","status":"passed","title":"isClickable: true when visible + box valid + style ok + hit ok","duration":0.9935000000114087,"failureMessages":[],"meta":{}},{"ancestorTitles":["noteActions __test helpers"],"fullName":"noteActions __test helpers isClickable: false when style not ok","status":"passed","title":"isClickable: false when style not ok","duration":0.6651999999885447,"failureMessages":[],"meta":{}},{"ancestorTitles":["noteActions __test helpers"],"fullName":"noteActions __test helpers isClickable: false when hit test fails","status":"passed","title":"isClickable: false when hit test fails","duration":0.3745000000053551,"failureMessages":[],"meta":{}},{"ancestorTitles":["noteActions __test helpers"],"fullName":"noteActions __test helpers clickHumanScoped: hover+soft-wait then click when initially not clickable","status":"passed","title":"clickHumanScoped: hover+soft-wait then click when initially not clickable","duration":0.8511999999755062,"failureMessages":[],"meta":{}}],"startTime":1762738917061,"endTime":1762738917063.8513,"status":"passed","message":"","name":"D:/TSProjects/HushOps.Servers.XiaoHongShu/tests/unit/noteActions.mock.test.ts"},{"assertionResults":[{"ancestorTitles":["plans"],"fullName":"plans scroll plan length matches segments and includes pauses","status":"passed","title":"scroll plan length matches segments and includes pauses","duration":0.23360000000684522,"failureMessages":[],"meta":{}},{"ancestorTitles":["plans"],"fullName":"plans mouse plan appends micro tremor by default","status":"passed","title":"mouse plan appends micro tremor by default","duration":0.4308000000019092,"failureMessages":[],"meta":{}}],"startTime":1762738946289,"endTime":1762738946289.431,"status":"passed","message":"","name":"D:/TSProjects/HushOps.Servers.XiaoHongShu/tests/unit/plans.test.ts"},{"assertionResults":[{"ancestorTitles":["scroll metrics computeRetention"],"fullName":"scroll metrics computeRetention computes retention as shared / prev","status":"passed","title":"computes retention as shared / prev","duration":0.2467000000178814,"failureMessages":[],"meta":{}},{"ancestorTitles":["scroll metrics computeRetention"],"fullName":"scroll metrics computeRetention falls back to text hash when id missing","status":"passed","title":"falls back to text hash when id missing","duration":0.2552000000141561,"failureMessages":[],"meta":{}}],"startTime":1762738946248,"endTime":1762738946249.2551,"status":"passed","message":"","name":"D:/TSProjects/HushOps.Servers.XiaoHongShu/tests/unit/scroll-metrics.test.ts"},{"assertionResults":[{"ancestorTitles":["xhs scroll step compute"],"fullName":"xhs scroll step compute uses ratio of viewport with caps","status":"passed","title":"uses ratio of viewport with caps","duration":0.2385000000067521,"failureMessages":[],"meta":{}},{"ancestorTitles":["xhs scroll step compute"],"fullName":"xhs scroll step compute prefers explicit opts.scrollStep when provided","status":"passed","title":"prefers explicit opts.scrollStep when provided","duration":0.11040000000502914,"failureMessages":[],"meta":{}}],"startTime":1762738947080,"endTime":1762738947080.2385,"status":"passed","message":"","name":"D:/TSProjects/HushOps.Servers.XiaoHongShu/tests/unit/scroll-step.test.ts"},{"assertionResults":[{"ancestorTitles":["resource templates"],"fullName":"resource templates reads artifacts index via resource URI","status":"passed","title":"reads artifacts index via resource URI","duration":0.1792999999888707,"failureMessages":[],"meta":{}}],"startTime":1762738924064,"endTime":1762738924064.1792,"status":"passed","message":"","name":"D:/TSProjects/HushOps.Servers.XiaoHongShu/tests/mcp/resources.templates.test.ts"},{"assertionResults":[{"ancestorTitles":["resources tools"],"fullName":"resources tools lists artifacts under dirId","status":"passed","title":"lists artifacts under dirId","duration":0.27280000000610016,"failureMessages":[],"meta":{}},{"ancestorTitles":["resources tools"],"fullName":"resources tools reads artifact as text","status":"passed","title":"reads artifact as text","duration":0.1934999999939464,"failureMessages":[],"meta":{}}],"startTime":1762738923653,"endTime":1762738923654.1936,"status":"passed","message":"","name":"D:/TSProjects/HushOps.Servers.XiaoHongShu/tests/mcp/resources.test.ts"},{"assertionResults":[{"ancestorTitles":["mcp server tools"],"fullName":"mcp server tools server_ping returns ok","status":"passed","title":"server_ping returns ok","duration":0.1581999999762047,"failureMessages":[],"meta":{}}],"startTime":1762738944343,"endTime":1762738944343.1582,"status":"passed","message":"","name":"D:/TSProjects/HushOps.Servers.XiaoHongShu/tests/mcp/server.tools.test.ts"},{"assertionResults":[{"ancestorTitles":["page.snapshot (optional, requires Roxy)"],"fullName":"page.snapshot (optional, requires Roxy) returns a11y summary","status":"passed","title":"returns a11y summary","duration":0.3361999999906402,"failureMessages":[],"meta":{}}],"startTime":1762738944263,"endTime":1762738944263.3362,"status":"passed","message":"","name":"D:/TSProjects/HushOps.Servers.XiaoHongShu/tests/mcp/snapshot.optional.test.ts"},{"assertionResults":[{"ancestorTitles":["mcp stdout guard"],"fullName":"mcp stdout guard connect succeeds with MCP_LOG_STDERR=true","status":"passed","title":"connect succeeds with MCP_LOG_STDERR=true","duration":0.1635999999998603,"failureMessages":[],"meta":{}}],"startTime":1762738944325,"endTime":1762738944325.1636,"status":"passed","message":"","name":"D:/TSProjects/HushOps.Servers.XiaoHongShu/tests/mcp/stdout.guard.test.ts"},{"assertionResults":[{"ancestorTitles":["mcp tools list (official names)"],"fullName":"mcp tools list (official names) includes official tool names","status":"passed","title":"includes official tool names","duration":0.35090000001946464,"failureMessages":[],"meta":{}}],"startTime":1762738923863,"endTime":1762738923863.3508,"status":"passed","message":"","name":"D:/TSProjects/HushOps.Servers.XiaoHongShu/tests/mcp/tools.names.test.ts"},{"assertionResults":[{"ancestorTitles":["BrowserError 错误路径测试","错误创建和序列化"],"fullName":"BrowserError 错误路径测试 错误创建和序列化 应该正确创建浏览器错误","status":"passed","title":"应该正确创建浏览器错误","duration":0.3076999999975669,"failureMessages":[],"meta":{}},{"ancestorTitles":["BrowserError 错误路径测试","错误创建和序列化"],"fullName":"BrowserError 错误路径测试 错误创建和序列化 应该正确序列化为 JSON","status":"passed","title":"应该正确序列化为 JSON","duration":1.5411999999996624,"failureMessages":[],"meta":{}},{"ancestorTitles":["BrowserError 错误路径测试","浏览器操作错误"],"fullName":"BrowserError 错误路径测试 浏览器操作错误 应该处理元素定位失败","status":"passed","title":"应该处理元素定位失败","duration":0.14259999999922002,"failureMessages":[],"meta":{}},{"ancestorTitles":["BrowserError 错误路径测试","浏览器操作错误"],"fullName":"BrowserError 错误路径测试 浏览器操作错误 应该处理页面导航超时","status":"passed","title":"应该处理页面导航超时","duration":0.13130000000091968,"failureMessages":[],"meta":{}},{"ancestorTitles":["BrowserError 错误路径测试","浏览器操作错误"],"fullName":"BrowserError 错误路径测试 浏览器操作错误 应该处理元素不可见","status":"passed","title":"应该处理元素不可见","duration":0.0900000000037835,"failureMessages":[],"meta":{}},{"ancestorTitles":["BrowserError 错误路径测试","浏览器操作错误"],"fullName":"BrowserError 错误路径测试 浏览器操作错误 应该处理元素不可交互","status":"passed","title":"应该处理元素不可交互","duration":0.1254999999946449,"failureMessages":[],"meta":{}},{"ancestorTitles":["BrowserError 错误路径测试","页面操作错误"],"fullName":"BrowserError 错误路径测试 页面操作错误 应该处理页面加载失败","status":"passed","title":"应该处理页面加载失败","duration":0.0951000000059139,"failureMessages":[],"meta":{}},{"ancestorTitles":["BrowserError 错误路径测试","页面操作错误"],"fullName":"BrowserError 错误路径测试 页面操作错误 应该处理截图失败","status":"passed","title":"应该处理截图失败","duration":0.10459999999875436,"failureMessages":[],"meta":{}},{"ancestorTitles":["BrowserError 错误路径测试","页面操作错误"],"fullName":"BrowserError 错误路径测试 页面操作错误 应该处理脚本执行失败","status":"passed","title":"应该处理脚本执行失败","duration":0.10129999999480788,"failureMessages":[],"meta":{}},{"ancestorTitles":["BrowserError 错误路径测试","页面操作错误"],"fullName":"BrowserError 错误路径测试 页面操作错误 应该处理文件上传失败","status":"passed","title":"应该处理文件上传失败","duration":0.12739999999757856,"failureMessages":[],"meta":{}},{"ancestorTitles":["BrowserError 错误路径测试","浏览器上下文错误"],"fullName":"BrowserError 错误路径测试 浏览器上下文错误 应该处理上下文关闭错误","status":"passed","title":"应该处理上下文关闭错误","duration":0.0944999999992433,"failureMessages":[],"meta":{}},{"ancestorTitles":["BrowserError 错误路径测试","浏览器上下文错误"],"fullName":"BrowserError 错误路径测试 浏览器上下文错误 应该处理浏览器断开连接","status":"passed","title":"应该处理浏览器断开连接","duration":0.12049999999726424,"failureMessages":[],"meta":{}},{"ancestorTitles":["BrowserError 错误路径测试","浏览器上下文错误"],"fullName":"BrowserError 错误路径测试 浏览器上下文错误 应该处理 CDP 连接失败","status":"passed","title":"应该处理 CDP 连接失败","duration":0.10609999999724096,"failureMessages":[],"meta":{}},{"ancestorTitles":["BrowserError 错误路径测试","复杂场景错误"],"fullName":"BrowserError 错误路径测试 复杂场景错误 应该处理多帧操作错误","status":"passed","title":"应该处理多帧操作错误","duration":0.10360000000218861,"failureMessages":[],"meta":{}},{"ancestorTitles":["BrowserError 错误路径测试","复杂场景错误"],"fullName":"BrowserError 错误路径测试 复杂场景错误 应该处理弹窗操作错误","status":"passed","title":"应该处理弹窗操作错误","duration":0.3496999999988475,"failureMessages":[],"meta":{}},{"ancestorTitles":["BrowserError 错误路径测试","复杂场景错误"],"fullName":"BrowserError 错误路径测试 复杂场景错误 应该处理键盘操作错误","status":"passed","title":"应该处理键盘操作错误","duration":0.18869999999878928,"failureMessages":[],"meta":{}},{"ancestorTitles":["BrowserError 错误路径测试","复杂场景错误"],"fullName":"BrowserError 错误路径测试 复杂场景错误 应该处理鼠标操作错误","status":"passed","title":"应该处理鼠标操作错误","duration":0.18849999999656575,"failureMessages":[],"meta":{}},{"ancestorTitles":["BrowserError 错误路径测试","错误上下文信息"],"fullName":"BrowserError 错误路径测试 错误上下文信息 应该包含 dirId 信息","status":"passed","title":"应该包含 dirId 信息","duration":0.10710000000108266,"failureMessages":[],"meta":{}},{"ancestorTitles":["BrowserError 错误路径测试","错误上下文信息"],"fullName":"BrowserError 错误路径测试 错误上下文信息 应该支持空上下文","status":"passed","title":"应该支持空上下文","duration":0.2168999999994412,"failureMessages":[],"meta":{}},{"ancestorTitles":["BrowserError 错误路径测试","错误上下文信息"],"fullName":"BrowserError 错误路径测试 错误上下文信息 应该支持丰富的上下文信息","status":"passed","title":"应该支持丰富的上下文信息","duration":0.33989999999903375,"failureMessages":[],"meta":{}},{"ancestorTitles":["BrowserError 错误路径测试","错误类型判断"],"fullName":"BrowserError 错误路径测试 错误类型判断 应该正确识别为可重试错误","status":"passed","title":"应该正确识别为可重试错误","duration":0.21310000000084983,"failureMessages":[],"meta":{}},{"ancestorTitles":["BrowserError 错误路径测试","错误类型判断"],"fullName":"BrowserError 错误路径测试 错误类型判断 应该与其他错误类型区分","status":"passed","title":"应该与其他错误类型区分","duration":0.30569999999715947,"failureMessages":[],"meta":{}},{"ancestorTitles":["BrowserError 错误路径测试","错误传播"],"fullName":"BrowserError 错误路径测试 错误传播 应该支持 try-catch 捕获","status":"passed","title":"应该支持 try-catch 捕获","duration":0.22129999999742722,"failureMessages":[],"meta":{}},{"ancestorTitles":["BrowserError 错误路径测试","错误传播"],"fullName":"BrowserError 错误路径测试 错误传播 应该支持 async 错误捕获","status":"passed","title":"应该支持 async 错误捕获","duration":0.2903999999980442,"failureMessages":[],"meta":{}},{"ancestorTitles":["BrowserError 错误路径测试","边界条件"],"fullName":"BrowserError 错误路径测试 边界条件 应该处理空字符串消息","status":"passed","title":"应该处理空字符串消息","duration":0.11660000000119908,"failureMessages":[],"meta":{}},{"ancestorTitles":["BrowserError 错误路径测试","边界条件"],"fullName":"BrowserError 错误路径测试 边界条件 应该处理超长选择器","status":"passed","title":"应该处理超长选择器","duration":0.1088000000017928,"failureMessages":[],"meta":{}},{"ancestorTitles":["BrowserError 错误路径测试","边界条件"],"fullName":"BrowserError 错误路径测试 边界条件 应该处理特殊字符","status":"passed","title":"应该处理特殊字符","duration":0.1290000000008149,"failureMessages":[],"meta":{}},{"ancestorTitles":["BrowserError 错误路径测试","边界条件"],"fullName":"BrowserError 错误路径测试 边界条件 应该处理循环引用的上下文","status":"passed","title":"应该处理循环引用的上下文","duration":0.32129999999597203,"failureMessages":[],"meta":{}}],"startTime":1762738815493,"endTime":1762738815499.3213,"status":"passed","message":"","name":"D:/TSProjects/HushOps.Servers.XiaoHongShu/tests/unit/errors/browserError.test.ts"},{"assertionResults":[{"ancestorTitles":["熔断器错误路径测试","熔断触发"],"fullName":"熔断器错误路径测试 熔断触发 应该在连续失败达到阈值后触发熔断","status":"passed","title":"应该在连续失败达到阈值后触发熔断","duration":1.1303999999945518,"failureMessages":[],"meta":{}},{"ancestorTitles":["熔断器错误路径测试","熔断触发"],"fullName":"熔断器错误路径测试 熔断触发 应该记录熔断状态","status":"passed","title":"应该记录熔断状态","duration":0.35570000000006985,"failureMessages":[],"meta":{}},{"ancestorTitles":["熔断器错误路径测试","熔断触发"],"fullName":"熔断器错误路径测试 熔断触发 应该不同 key 独立熔断","status":"passed","title":"应该不同 key 独立熔断","duration":0.5815999999977066,"failureMessages":[],"meta":{}},{"ancestorTitles":["熔断器错误路径测试","熔断恢复"],"fullName":"熔断器错误路径测试 熔断恢复 应该在熔断时长后进入半开状态","status":"passed","title":"应该在熔断时长后进入半开状态","duration":165.05709999999817,"failureMessages":[],"meta":{}},{"ancestorTitles":["熔断器错误路径测试","熔断恢复"],"fullName":"熔断器错误路径测试 熔断恢复 应该在半开状态成功后关闭熔断器","status":"passed","title":"应该在半开状态成功后关闭熔断器","duration":109.17919999999867,"failureMessages":[],"meta":{}},{"ancestorTitles":["熔断器错误路径测试","熔断恢复"],"fullName":"熔断器错误路径测试 熔断恢复 应该在半开状态失败后重新熔断","status":"passed","title":"应该在半开状态失败后重新熔断","duration":109.04069999999774,"failureMessages":[],"meta":{}},{"ancestorTitles":["熔断器错误路径测试","QPS 限流"],"fullName":"熔断器错误路径测试 QPS 限流 应该限制每秒请求数","status":"passed","title":"应该限制每秒请求数","duration":1540.6748000000007,"failureMessages":[],"meta":{}},{"ancestorTitles":["熔断器错误路径测试","QPS 限流"],"fullName":"熔断器错误路径测试 QPS 限流 应该在下一秒重置 QPS 配额","status":"passed","title":"应该在下一秒重置 QPS 配额","duration":1103.7134000000005,"failureMessages":[],"meta":{}},{"ancestorTitles":["熔断器错误路径测试","失败计数管理"],"fullName":"熔断器错误路径测试 失败计数管理 应该正确累积失败次数","status":"passed","title":"应该正确累积失败次数","duration":0.404499999996915,"failureMessages":[],"meta":{}},{"ancestorTitles":["熔断器错误路径测试","失败计数管理"],"fullName":"熔断器错误路径测试 失败计数管理 应该在成功后重置失败计数","status":"passed","title":"应该在成功后重置失败计数","duration":0.2338000000017928,"failureMessages":[],"meta":{}},{"ancestorTitles":["熔断器错误路径测试","失败计数管理"],"fullName":"熔断器错误路径测试 失败计数管理 应该在未达到阈值时不触发熔断","status":"passed","title":"应该在未达到阈值时不触发熔断","duration":0.2611999999935506,"failureMessages":[],"meta":{}},{"ancestorTitles":["熔断器错误路径测试","熔断器边界条件"],"fullName":"熔断器错误路径测试 熔断器边界条件 应该处理零阈值配置","status":"passed","title":"应该处理零阈值配置","duration":1008.5020000000004,"failureMessages":[],"meta":{}},{"ancestorTitles":["熔断器错误路径测试","熔断器边界条件"],"fullName":"熔断器错误路径测试 熔断器边界条件 应该处理超大阈值配置","status":"passed","title":"应该处理超大阈值配置","duration":112.16449999999895,"failureMessages":[],"meta":{}},{"ancestorTitles":["熔断器错误路径测试","熔断器边界条件"],"fullName":"熔断器错误路径测试 熔断器边界条件 应该处理零 QPS 配置","status":"passed","title":"应该处理零 QPS 配置","duration":0.9426999999996042,"failureMessages":[],"meta":{}},{"ancestorTitles":["熔断器错误路径测试","熔断器边界条件"],"fullName":"熔断器错误路径测试 熔断器边界条件 应该处理超短熔断时长","status":"passed","title":"应该处理超短熔断时长","duration":14.012799999996787,"failureMessages":[],"meta":{}},{"ancestorTitles":["熔断器错误路径测试","并发场景"],"fullName":"熔断器错误路径测试 并发场景 应该正确处理并发请求","status":"passed","title":"应该正确处理并发请求","duration":16.049200000001292,"failureMessages":[],"meta":{}},{"ancestorTitles":["熔断器错误路径测试","并发场景"],"fullName":"熔断器错误路径测试 并发场景 应该隔离不同 key 的并发请求","status":"passed","title":"应该隔离不同 key 的并发请求","duration":0.5712000000057742,"failureMessages":[],"meta":{}}],"startTime":1762738811285,"endTime":1762738815468.5713,"status":"passed","message":"","name":"D:/TSProjects/HushOps.Servers.XiaoHongShu/tests/unit/errors/circuitBreaker.test.ts"},{"assertionResults":[{"ancestorTitles":["NetworkError 错误路径测试","错误创建和序列化"],"fullName":"NetworkError 错误路径测试 错误创建和序列化 应该正确创建网络错误","status":"passed","title":"应该正确创建网络错误","duration":0.3819999999977881,"failureMessages":[],"meta":{}},{"ancestorTitles":["NetworkError 错误路径测试","错误创建和序列化"],"fullName":"NetworkError 错误路径测试 错误创建和序列化 应该正确序列化为 JSON","status":"passed","title":"应该正确序列化为 JSON","duration":0.7366000000038184,"failureMessages":[],"meta":{}},{"ancestorTitles":["NetworkError 错误路径测试","错误创建和序列化"],"fullName":"NetworkError 错误路径测试 错误创建和序列化 应该包含错误堆栈跟踪","status":"passed","title":"应该包含错误堆栈跟踪","duration":0.2168999999994412,"failureMessages":[],"meta":{}},{"ancestorTitles":["NetworkError 错误路径测试","错误上下文信息"],"fullName":"NetworkError 错误路径测试 错误上下文信息 应该支持空上下文","status":"passed","title":"应该支持空上下文","duration":0.2694999999948777,"failureMessages":[],"meta":{}},{"ancestorTitles":["NetworkError 错误路径测试","错误上下文信息"],"fullName":"NetworkError 错误路径测试 错误上下文信息 应该支持丰富的上下文信息","status":"passed","title":"应该支持丰富的上下文信息","duration":0.16870000000926666,"failureMessages":[],"meta":{}},{"ancestorTitles":["NetworkError 错误路径测试","错误上下文信息"],"fullName":"NetworkError 错误路径测试 错误上下文信息 应该支持嵌套错误上下文","status":"passed","title":"应该支持嵌套错误上下文","duration":0.19589999999152496,"failureMessages":[],"meta":{}},{"ancestorTitles":["NetworkError 错误路径测试","错误类型判断"],"fullName":"NetworkError 错误路径测试 错误类型判断 应该正确识别为可重试错误","status":"passed","title":"应该正确识别为可重试错误","duration":0.11349999999220017,"failureMessages":[],"meta":{}},{"ancestorTitles":["NetworkError 错误路径测试","错误类型判断"],"fullName":"NetworkError 错误路径测试 错误类型判断 应该与其他错误类型区分","status":"passed","title":"应该与其他错误类型区分","duration":0.12610000000859145,"failureMessages":[],"meta":{}},{"ancestorTitles":["NetworkError 错误路径测试","错误消息格式化"],"fullName":"NetworkError 错误路径测试 错误消息格式化 应该支持模板化错误消息","status":"passed","title":"应该支持模板化错误消息","duration":0.10369999999238644,"failureMessages":[],"meta":{}},{"ancestorTitles":["NetworkError 错误路径测试","错误消息格式化"],"fullName":"NetworkError 错误路径测试 错误消息格式化 应该保持错误消息的原始格式","status":"passed","title":"应该保持错误消息的原始格式","duration":0.09919999999692664,"failureMessages":[],"meta":{}},{"ancestorTitles":["NetworkError 错误路径测试","错误传播"],"fullName":"NetworkError 错误路径测试 错误传播 应该支持 try-catch 捕获","status":"passed","title":"应该支持 try-catch 捕获","duration":0.18979999999282882,"failureMessages":[],"meta":{}},{"ancestorTitles":["NetworkError 错误路径测试","错误传播"],"fullName":"NetworkError 错误路径测试 错误传播 应该支持 async 错误捕获","status":"passed","title":"应该支持 async 错误捕获","duration":0.2501999999949476,"failureMessages":[],"meta":{}},{"ancestorTitles":["NetworkError 错误路径测试","错误恢复策略"],"fullName":"NetworkError 错误路径测试 错误恢复策略 应该提供重试建议","status":"passed","title":"应该提供重试建议","duration":0.12940000000526197,"failureMessages":[],"meta":{}},{"ancestorTitles":["NetworkError 错误路径测试","错误恢复策略"],"fullName":"NetworkError 错误路径测试 错误恢复策略 应该区分临时错误和永久错误","status":"passed","title":"应该区分临时错误和永久错误","duration":0.11209999999846332,"failureMessages":[],"meta":{}},{"ancestorTitles":["NetworkError 错误路径测试","边界条件"],"fullName":"NetworkError 错误路径测试 边界条件 应该处理空字符串消息","status":"passed","title":"应该处理空字符串消息","duration":0.10180000000400469,"failureMessages":[],"meta":{}},{"ancestorTitles":["NetworkError 错误路径测试","边界条件"],"fullName":"NetworkError 错误路径测试 边界条件 应该处理超长错误消息","status":"passed","title":"应该处理超长错误消息","duration":0.10069999999541324,"failureMessages":[],"meta":{}},{"ancestorTitles":["NetworkError 错误路径测试","边界条件"],"fullName":"NetworkError 错误路径测试 边界条件 应该处理特殊字符","status":"passed","title":"应该处理特殊字符","duration":0.19059999998717103,"failureMessages":[],"meta":{}},{"ancestorTitles":["NetworkError 错误路径测试","边界条件"],"fullName":"NetworkError 错误路径测试 边界条件 应该处理循环引用的上下文（序列化安全）","status":"passed","title":"应该处理循环引用的上下文（序列化安全）","duration":0.2452999999950407,"failureMessages":[],"meta":{}}],"startTime":1762738876155,"endTime":1762738876160.2454,"status":"passed","message":"","name":"D:/TSProjects/HushOps.Servers.XiaoHongShu/tests/unit/errors/networkError.test.ts"},{"assertionResults":[{"ancestorTitles":["ValidationError 错误路径测试","错误创建和序列化"],"fullName":"ValidationError 错误路径测试 错误创建和序列化 应该正确创建验证错误","status":"passed","title":"应该正确创建验证错误","duration":0.30670000000100117,"failureMessages":[],"meta":{}},{"ancestorTitles":["ValidationError 错误路径测试","错误创建和序列化"],"fullName":"ValidationError 错误路径测试 错误创建和序列化 应该正确序列化为 JSON","status":"passed","title":"应该正确序列化为 JSON","duration":0.8387000000002445,"failureMessages":[],"meta":{}},{"ancestorTitles":["ValidationError 错误路径测试","错误创建和序列化"],"fullName":"ValidationError 错误路径测试 错误创建和序列化 应该包含错误堆栈跟踪","status":"passed","title":"应该包含错误堆栈跟踪","duration":0.23430000000371365,"failureMessages":[],"meta":{}},{"ancestorTitles":["ValidationError 错误路径测试","字段验证"],"fullName":"ValidationError 错误路径测试 字段验证 应该验证字符串长度","status":"passed","title":"应该验证字符串长度","duration":0.1569000000017695,"failureMessages":[],"meta":{}},{"ancestorTitles":["ValidationError 错误路径测试","字段验证"],"fullName":"ValidationError 错误路径测试 字段验证 应该验证数值范围","status":"passed","title":"应该验证数值范围","duration":0.12700000000040745,"failureMessages":[],"meta":{}},{"ancestorTitles":["ValidationError 错误路径测试","字段验证"],"fullName":"ValidationError 错误路径测试 字段验证 应该验证枚举值","status":"passed","title":"应该验证枚举值","duration":0.11789999999746215,"failureMessages":[],"meta":{}},{"ancestorTitles":["ValidationError 错误路径测试","字段验证"],"fullName":"ValidationError 错误路径测试 字段验证 应该验证必填字段","status":"passed","title":"应该验证必填字段","duration":0.12890000000334112,"failureMessages":[],"meta":{}},{"ancestorTitles":["ValidationError 错误路径测试","类型验证"],"fullName":"ValidationError 错误路径测试 类型验证 应该验证数据类型","status":"passed","title":"应该验证数据类型","duration":0.1055999999953201,"failureMessages":[],"meta":{}},{"ancestorTitles":["ValidationError 错误路径测试","类型验证"],"fullName":"ValidationError 错误路径测试 类型验证 应该验证对象结构","status":"passed","title":"应该验证对象结构","duration":0.12159999999857973,"failureMessages":[],"meta":{}},{"ancestorTitles":["ValidationError 错误路径测试","类型验证"],"fullName":"ValidationError 错误路径测试 类型验证 应该验证数组类型","status":"passed","title":"应该验证数组类型","duration":0.11670000000594882,"failureMessages":[],"meta":{}},{"ancestorTitles":["ValidationError 错误路径测试","格式验证"],"fullName":"ValidationError 错误路径测试 格式验证 应该验证 Email 格式","status":"passed","title":"应该验证 Email 格式","duration":0.09769999999844003,"failureMessages":[],"meta":{}},{"ancestorTitles":["ValidationError 错误路径测试","格式验证"],"fullName":"ValidationError 错误路径测试 格式验证 应该验证 URL 格式","status":"passed","title":"应该验证 URL 格式","duration":0.07519999999931315,"failureMessages":[],"meta":{}},{"ancestorTitles":["ValidationError 错误路径测试","格式验证"],"fullName":"ValidationError 错误路径测试 格式验证 应该验证日期格式","status":"passed","title":"应该验证日期格式","duration":0.08290000000124564,"failureMessages":[],"meta":{}},{"ancestorTitles":["ValidationError 错误路径测试","复杂验证场景"],"fullName":"ValidationError 错误路径测试 复杂验证场景 应该验证多个字段错误","status":"passed","title":"应该验证多个字段错误","duration":0.2129999999961001,"failureMessages":[],"meta":{}},{"ancestorTitles":["ValidationError 错误路径测试","复杂验证场景"],"fullName":"ValidationError 错误路径测试 复杂验证场景 应该验证嵌套字段","status":"passed","title":"应该验证嵌套字段","duration":0.11910000000352738,"failureMessages":[],"meta":{}},{"ancestorTitles":["ValidationError 错误路径测试","复杂验证场景"],"fullName":"ValidationError 错误路径测试 复杂验证场景 应该验证条件验证","status":"passed","title":"应该验证条件验证","duration":0.09640000000217697,"failureMessages":[],"meta":{}},{"ancestorTitles":["ValidationError 错误路径测试","错误消息本地化"],"fullName":"ValidationError 错误路径测试 错误消息本地化 应该支持中文错误消息","status":"passed","title":"应该支持中文错误消息","duration":0.09059999999590218,"failureMessages":[],"meta":{}},{"ancestorTitles":["ValidationError 错误路径测试","错误消息本地化"],"fullName":"ValidationError 错误路径测试 错误消息本地化 应该支持错误消息模板","status":"passed","title":"应该支持错误消息模板","duration":0.0959999999977299,"failureMessages":[],"meta":{}},{"ancestorTitles":["ValidationError 错误路径测试","错误类型判断"],"fullName":"ValidationError 错误路径测试 错误类型判断 应该正确识别为不可重试错误","status":"passed","title":"应该正确识别为不可重试错误","duration":0.07920000000012806,"failureMessages":[],"meta":{}},{"ancestorTitles":["ValidationError 错误路径测试","错误类型判断"],"fullName":"ValidationError 错误路径测试 错误类型判断 应该与其他错误类型区分","status":"passed","title":"应该与其他错误类型区分","duration":0.11909999999625143,"failureMessages":[],"meta":{}},{"ancestorTitles":["ValidationError 错误路径测试","边界条件"],"fullName":"ValidationError 错误路径测试 边界条件 应该处理空上下文","status":"passed","title":"应该处理空上下文","duration":0.08159999999770662,"failureMessages":[],"meta":{}},{"ancestorTitles":["ValidationError 错误路径测试","边界条件"],"fullName":"ValidationError 错误路径测试 边界条件 应该处理 undefined 和 null 值","status":"passed","title":"应该处理 undefined 和 null 值","duration":0.11770000000251457,"failureMessages":[],"meta":{}},{"ancestorTitles":["ValidationError 错误路径测试","边界条件"],"fullName":"ValidationError 错误路径测试 边界条件 应该处理特殊值类型","status":"passed","title":"应该处理特殊值类型","duration":0.21679999999469146,"failureMessages":[],"meta":{}},{"ancestorTitles":["ValidationError 错误路径测试","边界条件"],"fullName":"ValidationError 错误路径测试 边界条件 应该处理循环引用","status":"passed","title":"应该处理循环引用","duration":0.23030000000289874,"failureMessages":[],"meta":{}},{"ancestorTitles":["ValidationError 错误路径测试","错误传播"],"fullName":"ValidationError 错误路径测试 错误传播 应该支持 try-catch 捕获","status":"passed","title":"应该支持 try-catch 捕获","duration":0.17970000000059372,"failureMessages":[],"meta":{}},{"ancestorTitles":["ValidationError 错误路径测试","错误传播"],"fullName":"ValidationError 错误路径测试 错误传播 应该支持 async 错误捕获","status":"passed","title":"应该支持 async 错误捕获","duration":0.25729999999748543,"failureMessages":[],"meta":{}}],"startTime":1762738817060,"endTime":1762738817064.2573,"status":"passed","message":"","name":"D:/TSProjects/HushOps.Servers.XiaoHongShu/tests/unit/errors/validationError.test.ts"},{"assertionResults":[{"ancestorTitles":["RoxyClient API 集成测试"],"fullName":"RoxyClient API 集成测试 应该通过健康检查","status":"passed","title":"应该通过健康检查","duration":1.9431000000040513,"failureMessages":[],"meta":{}},{"ancestorTitles":["RoxyClient API 集成测试"],"fullName":"RoxyClient API 集成测试 应该能查询工作区列表","status":"passed","title":"应该能查询工作区列表","duration":166.04000000000815,"failureMessages":[],"meta":{}},{"ancestorTitles":["RoxyClient API 集成测试"],"fullName":"RoxyClient API 集成测试 应该能查询窗口列表","status":"passed","title":"应该能查询窗口列表","duration":433.29329999999027,"failureMessages":[],"meta":{}}],"startTime":1762738908923,"endTime":1762738909524.2932,"status":"passed","message":"","name":"D:/TSProjects/HushOps.Servers.XiaoHongShu/tests/integration/roxy/api.test.ts"},{"assertionResults":[{"ancestorTitles":["CDP 连接集成测试"],"fullName":"CDP 连接集成测试 应该能通过 CDP 连接到 RoxyBrowser","status":"passed","title":"应该能通过 CDP 连接到 RoxyBrowser","duration":16617.151100000003,"failureMessages":[],"meta":{}},{"ancestorTitles":["CDP 连接集成测试"],"fullName":"CDP 连接集成测试 应该能在同一个 Context 中打开多个 Page","status":"passed","title":"应该能在同一个 Context 中打开多个 Page","duration":16484.612900000007,"failureMessages":[],"meta":{}}],"startTime":1762738843005,"endTime":1762738876106.6128,"status":"passed","message":"","name":"D:/TSProjects/HushOps.Servers.XiaoHongShu/tests/integration/roxy/cdp.test.ts"},{"assertionResults":[{"ancestorTitles":["数据隔离验证测试"],"fullName":"数据隔离验证测试 应该验证多账号 Cookies 完全隔离","status":"failed","title":"应该验证多账号 Cookies 完全隔离","duration":16740.9973,"failureMessages":["AssertionError: expected 'account_3' to be 'account_1' // Object.is equality\n    at D:\\TSProjects\\HushOps.Servers.XiaoHongShu\\tests\\integration\\roxy\\isolation.test.ts:150:46\n    at runNextTicks (node:internal/process/task_queues:65:5)\n    at processImmediate (node:internal/timers:453:9)\n    at process.callbackTrampoline (node:internal/async_hooks:130:17)\n    at file:///D:/TSProjects/HushOps.Servers.XiaoHongShu/node_modules/@vitest/runner/dist/index.js:533:5\n    at runTest (file:///D:/TSProjects/HushOps.Servers.XiaoHongShu/node_modules/@vitest/runner/dist/index.js:1056:11)\n    at runSuite (file:///D:/TSProjects/HushOps.Servers.XiaoHongShu/node_modules/@vitest/runner/dist/index.js:1205:15)\n    at runSuite (file:///D:/TSProjects/HushOps.Servers.XiaoHongShu/node_modules/@vitest/runner/dist/index.js:1205:15)\n    at runFiles (file:///D:/TSProjects/HushOps.Servers.XiaoHongShu/node_modules/@vitest/runner/dist/index.js:1262:5)\n    at startTests (file:///D:/TSProjects/HushOps.Servers.XiaoHongShu/node_modules/@vitest/runner/dist/index.js:1271:3)"],"meta":{}},{"ancestorTitles":["数据隔离验证测试"],"fullName":"数据隔离验证测试 应该验证多账号 LocalStorage 完全隔离","status":"failed","title":"应该验证多账号 LocalStorage 完全隔离","duration":342.104800000001,"failureMessages":["AssertionError: expected 'account_3' to be 'account_1' // Object.is equality\n    at D:\\TSProjects\\HushOps.Servers.XiaoHongShu\\tests\\integration\\roxy\\isolation.test.ts:214:34\n    at file:///D:/TSProjects/HushOps.Servers.XiaoHongShu/node_modules/@vitest/runner/dist/index.js:533:5\n    at runTest (file:///D:/TSProjects/HushOps.Servers.XiaoHongShu/node_modules/@vitest/runner/dist/index.js:1056:11)\n    at runSuite (file:///D:/TSProjects/HushOps.Servers.XiaoHongShu/node_modules/@vitest/runner/dist/index.js:1205:15)\n    at runSuite (file:///D:/TSProjects/HushOps.Servers.XiaoHongShu/node_modules/@vitest/runner/dist/index.js:1205:15)\n    at runFiles (file:///D:/TSProjects/HushOps.Servers.XiaoHongShu/node_modules/@vitest/runner/dist/index.js:1262:5)\n    at startTests (file:///D:/TSProjects/HushOps.Servers.XiaoHongShu/node_modules/@vitest/runner/dist/index.js:1271:3)\n    at file:///D:/TSProjects/HushOps.Servers.XiaoHongShu/node_modules/vitest/dist/chunks/runBaseTests.3qpJUEJM.js:126:11\n    at withEnv (file:///D:/TSProjects/HushOps.Servers.XiaoHongShu/node_modules/vitest/dist/chunks/runBaseTests.3qpJUEJM.js:90:5)\n    at run (file:///D:/TSProjects/HushOps.Servers.XiaoHongShu/node_modules/vitest/dist/chunks/runBaseTests.3qpJUEJM.js:112:3)"],"meta":{}},{"ancestorTitles":["数据隔离验证测试"],"fullName":"数据隔离验证测试 应该验证多账号 SessionStorage 完全隔离","status":"failed","title":"应该验证多账号 SessionStorage 完全隔离","duration":341.52230000000054,"failureMessages":["AssertionError: expected null to be 'session_1' // Object.is equality\n    at D:\\TSProjects\\HushOps.Servers.XiaoHongShu\\tests\\integration\\roxy\\isolation.test.ts:269:34\n    at file:///D:/TSProjects/HushOps.Servers.XiaoHongShu/node_modules/@vitest/runner/dist/index.js:533:5\n    at runTest (file:///D:/TSProjects/HushOps.Servers.XiaoHongShu/node_modules/@vitest/runner/dist/index.js:1056:11)\n    at runSuite (file:///D:/TSProjects/HushOps.Servers.XiaoHongShu/node_modules/@vitest/runner/dist/index.js:1205:15)\n    at runSuite (file:///D:/TSProjects/HushOps.Servers.XiaoHongShu/node_modules/@vitest/runner/dist/index.js:1205:15)\n    at runFiles (file:///D:/TSProjects/HushOps.Servers.XiaoHongShu/node_modules/@vitest/runner/dist/index.js:1262:5)\n    at startTests (file:///D:/TSProjects/HushOps.Servers.XiaoHongShu/node_modules/@vitest/runner/dist/index.js:1271:3)\n    at file:///D:/TSProjects/HushOps.Servers.XiaoHongShu/node_modules/vitest/dist/chunks/runBaseTests.3qpJUEJM.js:126:11\n    at withEnv (file:///D:/TSProjects/HushOps.Servers.XiaoHongShu/node_modules/vitest/dist/chunks/runBaseTests.3qpJUEJM.js:90:5)\n    at run (file:///D:/TSProjects/HushOps.Servers.XiaoHongShu/node_modules/vitest/dist/chunks/runBaseTests.3qpJUEJM.js:112:3)"],"meta":{}},{"ancestorTitles":["数据隔离验证测试"],"fullName":"数据隔离验证测试 应该验证多账号之间不会相互影响","status":"failed","title":"应该验证多账号之间不会相互影响","duration":183.54759999999806,"failureMessages":["AssertionError: expected 'account_3' to be 'account_1' // Object.is equality\n    at D:\\TSProjects\\HushOps.Servers.XiaoHongShu\\tests\\integration\\roxy\\isolation.test.ts:315:47\n    at file:///D:/TSProjects/HushOps.Servers.XiaoHongShu/node_modules/@vitest/runner/dist/index.js:533:5\n    at runTest (file:///D:/TSProjects/HushOps.Servers.XiaoHongShu/node_modules/@vitest/runner/dist/index.js:1056:11)\n    at runSuite (file:///D:/TSProjects/HushOps.Servers.XiaoHongShu/node_modules/@vitest/runner/dist/index.js:1205:15)\n    at runSuite (file:///D:/TSProjects/HushOps.Servers.XiaoHongShu/node_modules/@vitest/runner/dist/index.js:1205:15)\n    at runFiles (file:///D:/TSProjects/HushOps.Servers.XiaoHongShu/node_modules/@vitest/runner/dist/index.js:1262:5)\n    at startTests (file:///D:/TSProjects/HushOps.Servers.XiaoHongShu/node_modules/@vitest/runner/dist/index.js:1271:3)\n    at file:///D:/TSProjects/HushOps.Servers.XiaoHongShu/node_modules/vitest/dist/chunks/runBaseTests.3qpJUEJM.js:126:11\n    at withEnv (file:///D:/TSProjects/HushOps.Servers.XiaoHongShu/node_modules/vitest/dist/chunks/runBaseTests.3qpJUEJM.js:90:5)\n    at run (file:///D:/TSProjects/HushOps.Servers.XiaoHongShu/node_modules/vitest/dist/chunks/runBaseTests.3qpJUEJM.js:112:3)"],"meta":{}}],"startTime":1762738768744,"endTime":1762738786352.5476,"status":"failed","message":"","name":"D:/TSProjects/HushOps.Servers.XiaoHongShu/tests/integration/roxy/isolation.test.ts"},{"assertionResults":[{"ancestorTitles":["roxy.windows.list e2e"],"fullName":"roxy.windows.list e2e lists windows with numeric workspaceId","status":"passed","title":"lists windows with numeric workspaceId","duration":0.2840999999898486,"failureMessages":[],"meta":{}}],"startTime":1762738922572,"endTime":1762738922572.2842,"status":"passed","message":"","name":"D:/TSProjects/HushOps.Servers.XiaoHongShu/tests/integration/roxy/windows.list.e2e.test.ts"},{"assertionResults":[{"ancestorTitles":["韧性选择器集成测试","真实场景模拟"],"fullName":"韧性选择器集成测试 真实场景模拟 应该在网络延迟场景下成功解析选择器","status":"passed","title":"应该在网络延迟场景下成功解析选择器","duration":106.13200000000143,"failureMessages":[],"meta":{}},{"ancestorTitles":["韧性选择器集成测试","真实场景模拟"],"fullName":"韧性选择器集成测试 真实场景模拟 应该在间歇性失败后重试成功","status":"passed","title":"应该在间歇性失败后重试成功","duration":838.9321000000018,"failureMessages":[],"meta":{}},{"ancestorTitles":["韧性选择器集成测试","真实场景模拟"],"fullName":"韧性选择器集成测试 真实场景模拟 应该在连续失败后触发断路器","status":"passed","title":"应该在连续失败后触发断路器","duration":1216.2679000000026,"failureMessages":[],"meta":{}},{"ancestorTitles":["韧性选择器集成测试","健康度报告集成"],"fullName":"韧性选择器集成测试 健康度报告集成 应该生成完整的健康度报告","status":"passed","title":"应该生成完整的健康度报告","duration":2424.1038999999982,"failureMessages":[],"meta":{}},{"ancestorTitles":["韧性选择器集成测试","健康度报告集成"],"fullName":"韧性选择器集成测试 健康度报告集成 应该在所有选择器健康时提供正面建议","status":"passed","title":"应该在所有选择器健康时提供正面建议","duration":106.03710000000137,"failureMessages":[],"meta":{}},{"ancestorTitles":["韧性选择器集成测试","健康度报告集成"],"fullName":"韧性选择器集成测试 健康度报告集成 应该过滤掉样本数不足的选择器","status":"passed","title":"应该过滤掉样本数不足的选择器","duration":218.80749999999898,"failureMessages":[],"meta":{}},{"ancestorTitles":["韧性选择器集成测试","并发场景"],"fullName":"韧性选择器集成测试 并发场景 应该正确处理并发选择器解析","status":"passed","title":"应该正确处理并发选择器解析","duration":1092.5900000000001,"failureMessages":[],"meta":{}},{"ancestorTitles":["韧性选择器集成测试","并发场景"],"fullName":"韧性选择器集成测试 并发场景 应该在并发场景下正确记录失败","status":"passed","title":"应该在并发场景下正确记录失败","duration":546.4845000000023,"failureMessages":[],"meta":{}},{"ancestorTitles":["韧性选择器集成测试","性能基准"],"fullName":"韧性选择器集成测试 性能基准 成功的选择器解析应该在 500ms 内完成","status":"passed","title":"成功的选择器解析应该在 500ms 内完成","duration":122.86799999999857,"failureMessages":[],"meta":{}},{"ancestorTitles":["韧性选择器集成测试","性能基准"],"fullName":"韧性选择器集成测试 性能基准 带重试的选择器解析应该在合理时间内完成","status":"passed","title":"带重试的选择器解析应该在合理时间内完成","duration":514.1985999999997,"failureMessages":[],"meta":{}},{"ancestorTitles":["韧性选择器集成测试","错误恢复"],"fullName":"韧性选择器集成测试 错误恢复 应该在部分失败后恢复正常","status":"passed","title":"应该在部分失败后恢复正常","duration":1214.4380999999994,"failureMessages":[],"meta":{}},{"ancestorTitles":["韧性选择器集成测试","日志集成"],"fullName":"韧性选择器集成测试 日志集成 应该正确记录健康度报告到日志","status":"passed","title":"应该正确记录健康度报告到日志","duration":1.3296000000009371,"failureMessages":[],"meta":{}}],"startTime":1762738786567,"endTime":1762738794970.3296,"status":"passed","message":"","name":"D:/TSProjects/HushOps.Servers.XiaoHongShu/tests/integration/selectors/resilient.integration.test.ts"},{"assertionResults":[],"startTime":1762738764750,"endTime":1762738764750,"status":"failed","message":"Transform failed with 1 error:\nD:/TSProjects/HushOps.Servers.XiaoHongShu/tests/integration/selectors/xhs-fixture.sanity.test.ts:13:100: ERROR: Expected \";\" but found \">\"","name":"D:/TSProjects/HushOps.Servers.XiaoHongShu/tests/integration/selectors/xhs-fixture.sanity.test.ts"},{"assertionResults":[{"ancestorTitles":["xhs_select_note · keywords any-of integration (mock DOM)"],"fullName":"xhs_select_note · keywords any-of integration (mock DOM) matches when any keyword is contained and opens modal","status":"passed","title":"matches when any keyword is contained and opens modal","duration":1117.22619999999,"failureMessages":[],"meta":{}},{"ancestorTitles":["xhs_select_note · keywords any-of integration (mock DOM)"],"fullName":"xhs_select_note · keywords any-of integration (mock DOM) fails when none of the keywords are present","status":"passed","title":"fails when none of the keywords are present","duration":5158.078000000009,"failureMessages":[],"meta":{}}],"startTime":1762738834994,"endTime":1762738841270.078,"status":"passed","message":"","name":"D:/TSProjects/HushOps.Servers.XiaoHongShu/tests/integration/selectors/xhs-keywords.integration.test.ts"},{"assertionResults":[{"ancestorTitles":["xhs_select_note · url open on search_result detail (mock DOM)"],"fullName":"xhs_select_note · url open on search_result detail (mock DOM) opens url detail and returns url detail (test-visible)","status":"passed","title":"opens url detail and returns url detail (test-visible)","duration":4138.7333,"failureMessages":[],"meta":{}}],"startTime":1762738817207,"endTime":1762738821345.7334,"status":"passed","message":"","name":"D:/TSProjects/HushOps.Servers.XiaoHongShu/tests/integration/selectors/xhs-url-open.integration.test.ts"},{"assertionResults":[{"ancestorTitles":["XHS 模块集成测试","搜索功能集成"],"fullName":"XHS 模块集成测试 搜索功能集成 应该成功定位搜索输入和提交按钮","status":"passed","title":"应该成功定位搜索输入和提交按钮","duration":1.8402999999998428,"failureMessages":[],"meta":{}},{"ancestorTitles":["XHS 模块集成测试","搜索功能集成"],"fullName":"XHS 模块集成测试 搜索功能集成 应该在搜索输入缺失时返回 undefined","status":"passed","title":"应该在搜索输入缺失时返回 undefined","duration":1212.4460999999974,"failureMessages":[],"meta":{}},{"ancestorTitles":["XHS 模块集成测试","搜索功能集成"],"fullName":"XHS 模块集成测试 搜索功能集成 应该在提交按钮缺失时返回 undefined","status":"passed","title":"应该在提交按钮缺失时返回 undefined","duration":2416.6392000000014,"failureMessages":[],"meta":{}},{"ancestorTitles":["XHS 模块集成测试","导航功能集成"],"fullName":"XHS 模块集成测试 导航功能集成 应该成功关闭模态窗口","status":"passed","title":"应该成功关闭模态窗口","duration":1.9749999999985448,"failureMessages":[],"meta":{}},{"ancestorTitles":["XHS 模块集成测试","导航功能集成"],"fullName":"XHS 模块集成测试 导航功能集成 应该在没有模态窗口时返回 false","status":"passed","title":"应该在没有模态窗口时返回 false","duration":0.8107000000018161,"failureMessages":[],"meta":{}},{"ancestorTitles":["XHS 模块集成测试","导航功能集成"],"fullName":"XHS 模块集成测试 导航功能集成 应该在已在发现页时跳过导航","status":"passed","title":"应该在已在发现页时跳过导航","duration":0.9871999999959371,"failureMessages":[],"meta":{}},{"ancestorTitles":["XHS 模块集成测试","搜索工作流集成"],"fullName":"XHS 模块集成测试 搜索工作流集成 应该成功执行完整搜索流程","status":"passed","title":"应该成功执行完整搜索流程","duration":1209.818100000004,"failureMessages":[],"meta":{}},{"ancestorTitles":["XHS 模块集成测试","搜索工作流集成"],"fullName":"XHS 模块集成测试 搜索工作流集成 应该在搜索失败时返回 ok: false","status":"passed","title":"应该在搜索失败时返回 ok: false","duration":2426.2018000000025,"failureMessages":[],"meta":{}},{"ancestorTitles":["XHS 模块集成测试","性能验证"],"fullName":"XHS 模块集成测试 性能验证 选择器解析应该在合理时间内完成","status":"passed","title":"选择器解析应该在合理时间内完成","duration":1201.391499999998,"failureMessages":[],"meta":{}},{"ancestorTitles":["XHS 模块集成测试","性能验证"],"fullName":"XHS 模块集成测试 性能验证 多次调用应该保持稳定性能","status":"passed","title":"多次调用应该保持稳定性能","duration":108.38239999999496,"failureMessages":[],"meta":{}},{"ancestorTitles":["XHS 模块集成测试","错误处理"],"fullName":"XHS 模块集成测试 错误处理 应该在选择器失败后记录健康度","status":"passed","title":"应该在选择器失败后记录健康度","duration":2746.971899999997,"failureMessages":[],"meta":{}},{"ancestorTitles":["XHS 模块集成测试","错误处理"],"fullName":"XHS 模块集成测试 错误处理 应该在重试后最终成功","status":"passed","title":"应该在重试后最终成功","duration":4830.950600000004,"failureMessages":[],"meta":{}},{"ancestorTitles":["XHS 模块集成测试","并发场景"],"fullName":"XHS 模块集成测试 并发场景 应该正确处理并发搜索操作","status":"passed","title":"应该正确处理并发搜索操作","duration":5.946700000000419,"failureMessages":[],"meta":{}}],"startTime":1762738795092,"endTime":1762738811256.9468,"status":"passed","message":"","name":"D:/TSProjects/HushOps.Servers.XiaoHongShu/tests/integration/selectors/xhs.integration.test.ts"},{"assertionResults":[{"ancestorTitles":["XhsSelectors 语义映射定位验证"],"fullName":"XhsSelectors 语义映射定位验证 searchInput/searchSubmit/navDiscover 可定位","status":"failed","title":"searchInput/searchSubmit/navDiscover 可定位","duration":5011.5129000000015,"failureMessages":["Error: Test timed out in 5000ms.\nIf this is a long-running test, pass a timeout value as the last argument or configure it globally with \"testTimeout\".\n    at Timeout.<anonymous> (file:///D:/TSProjects/HushOps.Servers.XiaoHongShu/node_modules/@vitest/runner/dist/index.js:44:18)\n    at listOnTimeout (node:internal/timers:588:17)\n    at processTimers (node:internal/timers:523:7)"],"meta":{}}],"startTime":1762738917420,"endTime":1762738922431.513,"status":"failed","message":"","name":"D:/TSProjects/HushOps.Servers.XiaoHongShu/tests/integration/selectors/xhs.selectors.e2e.test.ts"},{"assertionResults":[{"ancestorTitles":["humanization edges"],"fullName":"humanization edges scroll: segments=1 and 30, micro/macro pauses off/on","status":"passed","title":"scroll: segments=1 and 30, micro/macro pauses off/on","duration":0.46979999999166466,"failureMessages":[],"meta":{}},{"ancestorTitles":["humanization edges"],"fullName":"humanization edges scroll: extreme deltaY handled","status":"passed","title":"scroll: extreme deltaY handled","duration":0.2231000000028871,"failureMessages":[],"meta":{}},{"ancestorTitles":["humanization edges"],"fullName":"humanization edges mouse: micro jitter default on; can be disabled via counts/px","status":"passed","title":"mouse: micro jitter default on; can be disabled via counts/px","duration":0.32339999999385327,"failureMessages":[],"meta":{}},{"ancestorTitles":["humanization edges"],"fullName":"humanization edges mouse: overshoot on/off affects tail points","status":"passed","title":"mouse: overshoot on/off affects tail points","duration":0.260999999998603,"failureMessages":[],"meta":{}}],"startTime":1762738923604,"endTime":1762738923605.3235,"status":"passed","message":"","name":"D:/TSProjects/HushOps.Servers.XiaoHongShu/tests/unit/humanization/edges.test.ts"},{"assertionResults":[{"ancestorTitles":["viewport utils"],"fullName":"viewport utils ensureVisible calls scrollIntoViewIfNeeded and waits visible","status":"passed","title":"ensureVisible calls scrollIntoViewIfNeeded and waits visible","duration":0.3007999999972526,"failureMessages":[],"meta":{}},{"ancestorTitles":["viewport utils"],"fullName":"viewport utils centerInViewport falls back to ensureVisible when no viewport","status":"passed","title":"centerInViewport falls back to ensureVisible when no viewport","duration":0.23960000000079162,"failureMessages":[],"meta":{}},{"ancestorTitles":["viewport utils"],"fullName":"viewport utils centerInViewport scrolls then ensures visible","status":"passed","title":"centerInViewport scrolls then ensures visible","duration":0.22399999998742715,"failureMessages":[],"meta":{}}],"startTime":1762738944304,"endTime":1762738944305.2395,"status":"passed","message":"","name":"D:/TSProjects/HushOps.Servers.XiaoHongShu/tests/unit/humanization/viewport.test.ts"},{"assertionResults":[{"ancestorTitles":["text-clean"],"fullName":"text-clean removes default punctuation and collapses whitespace","status":"passed","title":"removes default punctuation and collapses whitespace","duration":1.2242000000260305,"failureMessages":[],"meta":{}},{"ancestorTitles":["text-clean"],"fullName":"text-clean respects custom remove chars","status":"passed","title":"respects custom remove chars","duration":0.22640000001410954,"failureMessages":[],"meta":{}},{"ancestorTitles":["text-clean"],"fullName":"text-clean respects custom regex","status":"passed","title":"respects custom regex","duration":0.3021000000007916,"failureMessages":[],"meta":{}}],"startTime":1762738946266,"endTime":1762738946267.302,"status":"passed","message":"","name":"D:/TSProjects/HushOps.Servers.XiaoHongShu/tests/unit/lib/text-clean.test.ts"},{"assertionResults":[{"ancestorTitles":["browser 工具（单元）"],"fullName":"browser 工具（单元） open/close 正常返回","status":"passed","title":"open/close 正常返回","duration":0.4023999999917578,"failureMessages":[],"meta":{}}],"startTime":1762738944286,"endTime":1762738944286.4023,"status":"passed","message":"","name":"D:/TSProjects/HushOps.Servers.XiaoHongShu/tests/unit/mcp/browser.tools.unit.test.ts"},{"assertionResults":[{"ancestorTitles":["page 工具（错误与分支覆盖）"],"fullName":"page 工具（错误与分支覆盖） hover 失败 → skipped=true；click 动作被拦截 → ACTION_INTERCEPTED；type 非人类化；clear 人类化","status":"passed","title":"hover 失败 → skipped=true；click 动作被拦截 → ACTION_INTERCEPTED；type 非人类化；clear 人类化","duration":34.28290000000561,"failureMessages":[],"meta":{}}],"startTime":1762738876214,"endTime":1762738876248.283,"status":"passed","message":"","name":"D:/TSProjects/HushOps.Servers.XiaoHongShu/tests/unit/mcp/page.tools.errors.test.ts"},{"assertionResults":[{"ancestorTitles":["page 工具（handlers 覆盖）"],"fullName":"page 工具（handlers 覆盖） click/hover/scroll/type/clear 跑通","status":"passed","title":"click/hover/scroll/type/clear 跑通","duration":9.930200000002515,"failureMessages":[],"meta":{}}],"startTime":1762738876275,"endTime":1762738876284.9302,"status":"passed","message":"","name":"D:/TSProjects/HushOps.Servers.XiaoHongShu/tests/unit/mcp/page.tools.handlers.test.ts"},{"assertionResults":[{"ancestorTitles":["page 工具（定位失败分支）"],"fullName":"page 工具（定位失败分支） click 定位失败 → LOCATOR_NOT_FOUND；type 定位超时 → TIMEOUT","status":"passed","title":"click 定位失败 → LOCATOR_NOT_FOUND；type 定位超时 → TIMEOUT","duration":18.629199999995762,"failureMessages":[],"meta":{}}],"startTime":1762738923679,"endTime":1762738923697.6292,"status":"passed","message":"","name":"D:/TSProjects/HushOps.Servers.XiaoHongShu/tests/unit/mcp/page.tools.locatorError.test.ts"},{"assertionResults":[{"ancestorTitles":["page 工具（更多覆盖）"],"fullName":"page 工具（更多覆盖） screenshot 返回图片、scroll 人类化","status":"passed","title":"screenshot 返回图片、scroll 人类化","duration":19.016199999983655,"failureMessages":[],"meta":{}}],"startTime":1762738922600,"endTime":1762738922619.016,"status":"passed","message":"","name":"D:/TSProjects/HushOps.Servers.XiaoHongShu/tests/unit/mcp/page.tools.more.test.ts"},{"assertionResults":[{"ancestorTitles":["page 工具（单元）"],"fullName":"page 工具（单元） create/list/navigate/close/screenshot 成功路径","status":"passed","title":"create/list/navigate/close/screenshot 成功路径","duration":0.7990000000281725,"failureMessages":[],"meta":{}},{"ancestorTitles":["page 工具（单元）"],"fullName":"page 工具（单元） screenshot 失败路径（映射为 SCREENSHOT_FAILED）","status":"passed","title":"screenshot 失败路径（映射为 SCREENSHOT_FAILED）","duration":0.316499999986263,"failureMessages":[],"meta":{}}],"startTime":1762738909617,"endTime":1762738909618.3164,"status":"passed","message":"","name":"D:/TSProjects/HushOps.Servers.XiaoHongShu/tests/unit/mcp/page.tools.unit.test.ts"},{"assertionResults":[{"ancestorTitles":["xhs 工具（错误与输入校验覆盖）"],"fullName":"xhs 工具（错误与输入校验覆盖） xhs_navigate_home 失败 → NAVIGATE_FAILED；xhs_session_check → NO_WS_ENDPOINT；note_extract invalid input","status":"passed","title":"xhs_navigate_home 失败 → NAVIGATE_FAILED；xhs_session_check → NO_WS_ENDPOINT；note_extract invalid input","duration":5.280899999983376,"failureMessages":[],"meta":{}}],"startTime":1762738909671,"endTime":1762738909676.281,"status":"passed","message":"","name":"D:/TSProjects/HushOps.Servers.XiaoHongShu/tests/unit/mcp/xhs.tools.errors.test.ts"},{"assertionResults":[{"ancestorTitles":["xhs 工具（handlers 覆盖）"],"fullName":"xhs 工具（handlers 覆盖） xhs_session_check / xhs_navigate_home / xhs_open_context","status":"passed","title":"xhs_session_check / xhs_navigate_home / xhs_open_context","duration":5.36720000000787,"failureMessages":[],"meta":{}}],"startTime":1762738922679,"endTime":1762738922684.3672,"status":"passed","message":"","name":"D:/TSProjects/HushOps.Servers.XiaoHongShu/tests/unit/mcp/xhs.tools.handlers.test.ts"},{"assertionResults":[{"ancestorTitles":["xhs 工具（更多错误分支）"],"fullName":"xhs 工具（更多错误分支） xhs_navigate_home timeout → NAVIGATE_TIMEOUT；note_extract 抽取失败 → ACTION_FAILED 映射为错误","status":"passed","title":"xhs_navigate_home timeout → NAVIGATE_TIMEOUT；note_extract 抽取失败 → ACTION_FAILED 映射为错误","duration":5.893799999990733,"failureMessages":[],"meta":{}}],"startTime":1762738922647,"endTime":1762738922652.8938,"status":"passed","message":"","name":"D:/TSProjects/HushOps.Servers.XiaoHongShu/tests/unit/mcp/xhs.tools.moreErrors.test.ts"},{"assertionResults":[{"ancestorTitles":["xhs 工具（单元）"],"fullName":"xhs 工具（单元） xhs_open_context 返回 opened=true","status":"passed","title":"xhs_open_context 返回 opened=true","duration":0.3467999999993481,"failureMessages":[],"meta":{}}],"startTime":1762738946206,"endTime":1762738946206.3467,"status":"passed","message":"","name":"D:/TSProjects/HushOps.Servers.XiaoHongShu/tests/unit/mcp/xhs.tools.unit.test.ts"},{"assertionResults":[{"ancestorTitles":["xhsShortcuts 收集（DOM 兜底）"],"fullName":"xhsShortcuts 收集（DOM 兜底） API 空数组 → DOM evaluate anchors 兜底","status":"passed","title":"API 空数组 → DOM evaluate anchors 兜底","duration":17.0850999999966,"failureMessages":[],"meta":{}}],"startTime":1762738917009,"endTime":1762738917026.0852,"status":"passed","message":"","name":"D:/TSProjects/HushOps.Servers.XiaoHongShu/tests/unit/mcp/xhsShortcuts.collect.dom.test.ts"},{"assertionResults":[{"ancestorTitles":["xhsShortcuts 工具（handlers 更多覆盖）"],"fullName":"xhsShortcuts 工具（handlers 更多覆盖） search_keyword 返回 ok；collect_search_results 返回 ok（API 路径）","status":"passed","title":"search_keyword 返回 ok；collect_search_results 返回 ok（API 路径）","duration":18.867700000002515,"failureMessages":[],"meta":{}},{"ancestorTitles":["xhsShortcuts 工具（handlers 更多覆盖）"],"fullName":"xhsShortcuts 工具（handlers 更多覆盖） close_modal 返回 true","status":"passed","title":"close_modal 返回 true","duration":13.78200000000652,"failureMessages":[],"meta":{}}],"startTime":1762738909549,"endTime":1762738909581.782,"status":"passed","message":"","name":"D:/TSProjects/HushOps.Servers.XiaoHongShu/tests/unit/mcp/xhsShortcuts.handlers.more.test.ts"},{"assertionResults":[{"ancestorTitles":["xhsShortcuts 更多错误分支"],"fullName":"xhsShortcuts 更多错误分支 search_keyword/collect/keyword_browse 抛错 → INTERNAL_ERROR","status":"passed","title":"search_keyword/collect/keyword_browse 抛错 → INTERNAL_ERROR","duration":14.221099999995204,"failureMessages":[],"meta":{}}],"startTime":1762738917082,"endTime":1762738917096.2212,"status":"passed","message":"","name":"D:/TSProjects/HushOps.Servers.XiaoHongShu/tests/unit/mcp/xhsShortcuts.moreErrors.unit.test.ts"},{"assertionResults":[{"ancestorTitles":["xhsShortcuts 笔记动作失败分支"],"fullName":"xhsShortcuts 笔记动作失败分支 unlike 返回 ok=false → ACTION_FAILED","status":"passed","title":"unlike 返回 ok=false → ACTION_FAILED","duration":16.558199999999488,"failureMessages":[],"meta":{}}],"startTime":1762738923718,"endTime":1762738923734.558,"status":"passed","message":"","name":"D:/TSProjects/HushOps.Servers.XiaoHongShu/tests/unit/mcp/xhsShortcuts.noteActions.fail.test.ts"},{"assertionResults":[{"ancestorTitles":["xhsShortcuts 笔记/用户动作与浏览（单元）"],"fullName":"xhsShortcuts 笔记/用户动作与浏览（单元） like/unlike/collect/uncollect/follow/unfollow 返回 ok；keyword_browse 返回 ok","status":"passed","title":"like/unlike/collect/uncollect/follow/unfollow 返回 ok；keyword_browse 返回 ok","duration":12.389899999980116,"failureMessages":[],"meta":{}}],"startTime":1762738909638,"endTime":1762738909650.39,"status":"passed","message":"","name":"D:/TSProjects/HushOps.Servers.XiaoHongShu/tests/unit/mcp/xhsShortcuts.noteActions.unit.test.ts"},{"assertionResults":[{"ancestorTitles":["xhsShortcuts select_note（单元）"],"fullName":"xhsShortcuts select_note（单元） invalid params & success 路径","status":"passed","title":"invalid params & success 路径","duration":17.35069999998086,"failureMessages":[],"meta":{}}],"startTime":1762738922479,"endTime":1762738922496.3506,"status":"passed","message":"","name":"D:/TSProjects/HushOps.Servers.XiaoHongShu/tests/unit/mcp/xhsShortcuts.selectNote.unit.test.ts"},{"assertionResults":[{"ancestorTitles":["xhsShortcuts 工具（单元）"],"fullName":"xhsShortcuts 工具（单元） navigate_discover 成功 + close_modal 返回 closed=false","status":"passed","title":"navigate_discover 成功 + close_modal 返回 closed=false","duration":62.23209999999381,"failureMessages":[],"meta":{}},{"ancestorTitles":["xhsShortcuts 工具（单元）"],"fullName":"xhsShortcuts 工具（单元） navigate_discover 失败：应生成截图占位路径","status":"passed","title":"navigate_discover 失败：应生成截图占位路径","duration":19.421300000001793,"failureMessages":[],"meta":{}}],"startTime":1762738876310,"endTime":1762738876391.4214,"status":"passed","message":"","name":"D:/TSProjects/HushOps.Servers.XiaoHongShu/tests/unit/mcp/xhsShortcuts.tools.unit.test.ts"},{"assertionResults":[{"ancestorTitles":["netwatch exports"],"fullName":"netwatch exports should export waitFeed/waitHomefeed/waitSearchNotes","status":"passed","title":"should export waitFeed/waitHomefeed/waitSearchNotes","duration":0.19860000000335276,"failureMessages":[],"meta":{}}],"startTime":1762738948195,"endTime":1762738948195.1985,"status":"passed","message":"","name":"D:/TSProjects/HushOps.Servers.XiaoHongShu/tests/unit/netwatch/ok-only.test.ts"},{"assertionResults":[{"ancestorTitles":["health sink: appendNavProgress"],"fullName":"health sink: appendNavProgress should be callable with minimal fields","status":"passed","title":"should be callable with minimal fields","duration":0.17719999997643754,"failureMessages":[],"meta":{}}],"startTime":1762738948280,"endTime":1762738948280.1772,"status":"passed","message":"","name":"D:/TSProjects/HushOps.Servers.XiaoHongShu/tests/unit/selectors/health-sink-progress.test.ts"},{"assertionResults":[{"ancestorTitles":["health-sink batching (smoke)"],"fullName":"health-sink batching (smoke) appends multiple records without throwing (buffered)","status":"passed","title":"appends multiple records without throwing (buffered)","duration":609.5062000000034,"failureMessages":[],"meta":{}}],"startTime":1762738946366,"endTime":1762738946975.506,"status":"passed","message":"","name":"D:/TSProjects/HushOps.Servers.XiaoHongShu/tests/unit/selectors/health-sink.batch.test.ts"},{"assertionResults":[{"ancestorTitles":["health monitor p95"],"fullName":"health monitor p95 computes p95 from recent durations","status":"passed","title":"computes p95 from recent durations","duration":0.32030000002123415,"failureMessages":[],"meta":{}}],"startTime":1762738948259,"endTime":1762738948259.3203,"status":"passed","message":"","name":"D:/TSProjects/HushOps.Servers.XiaoHongShu/tests/unit/selectors/health.p95.test.ts"},{"assertionResults":[{"ancestorTitles":["SelectorHealthMonitor","record() - 记录选择器使用情况"],"fullName":"SelectorHealthMonitor record() - 记录选择器使用情况 应该正确记录成功的选择器使用","status":"passed","title":"应该正确记录成功的选择器使用","duration":0.26629999998840503,"failureMessages":[],"meta":{}},{"ancestorTitles":["SelectorHealthMonitor","record() - 记录选择器使用情况"],"fullName":"SelectorHealthMonitor record() - 记录选择器使用情况 应该正确记录失败的选择器使用","status":"passed","title":"应该正确记录失败的选择器使用","duration":0.17079999999259599,"failureMessages":[],"meta":{}},{"ancestorTitles":["SelectorHealthMonitor","record() - 记录选择器使用情况"],"fullName":"SelectorHealthMonitor record() - 记录选择器使用情况 应该累加多次记录","status":"passed","title":"应该累加多次记录","duration":0.2290999999968335,"failureMessages":[],"meta":{}},{"ancestorTitles":["SelectorHealthMonitor","record() - 记录选择器使用情况"],"fullName":"SelectorHealthMonitor record() - 记录选择器使用情况 应该限制 durations 数组长度为 100","status":"passed","title":"应该限制 durations 数组长度为 100","duration":0.2433000000019092,"failureMessages":[],"meta":{}},{"ancestorTitles":["SelectorHealthMonitor","record() - 记录选择器使用情况"],"fullName":"SelectorHealthMonitor record() - 记录选择器使用情况 应该更新 lastUsed 时间","status":"passed","title":"应该更新 lastUsed 时间","duration":21.887699999992037,"failureMessages":[],"meta":{}},{"ancestorTitles":["SelectorHealthMonitor","getHealth() - 获取健康度数据"],"fullName":"SelectorHealthMonitor getHealth() - 获取健康度数据 应该返回 undefined 对于不存在的选择器","status":"passed","title":"应该返回 undefined 对于不存在的选择器","duration":0.11909999999625143,"failureMessages":[],"meta":{}},{"ancestorTitles":["SelectorHealthMonitor","getHealth() - 获取健康度数据"],"fullName":"SelectorHealthMonitor getHealth() - 获取健康度数据 应该正确计算成功率","status":"passed","title":"应该正确计算成功率","duration":0.0951000000059139,"failureMessages":[],"meta":{}},{"ancestorTitles":["SelectorHealthMonitor","getHealth() - 获取健康度数据"],"fullName":"SelectorHealthMonitor getHealth() - 获取健康度数据 应该返回完整的健康度数据结构","status":"passed","title":"应该返回完整的健康度数据结构","duration":0.17759999999543652,"failureMessages":[],"meta":{}},{"ancestorTitles":["SelectorHealthMonitor","reportUnhealthy() - 报告不健康的选择器"],"fullName":"SelectorHealthMonitor reportUnhealthy() - 报告不健康的选择器 应该返回成功率低于默认阈值（70%）的选择器","status":"passed","title":"应该返回成功率低于默认阈值（70%）的选择器","duration":0.2921000000060303,"failureMessages":[],"meta":{}},{"ancestorTitles":["SelectorHealthMonitor","reportUnhealthy() - 报告不健康的选择器"],"fullName":"SelectorHealthMonitor reportUnhealthy() - 报告不健康的选择器 应该支持自定义阈值","status":"passed","title":"应该支持自定义阈值","duration":0.1539000000047963,"failureMessages":[],"meta":{}},{"ancestorTitles":["SelectorHealthMonitor","reportUnhealthy() - 报告不健康的选择器"],"fullName":"SelectorHealthMonitor reportUnhealthy() - 报告不健康的选择器 应该按成功率升序排序（最不健康的在前）","status":"passed","title":"应该按成功率升序排序（最不健康的在前）","duration":0.11369999998714775,"failureMessages":[],"meta":{}},{"ancestorTitles":["SelectorHealthMonitor","reportUnhealthy() - 报告不健康的选择器"],"fullName":"SelectorHealthMonitor reportUnhealthy() - 报告不健康的选择器 应该返回空数组当所有选择器都健康时","status":"passed","title":"应该返回空数组当所有选择器都健康时","duration":0.369299999991199,"failureMessages":[],"meta":{}},{"ancestorTitles":["SelectorHealthMonitor","export() - 导出所有健康度数据"],"fullName":"SelectorHealthMonitor export() - 导出所有健康度数据 应该导出所有选择器的健康度数据","status":"passed","title":"应该导出所有选择器的健康度数据","duration":0.2589000000007218,"failureMessages":[],"meta":{}},{"ancestorTitles":["SelectorHealthMonitor","export() - 导出所有健康度数据"],"fullName":"SelectorHealthMonitor export() - 导出所有健康度数据 应该返回空对象当没有数据时","status":"passed","title":"应该返回空对象当没有数据时","duration":0.10429999999178108,"failureMessages":[],"meta":{}},{"ancestorTitles":["SelectorHealthMonitor","export() - 导出所有健康度数据"],"fullName":"SelectorHealthMonitor export() - 导出所有健康度数据 导出的数据应该包含完整的健康度信息","status":"passed","title":"导出的数据应该包含完整的健康度信息","duration":0.14909999999508727,"failureMessages":[],"meta":{}},{"ancestorTitles":["SelectorHealthMonitor","并发测试"],"fullName":"SelectorHealthMonitor 并发测试 应该正确处理并发 record 调用","status":"passed","title":"应该正确处理并发 record 调用","duration":0.6301999999996042,"failureMessages":[],"meta":{}},{"ancestorTitles":["SelectorHealthMonitor","辅助方法"],"fullName":"SelectorHealthMonitor 辅助方法 clear() 应该清空所有统计数据","status":"passed","title":"clear() 应该清空所有统计数据","duration":0.14830000000074506,"failureMessages":[],"meta":{}},{"ancestorTitles":["SelectorHealthMonitor","辅助方法"],"fullName":"SelectorHealthMonitor 辅助方法 size() 应该返回当前跟踪的选择器数量","status":"passed","title":"size() 应该返回当前跟踪的选择器数量","duration":0.11070000000472646,"failureMessages":[],"meta":{}},{"ancestorTitles":["全局 healthMonitor 实例"],"fullName":"全局 healthMonitor 实例 应该导出全局单例实例","status":"passed","title":"应该导出全局单例实例","duration":0.3525999999983469,"failureMessages":[],"meta":{}}],"startTime":1762738834851,"endTime":1762738834877.3525,"status":"passed","message":"","name":"D:/TSProjects/HushOps.Servers.XiaoHongShu/tests/unit/selectors/health.test.ts"},{"assertionResults":[{"ancestorTitles":["resolveLocatorResilient","成功路径"],"fullName":"resolveLocatorResilient 成功路径 应该在第一次尝试成功时返回 Locator","status":"passed","title":"应该在第一次尝试成功时返回 Locator","duration":0.9174999999959255,"failureMessages":[],"meta":{}},{"ancestorTitles":["resolveLocatorResilient","成功路径"],"fullName":"resolveLocatorResilient 成功路径 应该支持 skipHealthMonitor 选项","status":"passed","title":"应该支持 skipHealthMonitor 选项","duration":0.36940000001050066,"failureMessages":[],"meta":{}},{"ancestorTitles":["resolveLocatorResilient","重试机制"],"fullName":"resolveLocatorResilient 重试机制 应该在失败后重试","status":"passed","title":"应该在失败后重试","duration":220.38870000001043,"failureMessages":[],"meta":{}},{"ancestorTitles":["resolveLocatorResilient","重试机制"],"fullName":"resolveLocatorResilient 重试机制 应该在所有重试都失败后抛出错误","status":"passed","title":"应该在所有重试都失败后抛出错误","duration":140.6918000000005,"failureMessages":[],"meta":{}},{"ancestorTitles":["resolveLocatorResilient","断路器机制"],"fullName":"resolveLocatorResilient 断路器机制 应该在连续失败后触发断路器","status":"passed","title":"应该在连续失败后触发断路器","duration":1211.9300999999978,"failureMessages":[],"meta":{}},{"ancestorTitles":["resolveLocatorResilient","断路器机制"],"fullName":"resolveLocatorResilient 断路器机制 应该在成功后重置失败计数","status":"passed","title":"应该在成功后重置失败计数","duration":1.561199999996461,"failureMessages":[],"meta":{}},{"ancestorTitles":["resolveLocatorResilient","健康度记录"],"fullName":"resolveLocatorResilient 健康度记录 应该正确记录成功和失败的耗时","status":"passed","title":"应该正确记录成功和失败的耗时","duration":13.12489999999525,"failureMessages":[],"meta":{}}],"startTime":1762738841372,"endTime":1762738842961.125,"status":"passed","message":"","name":"D:/TSProjects/HushOps.Servers.XiaoHongShu/tests/unit/selectors/resilient.test.ts"},{"assertionResults":[{"ancestorTitles":["xhs: container full-text matching (ANY-of)"],"fullName":"xhs: container full-text matching (ANY-of) matches against normalized container text regardless of title presence","status":"passed","title":"matches against normalized container text regardless of title presence","duration":0.37789999999222346,"failureMessages":[],"meta":{}}],"startTime":1762738947102,"endTime":1762738947102.378,"status":"passed","message":"","name":"D:/TSProjects/HushOps.Servers.XiaoHongShu/tests/unit/selectors/select-note-container-match.test.ts"},{"assertionResults":[{"ancestorTitles":["xhs: container full-text matching edge cases"],"fullName":"xhs: container full-text matching edge cases emoji-only content becomes empty after regex removal","status":"passed","title":"emoji-only content becomes empty after regex removal","duration":0.6754000000073574,"failureMessages":[],"meta":{}},{"ancestorTitles":["xhs: container full-text matching edge cases"],"fullName":"xhs: container full-text matching edge cases author/time/like tokens can be removed via regex","status":"passed","title":"author/time/like tokens can be removed via regex","duration":0.4512999999860767,"failureMessages":[],"meta":{}},{"ancestorTitles":["xhs: container full-text matching edge cases"],"fullName":"xhs: container full-text matching edge cases very long text collapses whitespace but preserves content","status":"passed","title":"very long text collapses whitespace but preserves content","duration":0.27150000000256114,"failureMessages":[],"meta":{}},{"ancestorTitles":["xhs: container full-text matching edge cases"],"fullName":"xhs: container full-text matching edge cases english case-insensitive and mixed language are normalized","status":"passed","title":"english case-insensitive and mixed language are normalized","duration":0.1817000000155531,"failureMessages":[],"meta":{}}],"startTime":1762738923833,"endTime":1762738923834.4514,"status":"passed","message":"","name":"D:/TSProjects/HushOps.Servers.XiaoHongShu/tests/unit/selectors/select-note-edgecases.test.ts"},{"assertionResults":[{"ancestorTitles":["xhs: keyword matching uses ANY-of semantics"],"fullName":"xhs: keyword matching uses ANY-of semantics matches when any keyword is included (case-insensitive)","status":"passed","title":"matches when any keyword is included (case-insensitive)","duration":0.21240000001853332,"failureMessages":[],"meta":{}}],"startTime":1762738948177,"endTime":1762738948177.2124,"status":"passed","message":"","name":"D:/TSProjects/HushOps.Servers.XiaoHongShu/tests/unit/selectors/select-note-keyword-match.test.ts"},{"assertionResults":[{"ancestorTitles":["xhs: scroll-after strategy config"],"fullName":"xhs: scroll-after strategy config should expose sane defaults for smart batch confirmation","status":"passed","title":"should expose sane defaults for smart batch confirmation","duration":0.1959999999962747,"failureMessages":[],"meta":{}}],"startTime":1762738946330,"endTime":1762738946330.196,"status":"passed","message":"","name":"D:/TSProjects/HushOps.Servers.XiaoHongShu/tests/unit/selectors/select-note-progress.test.ts"},{"assertionResults":[{"ancestorTitles":["xhs: visited id extraction (anchor href)"],"fullName":"xhs: visited id extraction (anchor href) prefers explicit note id segments","status":"passed","title":"prefers explicit note id segments","duration":0.26200000001699664,"failureMessages":[],"meta":{}},{"ancestorTitles":["xhs: visited id extraction (anchor href)"],"fullName":"xhs: visited id extraction (anchor href) falls back to href when no id present","status":"passed","title":"falls back to href when no id present","duration":0.06979999999748543,"failureMessages":[],"meta":{}}],"startTime":1762738946994,"endTime":1762738946995.0698,"status":"passed","message":"","name":"D:/TSProjects/HushOps.Servers.XiaoHongShu/tests/unit/selectors/select-note-visited-id.test.ts"},{"assertionResults":[{"ancestorTitles":["selector.ts - resolveLocatorAsync"],"fullName":"selector.ts - resolveLocatorAsync 应该返回 Promise<Locator> 类型","status":"passed","title":"应该返回 Promise<Locator> 类型","duration":202.60920000000624,"failureMessages":[],"meta":{}},{"ancestorTitles":["selector.ts - resolveLocatorAsync"],"fullName":"selector.ts - resolveLocatorAsync 应该优先使用 role 定位器","status":"passed","title":"应该优先使用 role 定位器","duration":249.74099999999453,"failureMessages":[],"meta":{}},{"ancestorTitles":["selector.ts - resolveLocatorAsync"],"fullName":"selector.ts - resolveLocatorAsync 应该支持 alternatives 多候选回退","status":"passed","title":"应该支持 alternatives 多候选回退","duration":322.1600000000035,"failureMessages":[],"meta":{}},{"ancestorTitles":["selector.ts - resolveLocatorAsync"],"fullName":"selector.ts - resolveLocatorAsync 应该使用配置的 probeTimeoutMs","status":"passed","title":"应该使用配置的 probeTimeoutMs","duration":202.42269999999553,"failureMessages":[],"meta":{}},{"ancestorTitles":["selector.ts - resolveLocatorAsync"],"fullName":"selector.ts - resolveLocatorAsync 应该支持 testId 定位器","status":"passed","title":"应该支持 testId 定位器","duration":244.43499999999767,"failureMessages":[],"meta":{}},{"ancestorTitles":["selector.ts - resolveLocatorAsync"],"fullName":"selector.ts - resolveLocatorAsync 应该支持 text 定位器","status":"passed","title":"应该支持 text 定位器","duration":250.76789999999164,"failureMessages":[],"meta":{}},{"ancestorTitles":["config/xhs.ts - XHS_CONF"],"fullName":"config/xhs.ts - XHS_CONF 应该包含 selector 配置","status":"passed","title":"应该包含 selector 配置","duration":0.2440000000060536,"failureMessages":[],"meta":{}},{"ancestorTitles":["config/xhs.ts - XHS_CONF"],"fullName":"config/xhs.ts - XHS_CONF 应该包含 capture 配置","status":"passed","title":"应该包含 capture 配置","duration":0.132499999992433,"failureMessages":[],"meta":{}},{"ancestorTitles":["config/xhs.ts - XHS_CONF"],"fullName":"config/xhs.ts - XHS_CONF 应该支持环境变量覆盖","status":"passed","title":"应该支持环境变量覆盖","duration":0.11359999999694992,"failureMessages":[],"meta":{}}],"startTime":1762738876419,"endTime":1762738877892.244,"status":"passed","message":"","name":"D:/TSProjects/HushOps.Servers.XiaoHongShu/tests/unit/selectors/selector.test.ts"},{"assertionResults":[{"ancestorTitles":["selectorIdFromTarget"],"fullName":"selectorIdFromTarget stable hashing for string","status":"passed","title":"stable hashing for string","duration":0.1822999999858439,"failureMessages":[],"meta":{}},{"ancestorTitles":["selectorIdFromTarget"],"fullName":"selectorIdFromTarget works for object","status":"passed","title":"works for object","duration":0.08959999997750856,"failureMessages":[],"meta":{}}],"startTime":1762738949006,"endTime":1762738949006.1824,"status":"passed","message":"","name":"D:/TSProjects/HushOps.Servers.XiaoHongShu/tests/unit/selectors/selectorId.test.ts"},{"assertionResults":[{"ancestorTitles":["XhsSelectors 语义映射定义（纯形态校验）"],"fullName":"XhsSelectors 语义映射定义（纯形态校验） searchInput/searchSubmit/navDiscover/noteAnchor/noteModal* 均返回 alternatives","status":"passed","title":"searchInput/searchSubmit/navDiscover/noteAnchor/noteModal* 均返回 alternatives","duration":0.35440000001108274,"failureMessages":[],"meta":{}}],"startTime":1762738946348,"endTime":1762738946348.3545,"status":"passed","message":"","name":"D:/TSProjects/HushOps.Servers.XiaoHongShu/tests/unit/selectors/xhs.mappings.test.ts"},{"assertionResults":[{"ancestorTitles":["PinoLogger 服务单元测试","基本日志记录"],"fullName":"PinoLogger 服务单元测试 基本日志记录 应该记录 debug 级别日志（字符串）","status":"passed","title":"应该记录 debug 级别日志（字符串）","duration":0.4716000000007625,"failureMessages":[],"meta":{}},{"ancestorTitles":["PinoLogger 服务单元测试","基本日志记录"],"fullName":"PinoLogger 服务单元测试 基本日志记录 应该记录 debug 级别日志（对象）","status":"passed","title":"应该记录 debug 级别日志（对象）","duration":0.6542000000008557,"failureMessages":[],"meta":{}},{"ancestorTitles":["PinoLogger 服务单元测试","基本日志记录"],"fullName":"PinoLogger 服务单元测试 基本日志记录 应该记录 info 级别日志（字符串）","status":"passed","title":"应该记录 info 级别日志（字符串）","duration":0.2691999999988184,"failureMessages":[],"meta":{}},{"ancestorTitles":["PinoLogger 服务单元测试","基本日志记录"],"fullName":"PinoLogger 服务单元测试 基本日志记录 应该记录 info 级别日志（对象）","status":"passed","title":"应该记录 info 级别日志（对象）","duration":0.32840000000214786,"failureMessages":[],"meta":{}},{"ancestorTitles":["PinoLogger 服务单元测试","基本日志记录"],"fullName":"PinoLogger 服务单元测试 基本日志记录 应该记录 warn 级别日志（字符串）","status":"passed","title":"应该记录 warn 级别日志（字符串）","duration":0.24729999999908614,"failureMessages":[],"meta":{}},{"ancestorTitles":["PinoLogger 服务单元测试","基本日志记录"],"fullName":"PinoLogger 服务单元测试 基本日志记录 应该记录 warn 级别日志（对象）","status":"passed","title":"应该记录 warn 级别日志（对象）","duration":0.2708999999995285,"failureMessages":[],"meta":{}},{"ancestorTitles":["PinoLogger 服务单元测试","基本日志记录"],"fullName":"PinoLogger 服务单元测试 基本日志记录 应该记录 error 级别日志（字符串）","status":"passed","title":"应该记录 error 级别日志（字符串）","duration":0.24430000000211294,"failureMessages":[],"meta":{}},{"ancestorTitles":["PinoLogger 服务单元测试","基本日志记录"],"fullName":"PinoLogger 服务单元测试 基本日志记录 应该记录 error 级别日志（对象，无错误对象）","status":"passed","title":"应该记录 error 级别日志（对象，无错误对象）","duration":0.6163999999989755,"failureMessages":[],"meta":{}},{"ancestorTitles":["PinoLogger 服务单元测试","错误对象处理"],"fullName":"PinoLogger 服务单元测试 错误对象处理 应该正确处理 Error 对象（err 字段）","status":"passed","title":"应该正确处理 Error 对象（err 字段）","duration":1.0924999999988358,"failureMessages":[],"meta":{}},{"ancestorTitles":["PinoLogger 服务单元测试","错误对象处理"],"fullName":"PinoLogger 服务单元测试 错误对象处理 应该正确处理 Error 对象（error 字段）","status":"passed","title":"应该正确处理 Error 对象（error 字段）","duration":0.6581000000005588,"failureMessages":[],"meta":{}},{"ancestorTitles":["PinoLogger 服务单元测试","错误对象处理"],"fullName":"PinoLogger 服务单元测试 错误对象处理 应该处理自定义错误类型","status":"passed","title":"应该处理自定义错误类型","duration":1.7475999999987835,"failureMessages":[],"meta":{}},{"ancestorTitles":["PinoLogger 服务单元测试","错误对象处理"],"fullName":"PinoLogger 服务单元测试 错误对象处理 应该处理无堆栈的错误","status":"passed","title":"应该处理无堆栈的错误","duration":0.4213999999992666,"failureMessages":[],"meta":{}},{"ancestorTitles":["PinoLogger 服务单元测试","子日志记录器"],"fullName":"PinoLogger 服务单元测试 子日志记录器 应该创建子日志记录器","status":"passed","title":"应该创建子日志记录器","duration":0.3790999999982887,"failureMessages":[],"meta":{}},{"ancestorTitles":["PinoLogger 服务单元测试","子日志记录器"],"fullName":"PinoLogger 服务单元测试 子日志记录器 子日志记录器应该继承父日志记录器的上下文","status":"passed","title":"子日志记录器应该继承父日志记录器的上下文","duration":0.41300000000046566,"failureMessages":[],"meta":{}},{"ancestorTitles":["PinoLogger 服务单元测试","子日志记录器"],"fullName":"PinoLogger 服务单元测试 子日志记录器 应该支持多层嵌套子日志记录器","status":"passed","title":"应该支持多层嵌套子日志记录器","duration":0.4434000000001106,"failureMessages":[],"meta":{}},{"ancestorTitles":["PinoLogger 服务单元测试","子日志记录器"],"fullName":"PinoLogger 服务单元测试 子日志记录器 应该支持空绑定创建子日志记录器","status":"passed","title":"应该支持空绑定创建子日志记录器","duration":0.22560000000157743,"failureMessages":[],"meta":{}},{"ancestorTitles":["PinoLogger 服务单元测试","日志级别"],"fullName":"PinoLogger 服务单元测试 日志级别 应该按级别记录不同消息","status":"passed","title":"应该按级别记录不同消息","duration":0.29200000000128057,"failureMessages":[],"meta":{}},{"ancestorTitles":["PinoLogger 服务单元测试","日志级别"],"fullName":"PinoLogger 服务单元测试 日志级别 应该支持混合使用字符串和对象","status":"passed","title":"应该支持混合使用字符串和对象","duration":0.5306999999993423,"failureMessages":[],"meta":{}},{"ancestorTitles":["PinoLogger 服务单元测试","对象清理"],"fullName":"PinoLogger 服务单元测试 对象清理 应该创建对象副本（避免修改原对象）","status":"passed","title":"应该创建对象副本（避免修改原对象）","duration":0.5843999999997322,"failureMessages":[],"meta":{}},{"ancestorTitles":["PinoLogger 服务单元测试","对象清理"],"fullName":"PinoLogger 服务单元测试 对象清理 应该处理嵌套对象","status":"passed","title":"应该处理嵌套对象","duration":0.6669000000001688,"failureMessages":[],"meta":{}},{"ancestorTitles":["PinoLogger 服务单元测试","对象清理"],"fullName":"PinoLogger 服务单元测试 对象清理 应该处理数组","status":"passed","title":"应该处理数组","duration":0.8114000000023225,"failureMessages":[],"meta":{}},{"ancestorTitles":["PinoLogger 服务单元测试","边界条件"],"fullName":"PinoLogger 服务单元测试 边界条件 应该处理空字符串","status":"passed","title":"应该处理空字符串","duration":0.6967000000004191,"failureMessages":[],"meta":{}},{"ancestorTitles":["PinoLogger 服务单元测试","边界条件"],"fullName":"PinoLogger 服务单元测试 边界条件 应该处理空对象","status":"passed","title":"应该处理空对象","duration":0.5532999999995809,"failureMessages":[],"meta":{}},{"ancestorTitles":["PinoLogger 服务单元测试","边界条件"],"fullName":"PinoLogger 服务单元测试 边界条件 应该处理超长字符串","status":"passed","title":"应该处理超长字符串","du
[...]
d","title":"应该支持多个子日志记录器并发","duration":0.6078000000015891,"failureMessages":[],"meta":{}}],"startTime":1762738786467,"endTime":1762738786486.608,"status":"passed","message":"","name":"D:/TSProjects/HushOps.Servers.XiaoHongShu/tests/unit/services/logger.test.ts"},{"assertionResults":[{"ancestorTitles":["RoxyClient 服务单元测试","健康检查"],"fullName":"RoxyClient 服务单元测试 健康检查 应该成功执行健康检查","status":"passed","title":"应该成功执行健康检查","duration":3.9154000000000906,"failureMessages":[],"meta":{}},{"ancestorTitles":["RoxyClient 服务单元测试","健康检查"],"fullName":"RoxyClient 服务单元测试 健康检查 应该处理健康检查失败","status":"passed","title":"应该处理健康检查失败","duration":1011.9016000000001,"failureMessages":[],"meta":{}},{"ancestorTitles":["RoxyClient 服务单元测试","健康检查"],"fullName":"RoxyClient 服务单元测试 健康检查 应该处理字符串响应","status":"passed","title":"应该处理字符串响应","duration":0.40879999999992833,"failureMessages":[],"meta":{}},{"ancestorTitles":["RoxyClient 服务单元测试","打开浏览器窗口"],"fullName":"RoxyClient 服务单元测试 打开浏览器窗口 应该成功打开浏览器窗口","status":"passed","title":"应该成功打开浏览器窗口","duration":2.42470000000003,"failureMessages":[],"meta":{}},{"ancestorTitles":["RoxyClient 服务单元测试","打开浏览器窗口"],"fullName":"RoxyClient 服务单元测试 打开浏览器窗口 应该支持带参数打开窗口","status":"passed","title":"应该支持带参数打开窗口","duration":0.3955000000000837,"failureMessages":[],"meta":{}},{"ancestorTitles":["RoxyClient 服务单元测试","打开浏览器窗口"],"fullName":"RoxyClient 服务单元测试 打开浏览器窗口 应该在缺少 ws 端点时抛出错误","status":"passed","title":"应该在缺少 ws 端点时抛出错误","duration":1.5710999999998876,"failureMessages":[],"meta":{}},{"ancestorTitles":["RoxyClient 服务单元测试","打开浏览器窗口"],"fullName":"RoxyClient 服务单元测试 打开浏览器窗口 应该在无 data 字段时使用 dirId 作为 id","status":"passed","title":"应该在无 data 字段时使用 dirId 作为 id","duration":0.31320000000005166,"failureMessages":[],"meta":{}},{"ancestorTitles":["RoxyClient 服务单元测试","关闭浏览器窗口"],"fullName":"RoxyClient 服务单元测试 关闭浏览器窗口 应该成功关闭浏览器窗口","status":"passed","title":"应该成功关闭浏览器窗口","duration":0.608199999999897,"failureMessages":[],"meta":{}},{"ancestorTitles":["RoxyClient 服务单元测试","关闭浏览器窗口"],"fullName":"RoxyClient 服务单元测试 关闭浏览器窗口 应该处理关闭失败","status":"passed","title":"应该处理关闭失败","duration":1013.3143000000002,"failureMessages":[],"meta":{}},{"ancestorTitles":["RoxyClient 服务单元测试","查询连接信息"],"fullName":"RoxyClient 服务单元测试 查询连接信息 应该成功查询单个连接信息","status":"passed","title":"应该成功查询单个连接信息","duration":1.0295000000000982,"failureMessages":[],"meta":{}},{"ancestorTitles":["RoxyClient 服务单元测试","查询连接信息"],"fullName":"RoxyClient 服务单元测试 查询连接信息 应该查询多个连接信息","status":"passed","title":"应该查询多个连接信息","duration":0.4924999999998363,"failureMessages":[],"meta":{}},{"ancestorTitles":["RoxyClient 服务单元测试","查询连接信息"],"fullName":"RoxyClient 服务单元测试 查询连接信息 应该处理无 data 字段的响应","status":"passed","title":"应该处理无 data 字段的响应","duration":0.394800000000032,"failureMessages":[],"meta":{}},{"ancestorTitles":["RoxyClient 服务单元测试","确保窗口打开"],"fullName":"RoxyClient 服务单元测试 确保窗口打开 应该复用已存在的窗口","status":"passed","title":"应该复用已存在的窗口","duration":0.555699999999888,"failureMessages":[],"meta":{}},{"ancestorTitles":["RoxyClient 服务单元测试","确保窗口打开"],"fullName":"RoxyClient 服务单元测试 确保窗口打开 应该在窗口不存在时打开新窗口","status":"passed","title":"应该在窗口不存在时打开新窗口","duration":0.36779999999998836,"failureMessages":[],"meta":{}},{"ancestorTitles":["RoxyClient 服务单元测试","确保窗口打开"],"fullName":"RoxyClient 服务单元测试 确保窗口打开 应该在 connectionInfo 失败时尝试打开","status":"passed","title":"应该在 connectionInfo 失败时尝试打开","duration":1010.2334000000001,"failureMessages":[],"meta":{}},{"ancestorTitles":["RoxyClient 服务单元测试","确保窗口打开"],"fullName":"RoxyClient 服务单元测试 确保窗口打开 应该支持带 workspaceId 的确保打开","status":"passed","title":"应该支持带 workspaceId 的确保打开","duration":1.1399000000001251,"failureMessages":[],"meta":{}},{"ancestorTitles":["RoxyClient 服务单元测试","工作空间管理"],"fullName":"RoxyClient 服务单元测试 工作空间管理 应该获取工作空间列表","status":"passed","title":"应该获取工作空间列表","duration":0.7690999999999804,"failureMessages":[],"meta":{}},{"ancestorTitles":["RoxyClient 服务单元测试","工作空间管理"],"fullName":"RoxyClient 服务单元测试 工作空间管理 应该支持分页参数","status":"passed","title":"应该支持分页参数","duration":0.5511000000001332,"failureMessages":[],"meta":{}},{"ancestorTitles":["RoxyClient 服务单元测试","窗口管理"],"fullName":"RoxyClient 服务单元测试 窗口管理 应该获取窗口列表","status":"passed","title":"应该获取窗口列表","duration":0.7748000000001412,"failureMessages":[],"meta":{}},{"ancestorTitles":["RoxyClient 服务单元测试","窗口管理"],"fullName":"RoxyClient 服务单元测试 窗口管理 应该支持多个查询参数","status":"passed","title":"应该支持多个查询参数","duration":0.7823000000003049,"failureMessages":[],"meta":{}},{"ancestorTitles":["RoxyClient 服务单元测试","窗口管理"],"fullName":"RoxyClient 服务单元测试 窗口管理 应该创建浏览器窗口","status":"passed","title":"应该创建浏览器窗口","duration":0.6150000000002365,"failureMessages":[],"meta":{}},{"ancestorTitles":["RoxyClient 服务单元测试","查询字符串构建"],"fullName":"RoxyClient 服务单元测试 查询字符串构建 应该正确编码查询参数","status":"passed","title":"应该正确编码查询参数","duration":0.37279999999964275,"failureMessages":[],"meta":{}},{"ancestorTitles":["RoxyClient 服务单元测试","查询字符串构建"],"fullName":"RoxyClient 服务单元测试 查询字符串构建 应该跳过 undefined/null/空值","status":"passed","title":"应该跳过 undefined/null/空值","duration":0.6372000000001208,"failureMessages":[],"meta":{}},{"ancestorTitles":["RoxyClient 服务单元测试","查询字符串构建"],"fullName":"RoxyClient 服务单元测试 查询字符串构建 应该处理特殊字符编码","status":"passed","title":"应该处理特殊字符编码","duration":0.36380000000008295,"failureMessages":[],"meta":{}},{"ancestorTitles":["RoxyClient 服务单元测试","边界条件"],"fullName":"RoxyClient 服务单元测试 边界条件 应该处理空 dirIds 数组","status":"passed","title":"应该处理空 dirIds 数组","duration":0.5419999999999163,"failureMessages":[],"meta":{}},{"ancestorTitles":["RoxyClient 服务单元测试","边界条件"],"fullName":"RoxyClient 服务单元测试 边界条件 应该处理特殊字符 dirId","status":"passed","title":"应该处理特殊字符 dirId","duration":0.5167000000001281,"failureMessages":[],"meta":{}}],"startTime":1762738765119,"endTime":1762738768174.542,"status":"passed","message":"","name":"D:/TSProjects/HushOps.Servers.XiaoHongShu/tests/unit/services/roxyClient.test.ts"},{"assertionResults":[{"ancestorTitles":["browser 工具全量集成"],"fullName":"browser 工具全量集成 open 正常返回","status":"passed","title":"open 正常返回","duration":76.6414999999979,"failureMessages":[],"meta":{}},{"ancestorTitles":["browser 工具全量集成"],"fullName":"browser 工具全量集成 close 正常返回","status":"passed","title":"close 正常返回","duration":0.2143999999971129,"failureMessages":[],"meta":{}}],"startTime":1762738923949,"endTime":1762738924025.6416,"status":"passed","message":"","name":"D:/TSProjects/HushOps.Servers.XiaoHongShu/tests/integration/mcp/tools/browser.tools.e2e.test.ts"},{"assertionResults":[{"ancestorTitles":["NO_WS_ENDPOINT 统一错误返回（无前置开窗）"],"fullName":"NO_WS_ENDPOINT 统一错误返回（无前置开窗） page_navigate 返回 NO_WS_ENDPOINT","status":"skipped","title":"page_navigate 返回 NO_WS_ENDPOINT","failureMessages":[],"meta":{}},{"ancestorTitles":["NO_WS_ENDPOINT 统一错误返回（无前置开窗）"],"fullName":"NO_WS_ENDPOINT 统一错误返回（无前置开窗） xhs_navigate_home 返回 NO_WS_ENDPOINT","status":"skipped","title":"xhs_navigate_home 返回 NO_WS_ENDPOINT","failureMessages":[],"meta":{}}],"startTime":1762738764750,"endTime":1762738764750,"status":"passed","message":"","name":"D:/TSProjects/HushOps.Servers.XiaoHongShu/tests/integration/mcp/tools/no-ws.tools.e2e.test.ts"},{"assertionResults":[{"ancestorTitles":["page 工具（交互）全量集成"],"fullName":"page 工具（交互）全量集成 type + click（human=false）","status":"failed","title":"type + click（human=false）","duration":2146.885399999999,"failureMessages":["AssertionError: expected false to be true // Object.is equality\n    at D:\\TSProjects\\HushOps.Servers.XiaoHongShu\\tests\\integration\\mcp\\tools\\page.tools.actions.e2e.test.ts:40:47\n    at file:///D:/TSProjects/HushOps.Servers.XiaoHongShu/node_modules/@vitest/runner/dist/index.js:533:5\n    at runTest (file:///D:/TSProjects/HushOps.Servers.XiaoHongShu/node_modules/@vitest/runner/dist/index.js:1056:11)\n    at runSuite (file:///D:/TSProjects/HushOps.Servers.XiaoHongShu/node_modules/@vitest/runner/dist/index.js:1205:15)\n    at runSuite (file:///D:/TSProjects/HushOps.Servers.XiaoHongShu/node_modules/@vitest/runner/dist/index.js:1205:15)\n    at runFiles (file:///D:/TSProjects/HushOps.Servers.XiaoHongShu/node_modules/@vitest/runner/dist/index.js:1262:5)\n    at startTests (file:///D:/TSProjects/HushOps.Servers.XiaoHongShu/node_modules/@vitest/runner/dist/index.js:1271:3)\n    at file:///D:/TSProjects/HushOps.Servers.XiaoHongShu/node_modules/vitest/dist/chunks/runBaseTests.3qpJUEJM.js:126:11\n    at withEnv (file:///D:/TSProjects/HushOps.Servers.XiaoHongShu/node_modules/vitest/dist/chunks/runBaseTests.3qpJUEJM.js:90:5)\n    at run (file:///D:/TSProjects/HushOps.Servers.XiaoHongShu/node_modules/vitest/dist/chunks/runBaseTests.3qpJUEJM.js:112:3)"],"meta":{}},{"ancestorTitles":["page 工具（交互）全量集成"],"fullName":"page 工具（交互）全量集成 hover + scroll（human=true）","status":"passed","title":"hover + scroll（human=true）","duration":2058.38440000001,"failureMessages":[],"meta":{}},{"ancestorTitles":["page 工具（交互）全量集成"],"fullName":"page 工具（交互）全量集成 定位失败路径","status":"passed","title":"定位失败路径","duration":2011.5470999999961,"failureMessages":[],"meta":{}}],"startTime":1762738910760,"endTime":1762738916976.547,"status":"failed","message":"","name":"D:/TSProjects/HushOps.Servers.XiaoHongShu/tests/integration/mcp/tools/page.tools.actions.e2e.test.ts"},{"assertionResults":[{"ancestorTitles":["page 工具（额外场景）全量集成"],"fullName":"page 工具（额外场景）全量集成 type(human=false) → input.clear(human=false) → type(human=true)","status":"passed","title":"type(human=false) → input.clear(human=false) → type(human=true)","duration":343.57560000001104,"failureMessages":[],"meta":{}},{"ancestorTitles":["page 工具（额外场景）全量集成"],"fullName":"page 工具（额外场景）全量集成 screenshot 正常返回路径并存在文件","status":"passed","title":"screenshot 正常返回路径并存在文件","duration":325.565499999997,"failureMessages":[],"meta":{}}],"startTime":1762738909867,"endTime":1762738910535.5654,"status":"passed","message":"","name":"D:/TSProjects/HushOps.Servers.XiaoHongShu/tests/integration/mcp/tools/page.tools.extra.e2e.test.ts"},{"assertionResults":[{"ancestorTitles":["page 工具（生命周期）全量集成"],"fullName":"page 工具（生命周期）全量集成 create → navigate → list → close","status":"passed","title":"create → navigate → list → close","duration":241.64410000000498,"failureMessages":[],"meta":{}}],"startTime":1762738922854,"endTime":1762738923095.644,"status":"passed","message":"","name":"D:/TSProjects/HushOps.Servers.XiaoHongShu/tests/integration/mcp/tools/page.tools.lifecycle.e2e.test.ts"},{"assertionResults":[{"ancestorTitles":["xhs 工具全量集成"],"fullName":"xhs 工具全量集成 xhs_open_context","status":"passed","title":"xhs_open_context","duration":0.4239999999990687,"failureMessages":[],"meta":{}},{"ancestorTitles":["xhs 工具全量集成"],"fullName":"xhs 工具全量集成 xhs_navigate_home","status":"passed","title":"xhs_navigate_home","duration":250.48509999999078,"failureMessages":[],"meta":{}},{"ancestorTitles":["xhs 工具全量集成"],"fullName":"xhs 工具全量集成 xhs_session_check","status":"passed","title":"xhs_session_check","duration":11.296899999986636,"failureMessages":[],"meta":{}}],"startTime":1762738923293,"endTime":1762738923555.2969,"status":"passed","message":"","name":"D:/TSProjects/HushOps.Servers.XiaoHongShu/tests/integration/mcp/tools/xhs.tools.e2e.test.ts"},{"assertionResults":[{"ancestorTitles":["xhsShortcuts 工具（最小路径）"],"fullName":"xhsShortcuts 工具（最小路径） search_keyword 正常返回","status":"failed","title":"search_keyword 正常返回","duration":20004.277499999997,"failureMessages":["Error: Test timed out in 20000ms.\nIf this is a long-running test, pass a timeout value as the last argument or configure it globally with \"testTimeout\".\n    at Timeout.<anonymous> (file:///D:/TSProjects/HushOps.Servers.XiaoHongShu/node_modules/@vitest/runner/dist/index.js:44:18)\n    at listOnTimeout (node:internal/timers:588:17)\n    at processTimers (node:internal/timers:523:7)"],"meta":{}}],"startTime":1762738924219,"endTime":1762738944223.2776,"status":"failed","message":"","name":"D:/TSProjects/HushOps.Servers.XiaoHongShu/tests/integration/mcp/tools/xhsShortcuts.min.tools.e2e.test.ts"},{"assertionResults":[{"ancestorTitles":["xhsShortcuts 工具全量集成"],"fullName":"xhsShortcuts 工具全量集成 navigate_discover 成功并带软校验","status":"passed","title":"navigate_discover 成功并带软校验","duration":1214.678700000004,"failureMessages":[],"meta":{}},{"ancestorTitles":["xhsShortcuts 工具全量集成"],"fullName":"xhsShortcuts 工具全量集成 search_keyword 与 collect_search_results","status":"passed","title":"search_keyword 与 collect_search_results","duration":27640.262000000002,"failureMessages":[],"meta":{}},{"ancestorTitles":["xhsShortcuts 工具全量集成"],"fullName":"xhsShortcuts 工具全量集成 close_modal 关闭模态（先导航到带模态的页面）","status":"passed","title":"close_modal 关闭模态（先导航到带模态的页面）","duration":112.39130000001751,"failureMessages":[],"meta":{}},{"ancestorTitles":["xhsShortcuts 工具全量集成"],"fullName":"xhsShortcuts 工具全量集成 navigate_discover 失败路径：应写入截图并返回路径","status":"passed","title":"navigate_discover 失败路径：应写入截图并返回路径","duration":1300.9052000000083,"failureMessages":[],"meta":{}}],"startTime":1762738878081,"endTime":1762738908349.9053,"status":"passed","message":"","name":"D:/TSProjects/HushOps.Servers.XiaoHongShu/tests/integration/mcp/tools/xhsShortcuts.tools.e2e.test.ts"},{"assertionResults":[{"ancestorTitles":["keyboard actions"],"fullName":"keyboard actions types with wpm delays and autocorrect","status":"passed","title":"types with wpm delays and autocorrect","duration":0.512300000002142,"failureMessages":[],"meta":{}}],"startTime":1762738948215,"endTime":1762738948215.5122,"status":"passed","message":"","name":"D:/TSProjects/HushOps.Servers.XiaoHongShu/tests/unit/humanization/actions/keyboard.test.ts"},{"assertionResults":[{"ancestorTitles":["mouse actions"],"fullName":"mouse actions moveMouseCubic moves along path","status":"passed","title":"moveMouseCubic moves along path","duration":601.5944000000018,"failureMessages":[],"meta":{}},{"ancestorTitles":["mouse actions"],"fullName":"mouse actions hoverHuman moves then hovers","status":"passed","title":"hoverHuman moves then hovers","duration":606.9545999999973,"failureMessages":[],"meta":{}},{"ancestorTitles":["mouse actions"],"fullName":"mouse actions clickHuman moves then clicks","status":"passed","title":"clickHuman moves then clicks","duration":606.4482000000135,"failureMessages":[],"meta":{}}],"startTime":1762738944365,"endTime":1762738946179.4482,"status":"passed","message":"","name":"D:/TSProjects/HushOps.Servers.XiaoHongShu/tests/unit/humanization/actions/mouse.test.ts"},{"assertionResults":[{"ancestorTitles":["scroll actions"],"fullName":"scroll actions scrollHumanized wheels multiple segments","status":"passed","title":"scrollHumanized wheels multiple segments","duration":632.4396000000124,"failureMessages":[],"meta":{}}],"startTime":1762738948317,"endTime":1762738948949.4397,"status":"passed","message":"","name":"D:/TSProjects/HushOps.Servers.XiaoHongShu/tests/unit/humanization/actions/scroll.test.ts"},{"assertionResults":[{"ancestorTitles":["cubic curves"],"fullName":"cubic curves endpoints","status":"passed","title":"endpoints","duration":0.22179999999934807,"failureMessages":[],"meta":{}},{"ancestorTitles":["cubic curves"],"fullName":"cubic curves path smoothness","status":"passed","title":"path smoothness","duration":0.5048999999999069,"failureMessages":[],"meta":{}}],"startTime":1762738947018,"endTime":1762738947018.505,"status":"passed","message":"","name":"D:/TSProjects/HushOps.Servers.XiaoHongShu/tests/unit/humanization/core/curves.test.ts"},{"assertionResults":[{"ancestorTitles":["distributions"],"fullName":"distributions normal stats","status":"passed","title":"normal stats","duration":2.348999999987427,"failureMessages":[],"meta":{}},{"ancestorTitles":["distributions"],"fullName":"distributions uniform bounds","status":"passed","title":"uniform bounds","duration":0.2856000000028871,"failureMessages":[],"meta":{}},{"ancestorTitles":["distributions"],"fullName":"distributions poisson mean","status":"passed","title":"poisson mean","duration":2.3453999999910593,"failureMessages":[],"meta":{}}],"startTime":1762738946224,"endTime":1762738946228.3455,"status":"passed","message":"","name":"D:/TSProjects/HushOps.Servers.XiaoHongShu/tests/unit/humanization/core/distributions.test.ts"},{"assertionResults":[{"ancestorTitles":["randomization"],"fullName":"randomization jitter bounds","status":"passed","title":"jitter bounds","duration":1.307299999985844,"failureMessages":[],"meta":{}},{"ancestorTitles":["randomization"],"fullName":"randomization randomVariance percent","status":"passed","title":"randomVariance percent","duration":0.5470000000204891,"failureMessages":[],"meta":{}},{"ancestorTitles":["randomization"],"fullName":"randomization neighbor keys","status":"passed","title":"neighbor keys","duration":0.19909999999799766,"failureMessages":[],"meta":{}}],"startTime":1762738947037,"endTime":1762738947039.547,"status":"passed","message":"","name":"D:/TSProjects/HushOps.Servers.XiaoHongShu/tests/unit/humanization/core/randomization.test.ts"},{"assertionResults":[{"ancestorTitles":["timing easing"],"fullName":"timing easing boundaries","status":"passed","title":"boundaries","duration":0.3373999999894295,"failureMessages":[],"meta":{}},{"ancestorTitles":["timing easing"],"fullName":"timing easing monotonic","status":"passed","title":"monotonic","duration":2.2938000000140164,"failureMessages":[],"meta":{}},{"ancestorTitles":["timing easing"],"fullName":"timing easing shapes","status":"passed","title":"shapes","duration":0.27550000001792796,"failureMessages":[],"meta":{}}],"startTime":1762738947126,"endTime":1762738947128.2937,"status":"passed","message":"","name":"D:/TSProjects/HushOps.Servers.XiaoHongShu/tests/unit/humanization/core/timing.test.ts"},{"assertionResults":[{"ancestorTitles":["validateCaptureQuality"],"fullName":"validateCaptureQuality 应该正确计算高质量内容的分数","status":"passed","title":"应该正确计算高质量内容的分数","duration":0.40120000000752043,"failureMessages":[],"meta":{}},{"ancestorTitles":["validateCaptureQuality"],"fullName":"validateCaptureQuality 应该正确计算中等质量内容的分数","status":"passed","title":"应该正确计算中等质量内容的分数","duration":0.10330000000249129,"failureMessages":[],"meta":{}},{"ancestorTitles":["validateCaptureQuality"],"fullName":"validateCaptureQuality 应该正确计算低质量内容的分数","status":"passed","title":"应该正确计算低质量内容的分数","duration":0.07820000000356231,"failureMessages":[],"meta":{}},{"ancestorTitles":["validateCaptureQuality"],"fullName":"validateCaptureQuality 应该正确计算部分质量内容的分数","status":"passed","title":"应该正确计算部分质量内容的分数","duration":0.08430000000225846,"failureMessages":[],"meta":{}},{"ancestorTitles":["validateCaptureQuality"],"fullName":"validateCaptureQuality 应该处理空内容","status":"passed","title":"应该处理空内容","duration":0.10390000000188593,"failureMessages":[],"meta":{}},{"ancestorTitles":["progressiveWait"],"fullName":"progressiveWait 应该在网络空闲等待超时后继续执行","status":"passed","title":"应该在网络空闲等待超时后继续执行","duration":0.3096999999979744,"failureMessages":[],"meta":{}},{"ancestorTitles":["progressiveWait"],"fullName":"progressiveWait 应该在内容长度等待超时后继续执行","status":"passed","title":"应该在内容长度等待超时后继续执行","duration":0.18420000000332948,"failureMessages":[],"meta":{}},{"ancestorTitles":["progressiveWait"],"fullName":"progressiveWait 应该正常完成所有等待阶段","status":"passed","title":"应该正常完成所有等待阶段","duration":0.12589999999909196,"failureMessages":[],"meta":{}},{"ancestorTitles":["progressiveWait"],"fullName":"progressiveWait 应该在所有等待都超时时正常完成","status":"passed","title":"应该在所有等待都超时时正常完成","duration":0.16749999999592546,"failureMessages":[],"meta":{}},{"ancestorTitles":["质量分数边界条件"],"fullName":"质量分数边界条件 应该在 HTML 长度恰好 10000 时给予满分","status":"passed","title":"应该在 HTML 长度恰好 10000 时给予满分","duration":0.21719999999913853,"failureMessages":[],"meta":{}},{"ancestorTitles":["质量分数边界条件"],"fullName":"质量分数边界条件 应该在 HTML 长度恰好 5000 时给予部分分数","status":"passed","title":"应该在 HTML 长度恰好 5000 时给予部分分数","duration":0.1088000000017928,"failureMessages":[],"meta":{}},{"ancestorTitles":["质量分数边界条件"],"fullName":"质量分数边界条件 应该在内容长度恰好达标时给予满分","status":"passed","title":"应该在内容长度恰好达标时给予满分","duration":0.08370000000286382,"failureMessages":[],"meta":{}}],"startTime":1762738876190,"endTime":1762738876192.2173,"status":"passed","message":"","name":"D:/TSProjects/HushOps.Servers.XiaoHongShu/tests/unit/services/scraper/quality.test.ts"}]}