{"numTotalTestSuites":247,"numPassedTestSuites":238,"numFailedTestSuites":9,"numPendingTestSuites":0,"numTotalTests":357,"numPassedTests":348,"numFailedTests":7,"numPendingTests":2,"numTodoTests":0,"snapshot":{"added":0,"failure":false,"filesAdded":0,"filesRemoved":0,"filesRemovedList":[],"filesUnmatched":0,"filesUpdated":0,"matched":0,"total":0,"unchecked":0,"uncheckedKeysByFile":[],"unmatched":0,"updated":0,"didUpdate":false},"startTime":1762738602116,"success":false,"testResults":[{"assertionResults":[{"ancestorTitles":["ConfigSchema"],"fullName":"ConfigSchema parses baseURL or host+port with policy defaults","status":"passed","title":"parses baseURL or host+port with policy defaults","duration":0.4719000000040978,"failureMessages":[],"meta":{}}],"startTime":1762738762744,"endTime":1762738762744.472,"status":"passed","message":"","name":"D:/TSProjects/HushOps.Servers.XiaoHongShu/tests/config.test.ts"},{"assertionResults":[{"ancestorTitles":["ActionResult utils"],"fullName":"ActionResult utils ok() returns ok: true with value","status":"passed","title":"ok() returns ok: true with value","duration":0.16009999997913837,"failureMessages":[],"meta":{}},{"ancestorTitles":["ActionResult utils"],"fullName":"ActionResult utils fail() returns ok: false with error","status":"passed","title":"fail() returns ok: false with error","duration":0.09390000000712462,"failureMessages":[],"meta":{}}],"startTime":1762738763400,"endTime":1762738763400.1602,"status":"passed","message":"","name":"D:/TSProjects/HushOps.Servers.XiaoHongShu/tests/executor.test.ts"},{"assertionResults":[{"ancestorTitles":["humanization"],"fullName":"humanization curve path returns many points and starts/ends near endpoints","status":"passed","title":"curve path returns many points and starts/ends near endpoints","duration":0.3520000000135042,"failureMessages":[],"meta":{}},{"ancestorTitles":["humanization"],"fullName":"humanization linear path has constant step count","status":"passed","title":"linear path has constant step count","duration":0.14420000000973232,"failureMessages":[],"meta":{}},{"ancestorTitles":["humanization"],"fullName":"humanization char delay scales with wpm","status":"passed","title":"char delay scales with wpm","duration":0.16840000002412125,"failureMessages":[],"meta":{}}],"startTime":1762738760798,"endTime":1762738760798.352,"status":"passed","message":"","name":"D:/TSProjects/HushOps.Servers.XiaoHongShu/tests/humanization.test.ts"},{"assertionResults":[{"ancestorTitles":["PolicyEnforcer"],"fullName":"PolicyEnforcer opens after failures then half-open then closed on success","status":"passed","title":"opens after failures then half-open then closed on success","duration":1014.801599999977,"failureMessages":[],"meta":{}}],"startTime":1762738761650,"endTime":1762738762664.8015,"status":"passed","message":"","name":"D:/TSProjects/HushOps.Servers.XiaoHongShu/tests/policy.test.ts"},{"assertionResults":[{"ancestorTitles":["domainSlugFromUrl"],"fullName":"domainSlugFromUrl extracts second-level domain as slug","status":"passed","title":"extracts second-level domain as slug","duration":0.17710000000079162,"failureMessages":[],"meta":{}},{"ancestorTitles":["domainSlugFromUrl"],"fullName":"domainSlugFromUrl returns undefined on invalid url","status":"passed","title":"returns undefined on invalid url","duration":0.10029999999096617,"failureMessages":[],"meta":{}}],"startTime":1762738762801,"endTime":1762738762802.1003,"status":"passed","message":"","name":"D:/TSProjects/HushOps.Servers.XiaoHongShu/tests/selector-config.test.ts"},{"assertionResults":[{"ancestorTitles":["selector hints"],"fullName":"selector hints throws when no hints","status":"passed","title":"throws when no hints","duration":0.3212000000057742,"failureMessages":[],"meta":{}}],"startTime":1762738763382,"endTime":1762738763382.3213,"status":"passed","message":"","name":"D:/TSProjects/HushOps.Servers.XiaoHongShu/tests/selector.test.ts"},{"assertionResults":[{"ancestorTitles":["端到端测试：笔记选择和内容提取"],"fullName":"端到端测试：笔记选择和内容提取 完整流程：搜索 → 找到卡片 → 点击打开 → 验证详情","status":"passed","title":"完整流程：搜索 → 找到卡片 → 点击打开 → 验证详情","duration":792.7565999999933,"failureMessages":[],"meta":{}},{"ancestorTitles":["端到端测试：笔记选择和内容提取"],"fullName":"端到端测试：笔记选择和内容提取 边界测试：无匹配卡片时的处理","status":"passed","title":"边界测试：无匹配卡片时的处理","duration":180.94979999999487,"failureMessages":[],"meta":{}},{"ancestorTitles":["端到端测试：笔记选择和内容提取"],"fullName":"端到端测试：笔记选择和内容提取 并发测试：同时处理多个卡片","status":"passed","title":"并发测试：同时处理多个卡片","duration":190.91919999999664,"failureMessages":[],"meta":{}},{"ancestorTitles":["端到端测试：笔记选择和内容提取"],"fullName":"端到端测试：笔记选择和内容提取 性能测试：卡片收集和解析性能","status":"passed","title":"性能测试：卡片收集和解析性能","duration":198.02709999999934,"failureMessages":[],"meta":{}}],"startTime":1762738653388,"endTime":1762738654751.027,"status":"passed","message":"","name":"D:/TSProjects/HushOps.Servers.XiaoHongShu/tests/e2e/complete-workflow.e2e.test.ts"},{"assertionResults":[{"ancestorTitles":["错误恢复测试","网络错误重试"],"fullName":"错误恢复测试 网络错误重试 应该在网络错误后成功重试","status":"passed","title":"应该在网络错误后成功重试","duration":3011.751400000001,"failureMessages":[],"meta":{}},{"ancestorTitles":["错误恢复测试","网络错误重试"],"fullName":"错误恢复测试 网络错误重试 应该在 HTTP 5xx 错误后重试","status":"passed","title":"应该在 HTTP 5xx 错误后重试","duration":1012.1849000000002,"failureMessages":[],"meta":{}},{"ancestorTitles":["错误恢复测试","网络错误重试"],"fullName":"错误恢复测试 网络错误重试 应该在重试次数用尽后抛出 NetworkError","status":"passed","title":"应该在重试次数用尽后抛出 NetworkError","duration":3014.8521000000037,"failureMessages":[],"meta":{}},{"ancestorTitles":["错误恢复测试","网络错误重试"],"fullName":"错误恢复测试 网络错误重试 应该不重试 HTTP 4xx 错误","status":"passed","title":"应该不重试 HTTP 4xx 错误","duration":1.2586999999984982,"failureMessages":[],"meta":{}},{"ancestorTitles":["错误恢复测试","超时处理"],"fullName":"错误恢复测试 超时处理 应该在请求超时后重试","status":"passed","title":"应该在请求超时后重试","duration":1072.0786000000007,"failureMessages":[],"meta":{}},{"ancestorTitles":["错误恢复测试","响应格式错误"],"fullName":"错误恢复测试 响应格式错误 应该处理非 JSON 响应","status":"passed","title":"应该处理非 JSON 响应","duration":1012.5708999999915,"failureMessages":[],"meta":{}},{"ancestorTitles":["错误恢复测试","请求中断和重试"],"fullName":"错误恢复测试 请求中断和重试 应该支持 AbortController 中断请求","status":"passed","title":"应该支持 AbortController 中断请求","duration":1230.2744999999995,"failureMessages":[],"meta":{}},{"ancestorTitles":["错误恢复测试","并发请求错误处理"],"fullName":"错误恢复测试 并发请求错误处理 应该独立处理多个并发请求的错误","status":"passed","title":"应该独立处理多个并发请求的错误","duration":1012.058400000009,"failureMessages":[],"meta":{}},{"ancestorTitles":["错误恢复测试","错误上下文信息"],"fullName":"错误恢复测试 错误上下文信息 应该在 NetworkError 中包含请求上下文","status":"passed","title":"应该在 NetworkError 中包含请求上下文","duration":1009.5996000000014,"failureMessages":[],"meta":{}},{"ancestorTitles":["错误恢复测试","错误上下文信息"],"fullName":"错误恢复测试 错误上下文信息 应该在错误中包含响应状态码","status":"passed","title":"应该在错误中包含响应状态码","duration":1008.6618999999919,"failureMessages":[],"meta":{}}],"startTime":1762738659212,"endTime":1762738672597.6619,"status":"passed","message":"","name":"D:/TSProjects/HushOps.Servers.XiaoHongShu/tests/integration/errorRecovery.test.ts"},{"assertionResults":[{"ancestorTitles":["resource templates"],"fullName":"resource templates reads artifacts index via resource URI","status":"passed","title":"reads artifacts index via resource URI","duration":0.28020000000833534,"failureMessages":[],"meta":{}}],"startTime":1762738738470,"endTime":1762738738470.2803,"status":"passed","message":"","name":"D:/TSProjects/HushOps.Servers.XiaoHongShu/tests/mcp/resources.templates.test.ts"},{"assertionResults":[{"ancestorTitles":["resources tools"],"fullName":"resources tools lists artifacts under dirId","status":"passed","title":"lists artifacts under dirId","duration":0.2668999999877997,"failureMessages":[],"meta":{}},{"ancestorTitles":["resources tools"],"fullName":"resources tools reads artifact as text","status":"passed","title":"reads artifact as text","duration":0.1810000000114087,"failureMessages":[],"meta":{}}],"startTime":1762738738006,"endTime":1762738738006.2668,"status":"passed","message":"","name":"D:/TSProjects/HushOps.Servers.XiaoHongShu/tests/mcp/resources.test.ts"},{"assertionResults":[{"ancestorTitles":["mcp server tools"],"fullName":"mcp server tools server_ping returns ok","status":"passed","title":"server_ping returns ok","duration":0.34549999999580905,"failureMessages":[],"meta":{}}],"startTime":1762738758794,"endTime":1762738758794.3455,"status":"passed","message":"","name":"D:/TSProjects/HushOps.Servers.XiaoHongShu/tests/mcp/server.tools.test.ts"},{"assertionResults":[{"ancestorTitles":["page.snapshot (optional, requires Roxy)"],"fullName":"page.snapshot (optional, requires Roxy) returns a11y summary","status":"passed","title":"returns a11y summary","duration":0.19720000002416782,"failureMessages":[],"meta":{}}],"startTime":1762738758658,"endTime":1762738758658.1973,"status":"passed","message":"","name":"D:/TSProjects/HushOps.Servers.XiaoHongShu/tests/mcp/snapshot.optional.test.ts"},{"assertionResults":[{"ancestorTitles":["mcp stdout guard"],"fullName":"mcp stdout guard connect succeeds with MCP_LOG_STDERR=true","status":"passed","title":"connect succeeds with MCP_LOG_STDERR=true","duration":0.29889999999431893,"failureMessages":[],"meta":{}}],"startTime":1762738758760,"endTime":1762738758760.2988,"status":"passed","message":"","name":"D:/TSProjects/HushOps.Servers.XiaoHongShu/tests/mcp/stdout.guard.test.ts"},{"assertionResults":[{"ancestorTitles":["mcp tools list (official names)"],"fullName":"mcp tools list (official names) includes official tool names","status":"passed","title":"includes official tool names","duration":0.3405999999959022,"failureMessages":[],"meta":{}}],"startTime":1762738738294,"endTime":1762738738294.3406,"status":"passed","message":"","name":"D:/TSProjects/HushOps.Servers.XiaoHongShu/tests/mcp/tools.names.test.ts"},{"assertionResults":[{"ancestorTitles":["noteActions __test helpers"],"fullName":"noteActions __test helpers isClickable: true when visible + box valid + style ok + hit ok","status":"passed","title":"isClickable: true when visible + box valid + style ok + hit ok","duration":1.0711000000010245,"failureMessages":[],"meta":{}},{"ancestorTitles":["noteActions __test helpers"],"fullName":"noteActions __test helpers isClickable: false when style not ok","status":"passed","title":"isClickable: false when style not ok","duration":0.6093000000109896,"failureMessages":[],"meta":{}},{"ancestorTitles":["noteActions __test helpers"],"fullName":"noteActions __test helpers isClickable: false when hit test fails","status":"passed","title":"isClickable: false when hit test fails","duration":0.3751999999949476,"failureMessages":[],"meta":{}},{"ancestorTitles":["noteActions __test helpers"],"fullName":"noteActions __test helpers clickHumanScoped: hover+soft-wait then click when initially not clickable","status":"passed","title":"clickHumanScoped: hover+soft-wait then click when initially not clickable","duration":0.7762000000075204,"failureMessages":[],"meta":{}}],"startTime":1762738731150,"endTime":1762738731152.7761,"status":"passed","message":"","name":"D:/TSProjects/HushOps.Servers.XiaoHongShu/tests/unit/noteActions.mock.test.ts"},{"assertionResults":[{"ancestorTitles":["plans"],"fullName":"plans scroll plan length matches segments and includes pauses","status":"passed","title":"scroll plan length matches segments and includes pauses","duration":0.2631999999866821,"failureMessages":[],"meta":{}},{"ancestorTitles":["plans"],"fullName":"plans mouse plan appends micro tremor by default","status":"passed","title":"mouse plan appends micro tremor by default","duration":0.19459999998798594,"failureMessages":[],"meta":{}}],"startTime":1762738760775,"endTime":1762738760775.2632,"status":"passed","message":"","name":"D:/TSProjects/HushOps.Servers.XiaoHongShu/tests/unit/plans.test.ts"},{"assertionResults":[{"ancestorTitles":["scroll metrics computeRetention"],"fullName":"scroll metrics computeRetention computes retention as shared / prev","status":"passed","title":"computes retention as shared / prev","duration":0.32010000001173466,"failureMessages":[],"meta":{}},{"ancestorTitles":["scroll metrics computeRetention"],"fullName":"scroll metrics computeRetention falls back to text hash when id missing","status":"passed","title":"falls back to text hash when id missing","duration":0.31889999998384155,"failureMessages":[],"meta":{}}],"startTime":1762738760730,"endTime":1762738760731.3188,"status":"passed","message":"","name":"D:/TSProjects/HushOps.Servers.XiaoHongShu/tests/unit/scroll-metrics.test.ts"},{"assertionResults":[{"ancestorTitles":["xhs scroll step compute"],"fullName":"xhs scroll step compute uses ratio of viewport with caps","status":"passed","title":"uses ratio of viewport with caps","duration":0.22290000002249144,"failureMessages":[],"meta":{}},{"ancestorTitles":["xhs scroll step compute"],"fullName":"xhs scroll step compute prefers explicit opts.scrollStep when provided","status":"passed","title":"prefers explicit opts.scrollStep when provided","duration":0.08420000001206063,"failureMessages":[],"meta":{}}],"startTime":1762738761574,"endTime":1762738761574.223,"status":"passed","message":"","name":"D:/TSProjects/HushOps.Servers.XiaoHongShu/tests/unit/scroll-step.test.ts"},{"assertionResults":[{"ancestorTitles":["RoxyClient API 集成测试"],"fullName":"RoxyClient API 集成测试 应该通过健康检查","status":"passed","title":"应该通过健康检查","duration":1.8549999999959255,"failureMessages":[],"meta":{}},{"ancestorTitles":["RoxyClient API 集成测试"],"fullName":"RoxyClient API 集成测试 应该能查询工作区列表","status":"passed","title":"应该能查询工作区列表","duration":179.3307999999961,"failureMessages":[],"meta":{}},{"ancestorTitles":["RoxyClient API 集成测试"],"fullName":"RoxyClient API 集成测试 应该能查询窗口列表","status":"passed","title":"应该能查询窗口列表","duration":187.82220000000962,"failureMessages":[],"meta":{}}],"startTime":1762738723176,"endTime":1762738723544.8223,"status":"passed","message":"","name":"D:/TSProjects/HushOps.Servers.XiaoHongShu/tests/integration/roxy/api.test.ts"},{"assertionResults":[{"ancestorTitles":["CDP 连接集成测试"],"fullName":"CDP 连接集成测试 应该能通过 CDP 连接到 RoxyBrowser","status":"passed","title":"应该能通过 CDP 连接到 RoxyBrowser","duration":16583.841199999995,"failureMessages":[],"meta":{}},{"ancestorTitles":["CDP 连接集成测试"],"fullName":"CDP 连接集成测试 应该能在同一个 Context 中打开多个 Page","status":"passed","title":"应该能在同一个 Context 中打开多个 Page","duration":16302.144199999995,"failureMessages":[],"meta":{}}],"startTime":1762738680902,"endTime":1762738713788.1443,"status":"passed","message":"","name":"D:/TSProjects/HushOps.Servers.XiaoHongShu/tests/integration/roxy/cdp.test.ts"},{"assertionResults":[{"ancestorTitles":["数据隔离验证测试"],"fullName":"数据隔离验证测试 应该验证多账号 Cookies 完全隔离","status":"failed","title":"应该验证多账号 Cookies 完全隔离","duration":17157.911500000002,"failureMessages":["AssertionError: expected 'account_3' to be 'account_1' // Object.is equality\n    at D:\\TSProjects\\HushOps.Servers.XiaoHongShu\\tests\\integration\\roxy\\isolation.test.ts:150:46\n    at file:///D:/TSProjects/HushOps.Servers.XiaoHongShu/node_modules/@vitest/runner/dist/index.js:533:5\n    at runTest (file:///D:/TSProjects/HushOps.Servers.XiaoHongShu/node_modules/@vitest/runner/dist/index.js:1056:11)\n    at runSuite (file:///D:/TSProjects/HushOps.Servers.XiaoHongShu/node_modules/@vitest/runner/dist/index.js:1205:15)\n    at runSuite (file:///D:/TSProjects/HushOps.Servers.XiaoHongShu/node_modules/@vitest/runner/dist/index.js:1205:15)\n    at runFiles (file:///D:/TSProjects/HushOps.Servers.XiaoHongShu/node_modules/@vitest/runner/dist/index.js:1262:5)\n    at startTests (file:///D:/TSProjects/HushOps.Servers.XiaoHongShu/node_modules/@vitest/runner/dist/index.js:1271:3)\n    at file:///D:/TSProjects/HushOps.Servers.XiaoHongShu/node_modules/vitest/dist/chunks/runBaseTests.3qpJUEJM.js:126:11\n    at withEnv (file:///D:/TSProjects/HushOps.Servers.XiaoHongShu/node_modules/vitest/dist/chunks/runBaseTests.3qpJUEJM.js:90:5)\n    at run (file:///D:/TSProjects/HushOps.Servers.XiaoHongShu/node_modules/vitest/dist/chunks/runBaseTests.3qpJUEJM.js:112:3)"],"meta":{}},{"ancestorTitles":["数据隔离验证测试"],"fullName":"数据隔离验证测试 应该验证多账号 LocalStorage 完全隔离","status":"failed","title":"应该验证多账号 LocalStorage 完全隔离","duration":326.5388000000021,"failureMessages":["AssertionError: expected 'account_3' to be 'account_1' // Object.is equality\n    at D:\\TSProjects\\HushOps.Servers.XiaoHongShu\\tests\\integration\\roxy\\isolation.test.ts:214:34\n    at file:///D:/TSProjects/HushOps.Servers.XiaoHongShu/node_modules/@vitest/runner/dist/index.js:533:5\n    at runTest (file:///D:/TSProjects/HushOps.Servers.XiaoHongShu/node_modules/@vitest/runner/dist/index.js:1056:11)\n    at runSuite (file:///D:/TSProjects/HushOps.Servers.XiaoHongShu/node_modules/@vitest/runner/dist/index.js:1205:15)\n    at runSuite (file:///D:/TSProjects/HushOps.Servers.XiaoHongShu/node_modules/@vitest/runner/dist/index.js:1205:15)\n    at runFiles (file:///D:/TSProjects/HushOps.Servers.XiaoHongShu/node_modules/@vitest/runner/dist/index.js:1262:5)\n    at startTests (file:///D:/TSProjects/HushOps.Servers.XiaoHongShu/node_modules/@vitest/runner/dist/index.js:1271:3)\n    at file:///D:/TSProjects/HushOps.Servers.XiaoHongShu/node_modules/vitest/dist/chunks/runBaseTests.3qpJUEJM.js:126:11\n    at withEnv (file:///D:/TSProjects/HushOps.Servers.XiaoHongShu/node_modules/vitest/dist/chunks/runBaseTests.3qpJUEJM.js:90:5)\n    at run (file:///D:/TSProjects/HushOps.Servers.XiaoHongShu/node_modules/vitest/dist/chunks/runBaseTests.3qpJUEJM.js:112:3)"],"meta":{}},{"ancestorTitles":["数据隔离验证测试"],"fullName":"数据隔离验证测试 应该验证多账号 SessionStorage 完全隔离","status":"failed","title":"应该验证多账号 SessionStorage 完全隔离","duration":305.28110000000015,"failureMessages":["AssertionError: expected null to be 'session_1' // Object.is equality\n    at D:\\TSProjects\\HushOps.Servers.XiaoHongShu\\tests\\integration\\roxy\\isolation.test.ts:269:34\n    at file:///D:/TSProjects/HushOps.Servers.XiaoHongShu/node_modules/@vitest/runner/dist/index.js:533:5\n    at runTest (file:///D:/TSProjects/HushOps.Servers.XiaoHongShu/node_modules/@vitest/runner/dist/index.js:1056:11)\n    at runSuite (file:///D:/TSProjects/HushOps.Servers.XiaoHongShu/node_modules/@vitest/runner/dist/index.js:1205:15)\n    at runSuite (file:///D:/TSProjects/HushOps.Servers.XiaoHongShu/node_modules/@vitest/runner/dist/index.js:1205:15)\n    at runFiles (file:///D:/TSProjects/HushOps.Servers.XiaoHongShu/node_modules/@vitest/runner/dist/index.js:1262:5)\n    at startTests (file:///D:/TSProjects/HushOps.Servers.XiaoHongShu/node_modules/@vitest/runner/dist/index.js:1271:3)\n    at file:///D:/TSProjects/HushOps.Servers.XiaoHongShu/node_modules/vitest/dist/chunks/runBaseTests.3qpJUEJM.js:126:11\n    at withEnv (file:///D:/TSProjects/HushOps.Servers.XiaoHongShu/node_modules/vitest/dist/chunks/runBaseTests.3qpJUEJM.js:90:5)\n    at run (file:///D:/TSProjects/HushOps.Servers.XiaoHongShu/node_modules/vitest/dist/chunks/runBaseTests.3qpJUEJM.js:112:3)"],"meta":{}},{"ancestorTitles":["数据隔离验证测试"],"fullName":"数据隔离验证测试 应该验证多账号之间不会相互影响","status":"failed","title":"应该验证多账号之间不会相互影响","duration":194.66509999999835,"failureMessages":["AssertionError: expected 'account_3' to be 'account_1' // Object.is equality\n    at D:\\TSProjects\\HushOps.Servers.XiaoHongShu\\tests\\integration\\roxy\\isolation.test.ts:315:47\n    at runNextTicks (node:internal/process/task_queues:65:5)\n    at processImmediate (node:internal/timers:453:9)\n    at process.callbackTrampoline (node:internal/async_hooks:130:17)\n    at file:///D:/TSProjects/HushOps.Servers.XiaoHongShu/node_modules/@vitest/runner/dist/index.js:533:5\n    at runTest (file:///D:/TSProjects/HushOps.Servers.XiaoHongShu/node_modules/@vitest/runner/dist/index.js:1056:11)\n    at runSuite (file:///D:/TSProjects/HushOps.Servers.XiaoHongShu/node_modules/@vitest/runner/dist/index.js:1205:15)\n    at runSuite (file:///D:/TSProjects/HushOps.Servers.XiaoHongShu/node_modules/@vitest/runner/dist/index.js:1205:15)\n    at runFiles (file:///D:/TSProjects/HushOps.Servers.XiaoHongShu/node_modules/@vitest/runner/dist/index.js:1262:5)\n    at startTests (file:///D:/TSProjects/HushOps.Servers.XiaoHongShu/node_modules/@vitest/runner/dist/index.js:1271:3)"],"meta":{}}],"startTime":1762738606168,"endTime":1762738624152.665,"status":"failed","message":"","name":"D:/TSProjects/HushOps.Servers.XiaoHongShu/tests/integration/roxy/isolation.test.ts"},{"assertionResults":[{"ancestorTitles":["roxy.windows.list e2e"],"fullName":"roxy.windows.list e2e lists windows with numeric workspaceId","status":"passed","title":"lists windows with numeric workspaceId","duration":0.3430999999982305,"failureMessages":[],"meta":{}}],"startTime":1762738736666,"endTime":1762738736666.343,"status":"passed","message":"","name":"D:/TSProjects/HushOps.Servers.XiaoHongShu/tests/integration/roxy/windows.list.e2e.test.ts"},{"assertionResults":[{"ancestorTitles":["韧性选择器集成测试","真实场景模拟"],"fullName":"韧性选择器集成测试 真实场景模拟 应该在网络延迟场景下成功解析选择器","status":"passed","title":"应该在网络延迟场景下成功解析选择器","duration":110.27010000000155,"failureMessages":[],"meta":{}},{"ancestorTitles":["韧性选择器集成测试","真实场景模拟"],"fullName":"韧性选择器集成测试 真实场景模拟 应该在间歇性失败后重试成功","status":"passed","title":"应该在间歇性失败后重试成功","duration":712.6447000000007,"failureMessages":[],"meta":{}},{"ancestorTitles":["韧性选择器集成测试","真实场景模拟"],"fullName":"韧性选择器集成测试 真实场景模拟 应该在连续失败后触发断路器","status":"passed","title":"应该在连续失败后触发断路器","duration":1213.141599999999,"failureMessages":[],"meta":{}},{"ancestorTitles":["韧性选择器集成测试","健康度报告集成"],"fullName":"韧性选择器集成测试 健康度报告集成 应该生成完整的健康度报告","status":"passed","title":"应该生成完整的健康度报告","duration":2431.1282999999967,"failureMessages":[],"meta":{}},{"ancestorTitles":["韧性选择器集成测试","健康度报告集成"],"fullName":"韧性选择器集成测试 健康度报告集成 应该在所有选择器健康时提供正面建议","status":"passed","title":"应该在所有选择器健康时提供正面建议","duration":106.94889999999941,"failureMessages":[],"meta":{}},{"ancestorTitles":["韧性选择器集成测试","健康度报告集成"],"fullName":"韧性选择器集成测试 健康度报告集成 应该过滤掉样本数不足的选择器","status":"passed","title":"应该过滤掉样本数不足的选择器","duration":218.630799999999,"failureMessages":[],"meta":{}},{"ancestorTitles":["韧性选择器集成测试","并发场景"],"fullName":"韧性选择器集成测试 并发场景 应该正确处理并发选择器解析","status":"passed","title":"应该正确处理并发选择器解析","duration":1111.8994999999995,"failureMessages":[],"meta":{}},{"ancestorTitles":["韧性选择器集成测试","并发场景"],"fullName":"韧性选择器集成测试 并发场景 应该在并发场景下正确记录失败","status":"passed","title":"应该在并发场景下正确记录失败","duration":552.4792999999991,"failureMessages":[],"meta":{}},{"ancestorTitles":["韧性选择器集成测试","性能基准"],"fullName":"韧性选择器集成测试 性能基准 成功的选择器解析应该在 500ms 内完成","status":"passed","title":"成功的选择器解析应该在 500ms 内完成","duration":118.53850000000239,"failureMessages":[],"meta":{}},{"ancestorTitles":["韧性选择器集成测试","性能基准"],"fullName":"韧性选择器集成测试 性能基准 带重试的选择器解析应该在合理时间内完成","status":"passed","title":"带重试的选择器解析应该在合理时间内完成","duration":627.3656999999985,"failureMessages":[],"meta":{}},{"ancestorTitles":["韧性选择器集成测试","错误恢复"],"fullName":"韧性选择器集成测试 错误恢复 应该在部分失败后恢复正常","status":"passed","title":"应该在部分失败后恢复正常","duration":1222.8327000000027,"failureMessages":[],"meta":{}},{"ancestorTitles":["韧性选择器集成测试","日志集成"],"fullName":"韧性选择器集成测试 日志集成 应该正确记录健康度报告到日志","status":"passed","title":"应该正确记录健康度报告到日志","duration":3.568199999997887,"failureMessages":[],"meta":{}}],"startTime":1762738624335,"endTime":1762738632772.568,"status":"passed","message":"","name":"D:/TSProjects/HushOps.Servers.XiaoHongShu/tests/integration/selectors/resilient.integration.test.ts"},{"assertionResults":[],"startTime":1762738602116,"endTime":1762738602116,"status":"failed","message":"Transform failed with 1 error:\nD:/TSProjects/HushOps.Servers.XiaoHongShu/tests/integration/selectors/xhs-fixture.sanity.test.ts:13:100: ERROR: Expected \";\" but found \">\"","name":"D:/TSProjects/HushOps.Servers.XiaoHongShu/tests/integration/selectors/xhs-fixture.sanity.test.ts"},{"assertionResults":[{"ancestorTitles":["xhs_select_note · keywords any-of integration (mock DOM)"],"fullName":"xhs_select_note · keywords any-of integration (mock DOM) matches when any keyword is contained and opens modal","status":"passed","title":"matches when any keyword is contained and opens modal","duration":1119.6894999999931,"failureMessages":[],"meta":{}},{"ancestorTitles":["xhs_select_note · keywords any-of integration (mock DOM)"],"fullName":"xhs_select_note · keywords any-of integration (mock DOM) fails when none of the keywords are present","status":"passed","title":"fails when none of the keywords are present","duration":5091.133400000006,"failureMessages":[],"meta":{}}],"startTime":1762738672764,"endTime":1762738678975.1333,"status":"passed","message":"","name":"D:/TSProjects/HushOps.Servers.XiaoHongShu/tests/integration/selectors/xhs-keywords.integration.test.ts"},{"assertionResults":[{"ancestorTitles":["xhs_select_note · url open on search_result detail (mock DOM)"],"fullName":"xhs_select_note · url open on search_result detail (mock DOM) opens url detail and returns url detail (test-visible)","status":"passed","title":"opens url detail and returns url detail (test-visible)","duration":4147.107900000003,"failureMessages":[],"meta":{}}],"startTime":1762738654971,"endTime":1762738659118.108,"status":"passed","message":"","name":"D:/TSProjects/HushOps.Servers.XiaoHongShu/tests/integration/selectors/xhs-url-open.integration.test.ts"},{"assertionResults":[{"ancestorTitles":["XHS 模块集成测试","搜索功能集成"],"fullName":"XHS 模块集成测试 搜索功能集成 应该成功定位搜索输入和提交按钮","status":"passed","title":"应该成功定位搜索输入和提交按钮","duration":1.8430999999982305,"failureMessages":[],"meta":{}},{"ancestorTitles":["XHS 模块集成测试","搜索功能集成"],"fullName":"XHS 模块集成测试 搜索功能集成 应该在搜索输入缺失时返回 undefined","status":"passed","title":"应该在搜索输入缺失时返回 undefined","duration":1208.0728999999992,"failureMessages":[],"meta":{}},{"ancestorTitles":["XHS 模块集成测试","搜索功能集成"],"fullName":"XHS 模块集成测试 搜索功能集成 应该在提交按钮缺失时返回 undefined","status":"passed","title":"应该在提交按钮缺失时返回 undefined","duration":2415.1078000000016,"failureMessages":[],"meta":{}},{"ancestorTitles":["XHS 模块集成测试","导航功能集成"],"fullName":"XHS 模块集成测试 导航功能集成 应该成功关闭模态窗口","status":"passed","title":"应该成功关闭模态窗口","duration":2.6071000000010827,"failureMessages":[],"meta":{}},{"ancestorTitles":["XHS 模块集成测试","导航功能集成"],"fullName":"XHS 模块集成测试 导航功能集成 应该在没有模态窗口时返回 false","status":"passed","title":"应该在没有模态窗口时返回 false","duration":1.039199999999255,"failureMessages":[],"meta":{}},{"ancestorTitles":["XHS 模块集成测试","导航功能集成"],"fullName":"XHS 模块集成测试 导航功能集成 应该在已在发现页时跳过导航","status":"passed","title":"应该在已在发现页时跳过导航","duration":1.5913000000000466,"failureMessages":[],"meta":{}},{"ancestorTitles":["XHS 模块集成测试","搜索工作流集成"],"fullName":"XHS 模块集成测试 搜索工作流集成 应该成功执行完整搜索流程","status":"passed","title":"应该成功执行完整搜索流程","duration":1206.6225999999951,"failureMessages":[],"meta":{}},{"ancestorTitles":["XHS 模块集成测试","搜索工作流集成"],"fullName":"XHS 模块集成测试 搜索工作流集成 应该在搜索失败时返回 ok: false","status":"passed","title":"应该在搜索失败时返回 ok: false","duration":2431.0920999999944,"failureMessages":[],"meta":{}},{"ancestorTitles":["XHS 模块集成测试","性能验证"],"fullName":"XHS 模块集成测试 性能验证 选择器解析应该在合理时间内完成","status":"passed","title":"选择器解析应该在合理时间内完成","duration":1203.491900000001,"failureMessages":[],"meta":{}},{"ancestorTitles":["XHS 模块集成测试","性能验证"],"fullName":"XHS 模块集成测试 性能验证 多次调用应该保持稳定性能","status":"passed","title":"多次调用应该保持稳定性能","duration":109.24059999999736,"failureMessages":[],"meta":{}},{"ancestorTitles":["XHS 模块集成测试","错误处理"],"fullName":"XHS 模块集成测试 错误处理 应该在选择器失败后记录健康度","status":"passed","title":"应该在选择器失败后记录健康度","duration":2744.588899999995,"failureMessages":[],"meta":{}},{"ancestorTitles":["XHS 模块集成测试","错误处理"],"fullName":"XHS 模块集成测试 错误处理 应该在重试后最终成功","status":"passed","title":"应该在重试后最终成功","duration":4834.8073,"failureMessages":[],"meta":{}},{"ancestorTitles":["XHS 模块集成测试","并发场景"],"fullName":"XHS 模块集成测试 并发场景 应该正确处理并发搜索操作","status":"passed","title":"应该正确处理并发搜索操作","duration":2.9716000000044005,"failureMessages":[],"meta":{}}],"startTime":1762738632873,"endTime":1762738649036.9717,"status":"passed","message":"","name":"D:/TSProjects/HushOps.Servers.XiaoHongShu/tests/integration/selectors/xhs.integration.test.ts"},{"assertionResults":[{"ancestorTitles":["XhsSelectors 语义映射定位验证"],"fullName":"XhsSelectors 语义映射定位验证 searchInput/searchSubmit/navDiscover 可定位","status":"failed","title":"searchInput/searchSubmit/navDiscover 可定位","duration":5003.018100000016,"failureMessages":["Error: Test timed out in 5000ms.\nIf this is a long-running test, pass a timeout value as the last argument or configure it globally with \"testTimeout\".\n    at Timeout.<anonymous> (file:///D:/TSProjects/HushOps.Servers.XiaoHongShu/node_modules/@vitest/runner/dist/index.js:44:18)\n    at listOnTimeout (node:internal/timers:588:17)\n    at processTimers (node:internal/timers:523:7)"],"meta":{}}],"startTime":1762738731467,"endTime":1762738736470.018,"status":"failed","message":"","name":"D:/TSProjects/HushOps.Servers.XiaoHongShu/tests/integration/selectors/xhs.selectors.e2e.test.ts"},{"assertionResults":[{"ancestorTitles":["BrowserError 错误路径测试","错误创建和序列化"],"fullName":"BrowserError 错误路径测试 错误创建和序列化 应该正确创建浏览器错误","status":"passed","title":"应该正确创建浏览器错误","duration":0.3316000000049826,"failureMessages":[],"meta":{}},{"ancestorTitles":["BrowserError 错误路径测试","错误创建和序列化"],"fullName":"BrowserError 错误路径测试 错误创建和序列化 应该正确序列化为 JSON","status":"passed","title":"应该正确序列化为 JSON","duration":1.7776000000012573,"failureMessages":[],"meta":{}},{"ancestorTitles":["BrowserError 错误路径测试","浏览器操作错误"],"fullName":"BrowserError 错误路径测试 浏览器操作错误 应该处理元素定位失败","status":"passed","title":"应该处理元素定位失败","duration":0.227999999995518,"failureMessages":[],"meta":{}},{"ancestorTitles":["BrowserError 错误路径测试","浏览器操作错误"],"fullName":"BrowserError 错误路径测试 浏览器操作错误 应该处理页面导航超时","status":"passed","title":"应该处理页面导航超时","duration":0.1392000000050757,"failureMessages":[],"meta":{}},{"ancestorTitles":["BrowserError 错误路径测试","浏览器操作错误"],"fullName":"BrowserError 错误路径测试 浏览器操作错误 应该处理元素不可见","status":"passed","title":"应该处理元素不可见","duration":0.1488000000026659,"failureMessages":[],"meta":{}},{"ancestorTitles":["BrowserError 错误路径测试","浏览器操作错误"],"fullName":"BrowserError 错误路径测试 浏览器操作错误 应该处理元素不可交互","status":"passed","title":"应该处理元素不可交互","duration":0.10549999999784632,"failureMessages":[],"meta":{}},{"ancestorTitles":["BrowserError 错误路径测试","页面操作错误"],"fullName":"BrowserError 错误路径测试 页面操作错误 应该处理页面加载失败","status":"passed","title":"应该处理页面加载失败","duration":0.10130000000208383,"failureMessages":[],"meta":{}},{"ancestorTitles":["BrowserError 错误路径测试","页面操作错误"],"fullName":"BrowserError 错误路径测试 页面操作错误 应该处理截图失败","status":"passed","title":"应该处理截图失败","duration":0.1088000000017928,"failureMessages":[],"meta":{}},{"ancestorTitles":["BrowserError 错误路径测试","页面操作错误"],"fullName":"BrowserError 错误路径测试 页面操作错误 应该处理脚本执行失败","status":"passed","title":"应该处理脚本执行失败","duration":0.10379999999713618,"failureMessages":[],"meta":{}},{"ancestorTitles":["BrowserError 错误路径测试","页面操作错误"],"fullName":"BrowserError 错误路径测试 页面操作错误 应该处理文件上传失败","status":"passed","title":"应该处理文件上传失败","duration":0.12979999999515712,"failureMessages":[],"meta":{}},{"ancestorTitles":["BrowserError 错误路径测试","浏览器上下文错误"],"fullName":"BrowserError 错误路径测试 浏览器上下文错误 应该处理上下文关闭错误","status":"passed","title":"应该处理上下文关闭错误","duration":0.11440000000584405,"failureMessages":[],"meta":{}},{"ancestorTitles":["BrowserError 错误路径测试","浏览器上下文错误"],"fullName":"BrowserError 错误路径测试 浏览器上下文错误 应该处理浏览器断开连接","status":"passed","title":"应该处理浏览器断开连接","duration":0.14319999999861466,"failureMessages":[],"meta":{}},{"ancestorTitles":["BrowserError 错误路径测试","浏览器上下文错误"],"fullName":"BrowserError 错误路径测试 浏览器上下文错误 应该处理 CDP 连接失败","status":"passed","title":"应该处理 CDP 连接失败","duration":0.11639999999897555,"failureMessages":[],"meta":{}},{"ancestorTitles":["BrowserError 错误路径测试","复杂场景错误"],"fullName":"BrowserError 错误路径测试 复杂场景错误 应该处理多帧操作错误","status":"passed","title":"应该处理多帧操作错误","duration":0.10650000000168802,"failureMessages":[],"meta":{}},{"ancestorTitles":["BrowserError 错误路径测试","复杂场景错误"],"fullName":"BrowserError 错误路径测试 复杂场景错误 应该处理弹窗操作错误","status":"passed","title":"应该处理弹窗操作错误","duration":0.09629999999742722,"failureMessages":[],"meta":{}},{"ancestorTitles":["BrowserError 错误路径测试","复杂场景错误"],"fullName":"BrowserError 错误路径测试 复杂场景错误 应该处理键盘操作错误","status":"passed","title":"应该处理键盘操作错误","duration":0.11460000000079162,"failureMessages":[],"meta":{}},{"ancestorTitles":["BrowserError 错误路径测试","复杂场景错误"],"fullName":"BrowserError 错误路径测试 复杂场景错误 应该处理鼠标操作错误","status":"passed","title":"应该处理鼠标操作错误","duration":0.15619999999762513,"failureMessages":[],"meta":{}},{"ancestorTitles":["BrowserError 错误路径测试","错误上下文信息"],"fullName":"BrowserError 错误路径测试 错误上下文信息 应该包含 dirId 信息","status":"passed","title":"应该包含 dirId 信息","duration":0.13080000000627479,"failureMessages":[],"meta":{}},{"ancestorTitles":["BrowserError 错误路径测试","错误上下文信息"],"fullName":"BrowserError 错误路径测试 错误上下文信息 应该支持空上下文","status":"passed","title":"应该支持空上下文","duration":0.2779000000009546,"failureMessages":[],"meta":{}},{"ancestorTitles":["BrowserError 错误路径测试","错误上下文信息"],"fullName":"BrowserError 错误路径测试 错误上下文信息 应该支持丰富的上下文信息","status":"passed","title":"应该支持丰富的上下文信息","duration":0.18160000000352738,"failureMessages":[],"meta":{}},{"ancestorTitles":["BrowserError 错误路径测试","错误类型判断"],"fullName":"BrowserError 错误路径测试 错误类型判断 应该正确识别为可重试错误","status":"passed","title":"应该正确识别为可重试错误","duration":0.095500000003085,"failureMessages":[],"meta":{}},{"ancestorTitles":["BrowserError 错误路径测试","错误类型判断"],"fullName":"BrowserError 错误路径测试 错误类型判断 应该与其他错误类型区分","status":"passed","title":"应该与其他错误类型区分","duration":0.11379999999917345,"failureMessages":[],"meta":{}},{"ancestorTitles":["BrowserError 错误路径测试","错误传播"],"fullName":"BrowserError 错误路径测试 错误传播 应该支持 try-catch 捕获","status":"passed","title":"应该支持 try-catch 捕获","duration":0.23629999999684514,"failureMessages":[],"meta":{}},{"ancestorTitles":["BrowserError 错误路径测试","错误传播"],"fullName":"BrowserError 错误路径测试 错误传播 应该支持 async 错误捕获","status":"passed","title":"应该支持 async 错误捕获","duration":0.2582999999940512,"failureMessages":[],"meta":{}},{"ancestorTitles":["BrowserError 错误路径测试","边界条件"],"fullName":"BrowserError 错误路径测试 边界条件 应该处理空字符串消息","status":"passed","title":"应该处理空字符串消息","duration":0.1555000000007567,"failureMessages":[],"meta":{}},{"ancestorTitles":["BrowserError 错误路径测试","边界条件"],"fullName":"BrowserError 错误路径测试 边界条件 应该处理超长选择器","status":"passed","title":"应该处理超长选择器","duration":0.11569999999483116,"failureMessages":[],"meta":{}},{"ancestorTitles":["BrowserError 错误路径测试","边界条件"],"fullName":"BrowserError 错误路径测试 边界条件 应该处理特殊字符","status":"passed","title":"应该处理特殊字符","duration":0.11119999999937136,"failureMessages":[],"meta":{}},{"ancestorTitles":["BrowserError 错误路径测试","边界条件"],"fullName":"BrowserError 错误路径测试 边界条件 应该处理循环引用的上下文","status":"passed","title":"应该处理循环引用的上下文","duration":0.28369999999995343,"failureMessages":[],"meta":{}}],"startTime":1762738653277,"endTime":1762738653283.2837,"status":"passed","message":"","name":"D:/TSProjects/HushOps.Servers.XiaoHongShu/tests/unit/errors/browserError.test.ts"},{"assertionResults":[{"ancestorTitles":["熔断器错误路径测试","熔断触发"],"fullName":"熔断器错误路径测试 熔断触发 应该在连续失败达到阈值后触发熔断","status":"passed","title":"应该在连续失败达到阈值后触发熔断","duration":1.075299999996787,"failureMessages":[],"meta":{}},{"ancestorTitles":["熔断器错误路径测试","熔断触发"],"fullName":"熔断器错误路径测试 熔断触发 应该记录熔断状态","status":"passed","title":"应该记录熔断状态","duration":0.35530000000289874,"failureMessages":[],"meta":{}},{"ancestorTitles":["熔断器错误路径测试","熔断触发"],"fullName":"熔断器错误路径测试 熔断触发 应该不同 key 独立熔断","status":"passed","title":"应该不同 key 独立熔断","duration":0.5731000000014319,"failureMessages":[],"meta":{}},{"ancestorTitles":["熔断器错误路径测试","熔断恢复"],"fullName":"熔断器错误路径测试 熔断恢复 应该在熔断时长后进入半开状态","status":"passed","title":"应该在熔断时长后进入半开状态","duration":158.35080000000016,"failureMessages":[],"meta":{}},{"ancestorTitles":["熔断器错误路径测试","熔断恢复"],"fullName":"熔断器错误路径测试 熔断恢复 应该在半开状态成功后关闭熔断器","status":"passed","title":"应该在半开状态成功后关闭熔断器","duration":108.50400000000081,"failureMessages":[],"meta":{}},{"ancestorTitles":["熔断器错误路径测试","熔断恢复"],"fullName":"熔断器错误路径测试 熔断恢复 应该在半开状态失败后重新熔断","status":"passed","title":"应该在半开状态失败后重新熔断","duration":109.45410000000265,"failureMessages":[],"meta":{}},{"ancestorTitles":["熔断器错误路径测试","QPS 限流"],"fullName":"熔断器错误路径测试 QPS 限流 应该限制每秒请求数","status":"passed","title":"应该限制每秒请求数","duration":1544.6551000000036,"failureMessages":[],"meta":{}},{"ancestorTitles":["熔断器错误路径测试","QPS 限流"],"fullName":"熔断器错误路径测试 QPS 限流 应该在下一秒重置 QPS 配额","status":"passed","title":"应该在下一秒重置 QPS 配额","duration":1109.6449999999968,"failureMessages":[],"meta":{}},{"ancestorTitles":["熔断器错误路径测试","失败计数管理"],"fullName":"熔断器错误路径测试 失败计数管理 应该正确累积失败次数","status":"passed","title":"应该正确累积失败次数","duration":0.4191999999966356,"failureMessages":[],"meta":{}},{"ancestorTitles":["熔断器错误路径测试","失败计数管理"],"fullName":"熔断器错误路径测试 失败计数管理 应该在成功后重置失败计数","status":"passed","title":"应该在成功后重置失败计数","duration":0.2750000000014552,"failureMessages":[],"meta":{}},{"ancestorTitles":["熔断器错误路径测试","失败计数管理"],"fullName":"熔断器错误路径测试 失败计数管理 应该在未达到阈值时不触发熔断","status":"passed","title":"应该在未达到阈值时不触发熔断","duration":0.33989999999903375,"failureMessages":[],"meta":{}},{"ancestorTitles":["熔断器错误路径测试","熔断器边界条件"],"fullName":"熔断器错误路径测试 熔断器边界条件 应该处理零阈值配置","status":"passed","title":"应该处理零阈值配置","duration":1006.9533999999985,"failureMessages":[],"meta":{}},{"ancestorTitles":["熔断器错误路径测试","熔断器边界条件"],"fullName":"熔断器错误路径测试 熔断器边界条件 应该处理超大阈值配置","status":"passed","title":"应该处理超大阈值配置","duration":109.33699999999953,"failureMessages":[],"meta":{}},{"ancestorTitles":["熔断器错误路径测试","熔断器边界条件"],"fullName":"熔断器错误路径测试 熔断器边界条件 应该处理零 QPS 配置","status":"passed","title":"应该处理零 QPS 配置","duration":0.43690000000060536,"failureMessages":[],"meta":{}},{"ancestorTitles":["熔断器错误路径测试","熔断器边界条件"],"fullName":"熔断器错误路径测试 熔断器边界条件 应该处理超短熔断时长","status":"passed","title":"应该处理超短熔断时长","duration":15.26579999999376,"failureMessages":[],"meta":{}},{"ancestorTitles":["熔断器错误路径测试","并发场景"],"fullName":"熔断器错误路径测试 并发场景 应该正确处理并发请求","status":"passed","title":"应该正确处理并发请求","duration":14.997400000000198,"failureMessages":[],"meta":{}},{"ancestorTitles":["熔断器错误路径测试","并发场景"],"fullName":"熔断器错误路径测试 并发场景 应该隔离不同 key 的并发请求","status":"passed","title":"应该隔离不同 key 的并发请求","duration":0.25349999999889405,"failureMessages":[],"meta":{}}],"startTime":1762738649060,"endTime":1762738653241.2534,"status":"passed","message":"","name":"D:/TSProjects/HushOps.Servers.XiaoHongShu/tests/unit/errors/circuitBreaker.test.ts"},{"assertionResults":[{"ancestorTitles":["NetworkError 错误路径测试","错误创建和序列化"],"fullName":"NetworkError 错误路径测试 错误创建和序列化 应该正确创建网络错误","status":"passed","title":"应该正确创建网络错误","duration":0.3107000000018161,"failureMessages":[],"meta":{}},{"ancestorTitles":["NetworkError 错误路径测试","错误创建和序列化"],"fullName":"NetworkError 错误路径测试 错误创建和序列化 应该正确序列化为 JSON","status":"passed","title":"应该正确序列化为 JSON","duration":0.7026000000041677,"failureMessages":[],"meta":{}},{"ancestorTitles":["NetworkError 错误路径测试","错误创建和序列化"],"fullName":"NetworkError 错误路径测试 错误创建和序列化 应该包含错误堆栈跟踪","status":"passed","title":"应该包含错误堆栈跟踪","duration":0.2281000000075437,"failureMessages":[],"meta":{}},{"ancestorTitles":["NetworkError 错误路径测试","错误上下文信息"],"fullName":"NetworkError 错误路径测试 错误上下文信息 应该支持空上下文","status":"passed","title":"应该支持空上下文","duration":0.18859999999403954,"failureMessages":[],"meta":{}},{"ancestorTitles":["NetworkError 错误路径测试","错误上下文信息"],"fullName":"NetworkError 错误路径测试 错误上下文信息 应该支持丰富的上下文信息","status":"passed","title":"应该支持丰富的上下文信息","duration":0.16890000000421423,"failureMessages":[],"meta":{}},{"ancestorTitles":["NetworkError 错误路径测试","错误上下文信息"],"fullName":"NetworkError 错误路径测试 错误上下文信息 应该支持嵌套错误上下文","status":"passed","title":"应该支持嵌套错误上下文","duration":0.11720000000786968,"failureMessages":[],"meta":{}},{"ancestorTitles":["NetworkError 错误路径测试","错误类型判断"],"fullName":"NetworkError 错误路径测试 错误类型判断 应该正确识别为可重试错误","status":"passed","title":"应该正确识别为可重试错误","duration":0.10020000000076834,"failureMessages":[],"meta":{}},{"ancestorTitles":["NetworkError 错误路径测试","错误类型判断"],"fullName":"NetworkError 错误路径测试 错误类型判断 应该与其他错误类型区分","status":"passed","title":"应该与其他错误类型区分","duration":0.12020000000484288,"failureMessages":[],"meta":{}},{"ancestorTitles":["NetworkError 错误路径测试","错误消息格式化"],"fullName":"NetworkError 错误路径测试 错误消息格式化 应该支持模板化错误消息","status":"passed","title":"应该支持模板化错误消息","duration":0.14870000000519212,"failureMessages":[],"meta":{}},{"ancestorTitles":["NetworkError 错误路径测试","错误消息格式化"],"fullName":"NetworkError 错误路径测试 错误消息格式化 应该保持错误消息的原始格式","status":"passed","title":"应该保持错误消息的原始格式","duration":0.10489999999117572,"failureMessages":[],"meta":{}},{"ancestorTitles":["NetworkError 错误路径测试","错误传播"],"fullName":"NetworkError 错误路径测试 错误传播 应该支持 try-catch 捕获","status":"passed","title":"应该支持 try-catch 捕获","duration":0.19310000000405125,"failureMessages":[],"meta":{}},{"ancestorTitles":["NetworkError 错误路径测试","错误传播"],"fullName":"NetworkError 错误路径测试 错误传播 应该支持 async 错误捕获","status":"passed","title":"应该支持 async 错误捕获","duration":0.33409999999275897,"failureMessages":[],"meta":{}},{"ancestorTitles":["NetworkError 错误路径测试","错误恢复策略"],"fullName":"NetworkError 错误路径测试 错误恢复策略 应该提供重试建议","status":"passed","title":"应该提供重试建议","duration":0.164600000003702,"failureMessages":[],"meta":{}},{"ancestorTitles":["NetworkError 错误路径测试","错误恢复策略"],"fullName":"NetworkError 错误路径测试 错误恢复策略 应该区分临时错误和永久错误","status":"passed","title":"应该区分临时错误和永久错误","duration":0.12480000000505242,"failureMessages":[],"meta":{}},{"ancestorTitles":["NetworkError 错误路径测试","边界条件"],"fullName":"NetworkError 错误路径测试 边界条件 应该处理空字符串消息","status":"passed","title":"应该处理空字符串消息","duration":0.9219000000011874,"failureMessages":[],"meta":{}},{"ancestorTitles":["NetworkError 错误路径测试","边界条件"],"fullName":"NetworkError 错误路径测试 边界条件 应该处理超长错误消息","status":"passed","title":"应该处理超长错误消息","duration":0.17269999999552965,"failureMessages":[],"meta":{}},{"ancestorTitles":["NetworkError 错误路径测试","边界条件"],"fullName":"NetworkError 错误路径测试 边界条件 应该处理特殊字符","status":"passed","title":"应该处理特殊字符","duration":0.25879999999597203,"failureMessages":[],"meta":{}},{"ancestorTitles":["NetworkError 错误路径测试","边界条件"],"fullName":"NetworkError 错误路径测试 边界条件 应该处理循环引用的上下文（序列化安全）","status":"passed","title":"应该处理循环引用的上下文（序列化安全）","duration":0.27529999999387655,"failureMessages":[],"meta":{}}],"startTime":1762738713823,"endTime":1762738713828.2754,"status":"passed","message":"","name":"D:/TSProjects/HushOps.Servers.XiaoHongShu/tests/unit/errors/networkError.test.ts"},{"assertionResults":[{"ancestorTitles":["ValidationError 错误路径测试","错误创建和序列化"],"fullName":"ValidationError 错误路径测试 错误创建和序列化 应该正确创建验证错误","status":"passed","title":"应该正确创建验证错误","duration":0.3091000000058557,"failureMessages":[],"meta":{}},{"ancestorTitles":["ValidationError 错误路径测试","错误创建和序列化"],"fullName":"ValidationError 错误路径测试 错误创建和序列化 应该正确序列化为 JSON","status":"passed","title":"应该正确序列化为 JSON","duration":1.0144000000000233,"failureMessages":[],"meta":{}},{"ancestorTitles":["ValidationError 错误路径测试","错误创建和序列化"],"fullName":"ValidationError 错误路径测试 错误创建和序列化 应该包含错误堆栈跟踪","status":"passed","title":"应该包含错误堆栈跟踪","duration":0.22910000000410946,"failureMessages":[],"meta":{}},{"ancestorTitles":["ValidationError 错误路径测试","字段验证"],"fullName":"ValidationError 错误路径测试 字段验证 应该验证字符串长度","status":"passed","title":"应该验证字符串长度","duration":0.15639999999984866,"failureMessages":[],"meta":{}},{"ancestorTitles":["ValidationError 错误路径测试","字段验证"],"fullName":"ValidationError 错误路径测试 字段验证 应该验证数值范围","status":"passed","title":"应该验证数值范围","duration":0.12429999999585561,"failureMessages":[],"meta":{}},{"ancestorTitles":["ValidationError 错误路径测试","字段验证"],"fullName":"ValidationError 错误路径测试 字段验证 应该验证枚举值","status":"passed","title":"应该验证枚举值","duration":0.12329999999928987,"failureMessages":[],"meta":{}},{"ancestorTitles":["ValidationError 错误路径测试","字段验证"],"fullName":"ValidationError 错误路径测试 字段验证 应该验证必填字段","status":"passed","title":"应该验证必填字段","duration":0.13590000000112923,"failureMessages":[],"meta":{}},{"ancestorTitles":["ValidationError 错误路径测试","类型验证"],"fullName":"ValidationError 错误路径测试 类型验证 应该验证数据类型","status":"passed","title":"应该验证数据类型","duration":0.10229999999864958,"failureMessages":[],"meta":{}},{"ancestorTitles":["ValidationError 错误路径测试","类型验证"],"fullName":"ValidationError 错误路径测试 类型验证 应该验证对象结构","status":"passed","title":"应该验证对象结构","duration":0.12010000000009313,"failureMessages":[],"meta":{}},{"ancestorTitles":["ValidationError 错误路径测试","类型验证"],"fullName":"ValidationError 错误路径测试 类型验证 应该验证数组类型","status":"passed","title":"应该验证数组类型","duration":0.11860000000160653,"failureMessages":[],"meta":{}},{"ancestorTitles":["ValidationError 错误路径测试","格式验证"],"fullName":"ValidationError 错误路径测试 格式验证 应该验证 Email 格式","status":"passed","title":"应该验证 Email 格式","duration":0.09840000000258442,"failureMessages":[],"meta":{}},{"ancestorTitles":["ValidationError 错误路径测试","格式验证"],"fullName":"ValidationError 错误路径测试 格式验证 应该验证 URL 格式","status":"passed","title":"应该验证 URL 格式","duration":0.07579999999870779,"failureMessages":[],"meta":{}},{"ancestorTitles":["ValidationError 错误路径测试","格式验证"],"fullName":"ValidationError 错误路径测试 格式验证 应该验证日期格式","status":"passed","title":"应该验证日期格式","duration":0.07379999999830034,"failureMessages":[],"meta":{}},{"ancestorTitles":["ValidationError 错误路径测试","复杂验证场景"],"fullName":"ValidationError 错误路径测试 复杂验证场景 应该验证多个字段错误","status":"passed","title":"应该验证多个字段错误","duration":0.20459999999729916,"failureMessages":[],"meta":{}},{"ancestorTitles":["ValidationError 错误路径测试","复杂验证场景"],"fullName":"ValidationError 错误路径测试 复杂验证场景 应该验证嵌套字段","status":"passed","title":"应该验证嵌套字段","duration":0.11589999999705469,"failureMessages":[],"meta":{}},{"ancestorTitles":["ValidationError 错误路径测试","复杂验证场景"],"fullName":"ValidationError 错误路径测试 复杂验证场景 应该验证条件验证","status":"passed","title":"应该验证条件验证","duration":0.09649999999965075,"failureMessages":[],"meta":{}},{"ancestorTitles":["ValidationError 错误路径测试","错误消息本地化"],"fullName":"ValidationError 错误路径测试 错误消息本地化 应该支持中文错误消息","status":"passed","title":"应该支持中文错误消息","duration":0.0827999999964959,"failureMessages":[],"meta":{}},{"ancestorTitles":["ValidationError 错误路径测试","错误消息本地化"],"fullName":"ValidationError 错误路径测试 错误消息本地化 应该支持错误消息模板","status":"passed","title":"应该支持错误消息模板","duration":0.09370000000490109,"failureMessages":[],"meta":{}},{"ancestorTitles":["ValidationError 错误路径测试","错误类型判断"],"fullName":"ValidationError 错误路径测试 错误类型判断 应该正确识别为不可重试错误","status":"passed","title":"应该正确识别为不可重试错误","duration":0.09280000000580912,"failureMessages":[],"meta":{}},{"ancestorTitles":["ValidationError 错误路径测试","错误类型判断"],"fullName":"ValidationError 错误路径测试 错误类型判断 应该与其他错误类型区分","status":"passed","title":"应该与其他错误类型区分","duration":0.11140000000159489,"failureMessages":[],"meta":{}},{"ancestorTitles":["ValidationError 错误路径测试","边界条件"],"fullName":"ValidationError 错误路径测试 边界条件 应该处理空上下文","status":"passed","title":"应该处理空上下文","duration":0.07649999999557622,"failureMessages":[],"meta":{}},{"ancestorTitles":["ValidationError 错误路径测试","边界条件"],"fullName":"ValidationError 错误路径测试 边界条件 应该处理 undefined 和 null 值","status":"passed","title":"应该处理 undefined 和 null 值","duration":0.1091999999989639,"failureMessages":[],"meta":{}},{"ancestorTitles":["ValidationError 错误路径测试","边界条件"],"fullName":"ValidationError 错误路径测试 边界条件 应该处理特殊值类型","status":"passed","title":"应该处理特殊值类型","duration":0.19090000000142027,"failureMessages":[],"meta":{}},{"ancestorTitles":["ValidationError 错误路径测试","边界条件"],"fullName":"ValidationError 错误路径测试 边界条件 应该处理循环引用","status":"passed","title":"应该处理循环引用","duration":0.22669999999925494,"failureMessages":[],"meta":{}},{"ancestorTitles":["ValidationError 错误路径测试","错误传播"],"fullName":"ValidationError 错误路径测试 错误传播 应该支持 try-catch 捕获","status":"passed","title":"应该支持 try-catch 捕获","duration":0.17620000000169966,"failureMessages":[],"meta":{}},{"ancestorTitles":["ValidationError 错误路径测试","错误传播"],"fullName":"ValidationError 错误路径测试 错误传播 应该支持 async 错误捕获","status":"passed","title":"应该支持 async 错误捕获","duration":0.24799999999959255,"failureMessages":[],"meta":{}}],"startTime":1762738654829,"endTime":1762738654833.248,"status":"passed","message":"","name":"D:/TSProjects/HushOps.Servers.XiaoHongShu/tests/unit/errors/validationError.test.ts"},{"assertionResults":[{"ancestorTitles":["text-clean"],"fullName":"text-clean removes default punctuation and collapses whitespace","status":"passed","title":"removes default punctuation and collapses whitespace","duration":1.1528000000107568,"failureMessages":[],"meta":{}},{"ancestorTitles":["text-clean"],"fullName":"text-clean respects custom remove chars","status":"passed","title":"respects custom remove chars","duration":0.2580000000016298,"failureMessages":[],"meta":{}},{"ancestorTitles":["text-clean"],"fullName":"text-clean respects custom regex","status":"passed","title":"respects custom regex","duration":0.3281999999890104,"failureMessages":[],"meta":{}}],"startTime":1762738760750,"endTime":1762738760752.3281,"status":"passed","message":"","name":"D:/TSProjects/HushOps.Servers.XiaoHongShu/tests/unit/lib/text-clean.test.ts"},{"assertionResults":[{"ancestorTitles":["humanization edges"],"fullName":"humanization edges scroll: segments=1 and 30, micro/macro pauses off/on","status":"passed","title":"scroll: segments=1 and 30, micro/macro pauses off/on","duration":0.5138999999908265,"failureMessages":[],"meta":{}},{"ancestorTitles":["humanization edges"],"fullName":"humanization edges scroll: extreme deltaY handled","status":"passed","title":"scroll: extreme deltaY handled","duration":0.2631000000110362,"failureMessages":[],"meta":{}},{"ancestorTitles":["humanization edges"],"fullName":"humanization edges mouse: micro jitter default on; can be disabled via counts/px","status":"passed","title":"mouse: micro jitter default on; can be disabled via counts/px","duration":0.331899999990128,"failureMessages":[],"meta":{}},{"ancestorTitles":["humanization edges"],"fullName":"humanization edges mouse: overshoot on/off affects tail points","status":"passed","title":"mouse: overshoot on/off affects tail points","duration":0.2668999999877997,"failureMessages":[],"meta":{}}],"startTime":1762738737953,"endTime":1762738737955.2668,"status":"passed","message":"","name":"D:/TSProjects/HushOps.Servers.XiaoHongShu/tests/unit/humanization/edges.test.ts"},{"assertionResults":[{"ancestorTitles":["viewport utils"],"fullName":"viewport utils ensureVisible calls scrollIntoViewIfNeeded and waits visible","status":"passed","title":"ensureVisible calls scrollIntoViewIfNeeded and waits visible","duration":0.5485000000044238,"failureMessages":[],"meta":{}},{"ancestorTitles":["viewport utils"],"fullName":"viewport utils centerInViewport falls back to ensureVisible when no viewport","status":"passed","title":"centerInViewport falls back to ensureVisible when no viewport","duration":0.40750000000116415,"failureMessages":[],"meta":{}},{"ancestorTitles":["viewport utils"],"fullName":"viewport utils centerInViewport scrolls then ensures visible","status":"passed","title":"centerInViewport scrolls then ensures visible","duration":0.41670000000158325,"failureMessages":[],"meta":{}}],"startTime":1762738758726,"endTime":1762738758727.4167,"status":"passed","message":"","name":"D:/TSProjects/HushOps.Servers.XiaoHongShu/tests/unit/humanization/viewport.test.ts"},{"assertionResults":[{"ancestorTitles":["browser 工具（单元）"],"fullName":"browser 工具（单元） open/close 正常返回","status":"passed","title":"open/close 正常返回","duration":0.7108000000007451,"failureMessages":[],"meta":{}}],"startTime":1762738758695,"endTime":1762738758695.7107,"status":"passed","message":"","name":"D:/TSProjects/HushOps.Servers.XiaoHongShu/tests/unit/mcp/browser.tools.unit.test.ts"},{"assertionResults":[{"ancestorTitles":["page 工具（错误与分支覆盖）"],"fullName":"page 工具（错误与分支覆盖） hover 失败 → skipped=true；click 动作被拦截 → ACTION_INTERCEPTED；type 非人类化；clear 人类化","status":"passed","title":"hover 失败 → skipped=true；click 动作被拦截 → ACTION_INTERCEPTED；type 非人类化；clear 人类化","duration":35.27430000000459,"failureMessages":[],"meta":{}}],"startTime":1762738713880,"endTime":1762738713915.2744,"status":"passed","message":"","name":"D:/TSProjects/HushOps.Servers.XiaoHongShu/tests/unit/mcp/page.tools.errors.test.ts"},{"assertionResults":[{"ancestorTitles":["page 工具（handlers 覆盖）"],"fullName":"page 工具（handlers 覆盖） click/hover/scroll/type/clear 跑通","status":"passed","title":"click/hover/scroll/type/clear 跑通","duration":6.6163999999989755,"failureMessages":[],"meta":{}}],"startTime":1762738713936,"endTime":1762738713942.6165,"status":"passed","message":"","name":"D:/TSProjects/HushOps.Servers.XiaoHongShu/tests/unit/mcp/page.tools.handlers.test.ts"},{"assertionResults":[{"ancestorTitles":["page 工具（定位失败分支）"],"fullName":"page 工具（定位失败分支） click 定位失败 → LOCATOR_NOT_FOUND；type 定位超时 → TIMEOUT","status":"passed","title":"click 定位失败 → LOCATOR_NOT_FOUND；type 定位超时 → TIMEOUT","duration":17.885999999998603,"failureMessages":[],"meta":{}}],"startTime":1762738738036,"endTime":1762738738053.886,"status":"passed","message":"","name":"D:/TSProjects/HushOps.Servers.XiaoHongShu/tests/unit/mcp/page.tools.locatorError.test.ts"},{"assertionResults":[{"ancestorTitles":["page 工具（更多覆盖）"],"fullName":"page 工具（更多覆盖） screenshot 返回图片、scroll 人类化","status":"passed","title":"screenshot 返回图片、scroll 人类化","duration":25.913000000000466,"failureMessages":[],"meta":{}}],"startTime":1762738736697,"endTime":1762738736722.913,"status":"passed","message":"","name":"D:/TSProjects/HushOps.Servers.XiaoHongShu/tests/unit/mcp/page.tools.more.test.ts"},{"assertionResults":[{"ancestorTitles":["page 工具（单元）"],"fullName":"page 工具（单元） create/list/navigate/close/screenshot 成功路径","status":"passed","title":"create/list/navigate/close/screenshot 成功路径","duration":1.4038000000000466,"failureMessages":[],"meta":{}},{"ancestorTitles":["page 工具（单元）"],"fullName":"page 工具（单元） screenshot 失败路径（映射为 SCREENSHOT_FAILED）","status":"passed","title":"screenshot 失败路径（映射为 SCREENSHOT_FAILED）","duration":0.5226999999867985,"failureMessages":[],"meta":{}}],"startTime":1762738723692,"endTime":1762738723693.5227,"status":"passed","message":"","name":"D:/TSProjects/HushOps.Servers.XiaoHongShu/tests/unit/mcp/page.tools.unit.test.ts"},{"assertionResults":[{"ancestorTitles":["xhs 工具（错误与输入校验覆盖）"],"fullName":"xhs 工具（错误与输入校验覆盖） xhs_navigate_home 失败 → NAVIGATE_FAILED；xhs_session_check → NO_WS_ENDPOINT；note_extract invalid input","status":"passed","title":"xhs_navigate_home 失败 → NAVIGATE_FAILED；xhs_session_check → NO_WS_ENDPOINT；note_extract invalid input","duration":5.111600000003818,"failureMessages":[],"meta":{}}],"startTime":1762738723765,"endTime":1762738723770.1116,"status":"passed","message":"","name":"D:/TSProjects/HushOps.Servers.XiaoHongShu/tests/unit/mcp/xhs.tools.errors.test.ts"},{"assertionResults":[{"ancestorTitles":["xhs 工具（handlers 覆盖）"],"fullName":"xhs 工具（handlers 覆盖） xhs_session_check / xhs_navigate_home / xhs_open_context","status":"passed","title":"xhs_session_check / xhs_navigate_home / xhs_open_context","duration":6.764200000005076,"failureMessages":[],"meta":{}}],"startTime":1762738736788,"endTime":1762738736794.7642,"status":"passed","message":"","name":"D:/TSProjects/HushOps.Servers.XiaoHongShu/tests/unit/mcp/xhs.tools.handlers.test.ts"},{"assertionResults":[{"ancestorTitles":["xhs 工具（更多错误分支）"],"fullName":"xhs 工具（更多错误分支） xhs_navigate_home timeout → NAVIGATE_TIMEOUT；note_extract 抽取失败 → ACTION_FAILED 映射为错误","status":"passed","title":"xhs_navigate_home timeout → NAVIGATE_TIMEOUT；note_extract 抽取失败 → ACTION_FAILED 映射为错误","duration":7.2850000000034925,"failureMessages":[],"meta":{}}],"startTime":1762738736756,"endTime":1762738736763.285,"status":"passed","message":"","name":"D:/TSProjects/HushOps.Servers.XiaoHongShu/tests/unit/mcp/xhs.tools.moreErrors.test.ts"},{"assertionResults":[{"ancestorTitles":["xhs 工具（单元）"],"fullName":"xhs 工具（单元） xhs_open_context 返回 opened=true","status":"passed","title":"xhs_open_context 返回 opened=true","duration":0.37640000000828877,"failureMessages":[],"meta":{}}],"startTime":1762738760684,"endTime":1762738760684.3765,"status":"passed","message":"","name":"D:/TSProjects/HushOps.Servers.XiaoHongShu/tests/unit/mcp/xhs.tools.unit.test.ts"},{"assertionResults":[{"ancestorTitles":["xhsShortcuts 收集（DOM 兜底）"],"fullName":"xhsShortcuts 收集（DOM 兜底） API 空数组 → DOM evaluate anchors 兜底","status":"passed","title":"API 空数组 → DOM evaluate anchors 兜底","duration":17.784499999994296,"failureMessages":[],"meta":{}}],"startTime":1762738731097,"endTime":1762738731114.7844,"status":"passed","message":"","name":"D:/TSProjects/HushOps.Servers.XiaoHongShu/tests/unit/mcp/xhsShortcuts.collect.dom.test.ts"},{"assertionResults":[{"ancestorTitles":["xhsShortcuts 工具（handlers 更多覆盖）"],"fullName":"xhsShortcuts 工具（handlers 更多覆盖） search_keyword 返回 ok；collect_search_results 返回 ok（API 路径）","status":"passed","title":"search_keyword 返回 ok；collect_search_results 返回 ok（API 路径）","duration":32.01510000000417,"failureMessages":[],"meta":{}},{"ancestorTitles":["xhsShortcuts 工具（handlers 更多覆盖）"],"fullName":"xhsShortcuts 工具（handlers 更多覆盖） close_modal 返回 true","status":"passed","title":"close_modal 返回 true","duration":24.43869999999879,"failureMessages":[],"meta":{}}],"startTime":1762738723583,"endTime":1762738723639.4387,"status":"passed","message":"","name":"D:/TSProjects/HushOps.Servers.XiaoHongShu/tests/unit/mcp/xhsShortcuts.handlers.more.test.ts"},{"assertionResults":[{"ancestorTitles":["xhsShortcuts 更多错误分支"],"fullName":"xhsShortcuts 更多错误分支 search_keyword/collect/keyword_browse 抛错 → INTERNAL_ERROR","status":"passed","title":"search_keyword/collect/keyword_browse 抛错 → INTERNAL_ERROR","duration":16.926699999996345,"failureMessages":[],"meta":{}}],"startTime":1762738731173,"endTime":1762738731189.9268,"status":"passed","message":"","name":"D:/TSProjects/HushOps.Servers.XiaoHongShu/tests/unit/mcp/xhsShortcuts.moreErrors.unit.test.ts"},{"assertionResults":[{"ancestorTitles":["xhsShortcuts 笔记动作失败分支"],"fullName":"xhsShortcuts 笔记动作失败分支 unlike 返回 ok=false → ACTION_FAILED","status":"passed","title":"unlike 返回 ok=false → ACTION_FAILED","duration":25.804400000022724,"failureMessages":[],"meta":{}}],"startTime":1762738738085,"endTime":1762738738110.8044,"status":"passed","message":"","name":"D:/TSProjects/HushOps.Servers.XiaoHongShu/tests/unit/mcp/xhsShortcuts.noteActions.fail.test.ts"},{"assertionResults":[{"ancestorTitles":["xhsShortcuts 笔记/用户动作与浏览（单元）"],"fullName":"xhsShortcuts 笔记/用户动作与浏览（单元） like/unlike/collect/uncollect/follow/unfollow 返回 ok；keyword_browse 返回 ok","status":"passed","title":"like/unlike/collect/uncollect/follow/unfollow 返回 ok；keyword_browse 返回 ok","duration":19.724400000006426,"failureMessages":[],"meta":{}}],"startTime":1762738723722,"endTime":1762738723741.7244,"status":"passed","message":"","name":"D:/TSProjects/HushOps.Servers.XiaoHongShu/tests/unit/mcp/xhsShortcuts.noteActions.unit.test.ts"},{"assertionResults":[{"ancestorTitles":["xhsShortcuts select_note（单元）"],"fullName":"xhsShortcuts select_note（单元） invalid params & success 路径","status":"passed","title":"invalid params & success 路径","duration":25.86139999999432,"failureMessages":[],"meta":{}}],"startTime":1762738736535,"endTime":1762738736560.8613,"status":"passed","message":"","name":"D:/TSProjects/HushOps.Servers.XiaoHongShu/tests/unit/mcp/xhsShortcuts.selectNote.unit.test.ts"},{"assertionResults":[{"ancestorTitles":["xhsShortcuts 工具（单元）"],"fullName":"xhsShortcuts 工具（单元） navigate_discover 成功 + close_modal 返回 closed=false","status":"passed","title":"navigate_discover 成功 + close_modal 返回 closed=false","duration":55.61109999999462,"failureMessages":[],"meta":{}},{"ancestorTitles":["xhsShortcuts 工具（单元）"],"fullName":"xhsShortcuts 工具（单元） navigate_discover 失败：应生成截图占位路径","status":"passed","title":"navigate_discover 失败：应生成截图占位路径","duration":16.179199999998673,"failureMessages":[],"meta":{}}],"startTime":1762738713963,"endTime":1762738714034.1792,"status":"passed","message":"","name":"D:/TSProjects/HushOps.Servers.XiaoHongShu/tests/unit/mcp/xhsShortcuts.tools.unit.test.ts"},{"assertionResults":[{"ancestorTitles":["PinoLogger 服务单元测试","基本日志记录"],"fullName":"PinoLogger 服务单元测试 基本日志记录 应该记录 debug 级别日志（字符串）","status":"passed","title":"应该记录 debug 级别日志（字符串）","duration":0.4631999999983236,"failureMessages":[],"meta":{}},{"ancestorTitles":["PinoLogger 服务单元测试","基本日志记录"],"fullName":"PinoLogger 服务单元测试 基本日志记录 应该记录 debug 级别日志（对象）","status":"passed","title":"应该记录 debug 级别日志（对象）","duration":0.5339999999996508,"failureMessages":[],"meta":{}},{"ancestorTitles":["PinoLogger 服务单元测试","基本日志记录"],"fullName":"PinoLogger 服务单元测试 基本日志记录 应该记录 info 级别日志（字符串）","status":"passed","title":"应该记录 info 级别日志（字符串）","duration":0.25749999999970896,"failureMessages":[],"meta":{}},{"ancestorTitles":["PinoLogger 服务单元测试","基本日志记录"],"fullName":"PinoLogger 服务单元测试 基本日志记录 应该记录 info 级别日志（对象）","status":"passed","title":"应该记录 info 级别日志（对象）","duration":0.40160000000105356,"failureMessages":[],"meta":{}},{"ancestorTitles":["PinoLogger 服务单元测试","基本日志记录"],"fullName":"PinoLogger 服务单元测试 基本日志记录 应该记录 warn 级别日志（字符串）","status":"passed","title":"应该记录 warn 级别日志（字符串）","duration":0.3585000000020955,"failureMessages":[],"meta":{}},{"ancestorTitles":["PinoLogger 服务单元测试","基本日志记录"],"fullName":"PinoLogger 服务单元测试 基本日志记录 应该记录 warn 级别日志（对象）","status":"passed","title":"应该记录 warn 级别日志（对象）","duration":0.34609999999884167,"failureMessages":[],"meta":{}},{"ancestorTitles":["PinoLogger 服务单元测试","基本日志记录"],"fullName":"PinoLogger 服务单元测试 基本日志记录 应该记录 error 级别日志（字符串）","status":"passed","title":"应该记录 error 级别日志（字符串）","duration":0.32589999999981956,"failureMessages":[],"meta":{}},{"ancestorTitles":["PinoLogger 服务单元测试","基本日志记录"],"fullName":"PinoLogger 服务单元测试 基本日志记录 应该记录 error 级别日志（对象，无错误对象）","status":"passed","title":"应该记录 error 级别日志（对象，无错误对象）","duration":0.3223999999972875,"failureMessages":[],"meta":{}},{"ancestorTitles":["PinoLogger 服务单元测试","错误对象处理"],"fullName":"PinoLogger 服务单元测试 错误对象处理 应该正确处理 Error 对象（err 字段）","status":"passed","title":"应该正确处理 Error 对象（err 字段）","duration":0.9425999999984924,"failureMessages":[],"meta":{}},{"ancestorTitles":["PinoLogger 服务单元测试","错误对象处理"],"fullName":"PinoLogger 服务单元测试 错误对象处理 应该正确处理 Error 对象（error 字段）","status":"passed","title":"应该正确处理 Error 对象（error 字段）","duration":0.40209999999933643,"failureMessages":[],"meta":{}},{"ancestorTitles":["PinoLogger 服务单元测试","错误对象处理"],"fullName":"PinoLogger 服务单元测试 错误对象处理 应该处理自定义错误类型","status":"passed","title":"应该处理自定义错误类型","duration":2.183600000000297,"failureMessages":[],"meta":{}},{"ancestorTitles":["PinoLogger 服务单元测试","错误对象处理"],"fullName":"PinoLogger 服务单元测试 错误对象处理 应该处理无堆栈的错误","status":"passed","title":"应该处理无堆栈的错误","duration":0.618399999999383,"failureMessages":[],"meta":{}},{"ancestorTitles":["PinoLogger 服务单元测试","子日志记录器"],"fullName":"PinoLogger 服务单元测试 子日志记录器 应该创建子日志记录器","status":"passed","title":"应该创建子日志记录器","duration":0.9016000000010536,"failureMessages":[],"meta":{}},{"ancestorTitles":["PinoLogger 服务单元测试","子日志记录器"],"fullName":"PinoLogger 服务单元测试 子日志记录器 子日志记录器应该继承父日志记录器的上下文","status":"passed","title":"子日志记录器应该继承父日志记录器的上下文","duration":0.5161000000007334,"failureMessages":[],"meta":{}},{"ancestorTitles":["PinoLogger 服务单元测试","子日志记录器"],"fullName":"PinoLogger 服务单元测试 子日志记录器 应该支持多层嵌套子日志记录器","status":"passed","title":"应该支持多层嵌套子日志记录器","duration":0.47070000000167056,"failureMessages":[],"meta":{}},{"ancestorTitles":["PinoLogger 服务单元测试","子日志记录器"],"fullName":"PinoLogger 服务单元测试 子日志记录器 应该支持空绑定创建子日志记录器","status":"passed","title":"应该支持空绑定创建子日志记录器","duration":0.2459000000017113,"failureMessages":[],"meta":{}},{"ancestorTitles":["PinoLogger 服务单元测试","日志级别"],"fullName":"PinoLogger 服务单元测试 日志级别 应该按级别记录不同消息","status":"passed","title":"应该按级别记录不同消息","duration":0.32180000000153086,"failureMessages":[],"meta":{}},{"ancestorTitles":["PinoLogger 服务单元测试","日志级别"],"fullName":"PinoLogger 服务单元测试 日志级别 应该支持混合使用字符串和对象","status":"passed","title":"应该支持混合使用字符串和对象","duration":0.5298000000002503,"failureMessages":[],"meta":{}},{"ancestorTitles":["PinoLogger 服务单元测试","对象清理"],"fullName":"PinoLogger 服务单元测试 对象清理 应该创建对象副本（避免修改原对象）","status":"passed","title":"应该创建对象副本（避免修改原对象）","duration":0.2736000000004424,"failureMessages":[],"meta":{}},{"ancestorTitles":["PinoLogger 服务单元测试","对象清理"],"fullName":"PinoLogger 服务单元测试 对象清理 应该处理嵌套对象","status":"passed","title":"应该处理嵌套对象","duration":0.32849999999962165,"failureMessages":[],"meta":{}},{"ancestorTitles":["PinoLogger 服务单元测试","对象清理"],"fullName":"PinoLogger 服务单元测试 对象清理 应该处理数组","status":"passed","title":"应该处理数组","duration":0.44610000000102445,"failureMessages":[],"meta":{}},{"ancestorTitles":["PinoLogger 服务单元测试","边界条件"],"fullName":"PinoLogger 服务单元测试 边界条件 应该处理空字符串","status":"passed","title":"应该处理空字符串","duration":0.6686999999983527,"failureMessages":[],"meta":{}},{"ancestorTitles":["PinoLogger 服务单元测试","边界条件"],"fullName":"PinoLogger 服务单元测试 边界条件 应该处理空对象","status":"passed","title":"应该处理空对象","duration":0.3724000000001979,"failureMessages":[],"meta":{}},{"ancestorTitles":["PinoLogger 服务单元测试","边界条件"],"fullName":"PinoLogger 服务单元测试 边界条件 应该处理超长字符串","status":"passed","title":"应该处理超长字符串","duration":0.22550000000046566,"failureMessages":[],"meta":{}},{"ancestorTitles":["PinoLogger 服务单元测试","边界条件"],"fullName":"PinoLogger 服务单元测试 边界条件 应该处理特殊字符","status":"passed","title":"应该处理特殊字符","duration":0.23890000000028522,"failureMessages":[],"meta":{}},{"ancestorTitles":["PinoLogger 服务单元测试","边界条件"],"fullName":"PinoLogger 服务单元测试 边界条件 应该处理 undefined 值","status":"passed","title":"应该处理 undefined 值","duration":1.834900000001653,"failureMessages":[],"meta":{}},{"ancestorTitles":["PinoLogger 服务单元测试","边界条件"],"fullName":"PinoLogger 服务单元测试 边界条件 应该处理 null 值","status":"passed","title":"应该处理 null 值","duration":0.3764999999984866,"failureMessages":[],"meta":{}},{"ancestorTitles":["PinoLogger 服务单元测试","边界条件"],"fullName":"PinoLogger 服务单元测试 边界条件 应该处理 NaN 和 Infinity","status":"passed","title":"应该处理 NaN 和 Infinity","duration":0.3271999999997206,"failureMessages":[],"meta":{}},{"ancestorTitles":["PinoLogger 服务单元测试","实际使用场景"],"fullName":"PinoLogger 服务单元测试 实际使用场景 应该记录 HTTP 请求","status":"passed","title":"应该记录 HTTP 请求","duration":0.26679999999760184,"failureMessages":[],"meta":{}},{"ancestorTitles":["PinoLogger 服务单元测试","实际使用场景"],"fullName":"PinoLogger 服务单元测试 实际使用场景 应该记录数据库操作","status":"passed","title":"应该记录数据库操作","duration":0.2996999999995751,"failureMessages":[],"meta":{}},{"ancestorTitles":["PinoLogger 服务单元测试","实际使用场景"],"fullName":"PinoLogger 服务单元测试 实际使用场景 应该记录浏览器操作","status":"passed","title":"应该记录浏览器操作","duration":0.26789999999891734,"failureMessages":[],"meta":{}},{"ancestorTitles":["PinoLogger 服务单元测试","实际使用场景"],"fullName":"PinoLogger 服务单元测试 实际使用场景 应该记录错误恢复","status":"passed","title":"应该记录错误恢复","duration":0.2970000000022992,"failureMessages":[],"meta":{}},{"ancestorTitles":["PinoLogger 服务单元测试","实际使用场景"],"fullName":"PinoLogger 服务单元测试 实际使用场景 应该记录性能指标","status":"passed","title":"应该记录性能指标","duration":0.27809999999954016,"failureMessages":[],"meta":{}},{"ancestorTitles":["PinoLogger 服务单元测试","并发场景"],"fullName":"PinoLogger 服务单元测试 并发场景 应该支持并发日志记录","status":"passed","title":"应该支持并发日志记录","duration":0.36600000000180444,"failureMessages":[],"meta":{}},{"ancestorTitles":["PinoLogger 服务单元测试","并发场景"],"fullName":"PinoLogger 服务单元测试 并发场景 应该支持多个子日志记录器并发","status":"passed","title":"应该支持多个子日志记录器并发","duration":0.356500000001688,"failureMessages":[],"meta":{}}],"startTime":1762738624255,"endTime":1762738624273.366,"status":"passed","message":"","name":"D:/TSProjects/HushOps.Servers.XiaoHongShu/tests/unit/services/logger.test.ts"},{"assertionResults":[{"ancestorTitles":["RoxyClient 服务单元测试","健康检查"],"fullName":"RoxyClient 服务单元测试 健康检查 应该成功执行健康检查","status":"passed","title":"应该成功执行健康检查","duration":3.911799999999971,"failureMessages":[],"meta":{}},{"ancestorTitles":["RoxyClient 服务单元测试","健康检查"],"fullName":"RoxyClient 服务单元测试 健康检查 应该处理健康检查失败","status":"passed","title":"应该处理健康检查失败","duration":1022.1804,"failureMessages":[],"meta":{}},{"ancestorTitles":["RoxyClient 服务单元测试","健康检查"],"fullName":"RoxyClient 服务单元测试 健康检查 应该处理字符串响应","status":"passed","title":"应该处理字符串响应","duration":0.9618000000000393,"failureMessages":[],"meta":{}},{"ancestorTitles":["RoxyClient 服务单元测试","打开浏览器窗口"],"fullName":"RoxyClient 服务单元测试 打开浏览器窗口 应该成功打开浏览器窗口","status":"passed","title":"应该成功打开浏览器窗口","duration":4.446600000000217,"failureMessages":[],"meta":{}},{"ancestorTitles":["RoxyClient 服务单元测试","打开浏览器窗口"],"fullName":"RoxyClient 服务单元测试 打开浏览器窗口 应该支持带参数打开窗口","status":"passed","title":"应该支持带参数打开窗口","duration":0.4834000000000742,"failureMessages":[],"meta":{}},{"ancestorTitles":["RoxyClient 服务单元测试","打开浏览器窗口"],"fullName":"RoxyClient 服务单元测试 打开浏览器窗口 应该在缺少 ws 端点时抛出错误","status":"passed","title":"应该在缺少 ws 端点时抛出错误","duration":1.317600000000084,"failureMessages":[],"meta":{}},{"ancestorTitles":["RoxyClient 服务单元测试","打开浏览器窗口"],"fullName":"RoxyClient 服务单元测试 打开浏览器窗口 应该在无 data 字段时使用 dirId 作为 id","status":"passed","title":"应该在无 data 字段时使用 dirId 作为 id","duration":0.3009999999999309,"failureMessages":[],"meta":{}},{"ancestorTitles":["RoxyClient 服务单元测试","关闭浏览器窗口"],"fullName":"RoxyClient 服务单元测试 关闭浏览器窗口 应该成功关闭浏览器窗口","status":"passed","title":"应该成功关闭浏览器窗口","duration":0.5429999999998927,"failureMessages":[],"meta":{}},{"ancestorTitles":["RoxyClient 服务单元测试","关闭浏览器窗口"],"fullName":"RoxyClient 服务单元测试 关闭浏览器窗口 应该处理关闭失败","status":"passed","title":"应该处理关闭失败","duration":1018.5207999999998,"failureMessages":[],"meta":{}},{"ancestorTitles":["RoxyClient 服务单元测试","查询连接信息"],"fullName":"RoxyClient 服务单元测试 查询连接信息 应该成功查询单个连接信息","status":"passed","title":"应该成功查询单个连接信息","duration":2.322099999999864,"failureMessages":[],"meta":{}},{"ancestorTitles":["RoxyClient 服务单元测试","查询连接信息"],"fullName":"RoxyClient 服务单元测试 查询连接信息 应该查询多个连接信息","status":"passed","title":"应该查询多个连接信息","duration":0.9852000000000771,"failureMessages":[],"meta":{}},{"ancestorTitles":["RoxyClient 服务单元测试","查询连接信息"],"fullName":"RoxyClient 服务单元测试 查询连接信息 应该处理无 data 字段的响应","status":"passed","title":"应该处理无 data 字段的响应","duration":0.8588999999997213,"failureMessages":[],"meta":{}},{"ancestorTitles":["RoxyClient 服务单元测试","确保窗口打开"],"fullName":"RoxyClient 服务单元测试 确保窗口打开 应该复用已存在的窗口","status":"passed","title":"应该复用已存在的窗口","duration":1.1361000000001695,"failureMessages":[],"meta":{}},{"ancestorTitles":["RoxyClient 服务单元测试","确保窗口打开"],"fullName":"RoxyClient 服务单元测试 确保窗口打开 应该在窗口不存在时打开新窗口","status":"passed","title":"应该在窗口不存在时打开新窗口","duration":0.6295000000000073,"failureMessages":[],"meta":{}},{"ancestorTitles":["RoxyClient 服务单元测试","确保窗口打开"],"fullName":"RoxyClient 服务单元测试 确保窗口打开 应该在 connectionInfo 失败时尝试打开","status":"passed","title":"应该在 connectionInfo 失败时尝试打开","duration":1014.0790999999999,"failureMessages":[],"meta":{}},{"ancestorTitles":["RoxyClient 服务单元测试","确保窗口打开"],"fullName":"RoxyClient 服务单元测试 确保窗口打开 应该支持带 workspaceId 的确保打开","status":"passed","title":"应该支持带 workspaceId 的确保打开","duration":2.07529999999997,"failureMessages":[],"meta":{}},{"ancestorTitles":["RoxyClient 服务单元测试","工作空间管理"],"fullName":"RoxyClient 服务单元测试 工作空间管理 应该获取工作空间列表","status":"passed","title":"应该获取工作空间列表","duration":1.5131000000001222,"failureMessages":[],"meta":{}},{"ancestorTitles":["RoxyClient 服务单元测试","工作空间管理"],"fullName":"RoxyClient 服务单元测试 工作空间管理 应该支持分页参数","status":"passed","title":"应该支持分页参数","duration":1.0684000000001106,"failureMessages":[],"meta":{}},{"ancestorTitles":["RoxyClient 服务单元测试","窗口管理"],"fullName":"RoxyClient 服务单元测试 窗口管理 应该获取窗口列表","status":"passed","title":"应该获取窗口列表","duration":1.6802000000002408,"failureMessages":[],"meta":{}},{"ancestorTitles":["RoxyClient 服务单元测试","窗口管理"],"fullName":"RoxyClient 服务单元测试 窗口管理 应该支持多个查询参数","status":"passed","title":"应该支持多个查询参数","duration":1.6118999999998778,"failureMessages":[],"meta":{}},{"ancestorTitles":["RoxyClient 服务单元测试","窗口管理"],"fullName":"RoxyClient 服务单元测试 窗口管理 应该创建浏览器窗口","status":"passed","title":"应该创建浏览器窗口","duration":1.5562999999997373,"failureMessages":[],"meta":{}},{"ancestorTitles":["RoxyClient 服务单元测试","查询字符串构建"],"fullName":"RoxyClient 服务单元测试 查询字符串构建 应该正确编码查询参数","status":"passed","title":"应该正确编码查询参数","duration":0.9515000000001237,"failureMessages":[],"meta":{}},{"ancestorTitles":["RoxyClient 服务单元测试","查询字符串构建"],"fullName":"RoxyClient 服务单元测试 查询字符串构建 应该跳过 undefined/null/空值","status":"passed","title":"应该跳过 undefined/null/空值","duration":1.4194000000002234,"failureMessages":[],"meta":{}},{"ancestorTitles":["RoxyClient 服务单元测试","查询字符串构建"],"fullName":"RoxyClient 服务单元测试 查询字符串构建 应该处理特殊字符编码","status":"passed","title":"应该处理特殊字符编码","duration":0.7755000000001928,"failureMessages":[],"meta":{}},{"ancestorTitles":["RoxyClient 服务单元测试","边界条件"],"fullName":"RoxyClient 服务单元测试 边界条件 应该处理空 dirIds 数组","status":"passed","title":"应该处理空 dirIds 数组","duration":1.4772000000002663,"failureMessages":[],"meta":{}},{"ancestorTitles":["RoxyClient 服务单元测试","边界条件"],"fullName":"RoxyClient 服务单元测试 边界条件 应该处理特殊字符 dirId","status":"passed","title":"应该处理特殊字符 dirId","duration":1.1354999999998654,"failureMessages":[],"meta":{}}],"startTime":1762738602494,"endTime":1762738605583.1355,"status":"passed","message":"","name":"D:/TSProjects/HushOps.Servers.XiaoHongShu/tests/unit/services/roxyClient.test.ts"},{"assertionResults":[{"ancestorTitles":["health sink: appendNavProgress"],"fullName":"health sink: appendNavProgress should be callable with minimal fields","status":"passed","title":"should be callable with minimal fields","duration":0.16450000001350418,"failureMessages":[],"meta":{}}],"startTime":1762738762784,"endTime":1762738762784.1646,"status":"passed","message":"","name":"D:/TSProjects/HushOps.Servers.XiaoHongShu/tests/unit/selectors/health-sink-progress.test.ts"},{"assertionResults":[{"ancestorTitles":["health-sink batching (smoke)"],"fullName":"health-sink batching (smoke) appends multiple records without throwing (buffered)","status":"passed","title":"appends multiple records without throwing (buffered)","duration":611.9807999999903,"failureMessages":[],"meta":{}}],"startTime":1762738760858,"endTime":1762738761469.9807,"status":"passed","message":"","name":"D:/TSProjects/HushOps.Servers.XiaoHongShu/tests/unit/selectors/health-sink.batch.test.ts"},{"assertionResults":[{"ancestorTitles":["health monitor p95"],"fullName":"health monitor p95 computes p95 from recent durations","status":"passed","title":"computes p95 from recent durations","duration":0.26950000002398156,"failureMessages":[],"meta":{}}],"startTime":1762738762766,"endTime":1762738762766.2695,"status":"passed","message":"","name":"D:/TSProjects/HushOps.Servers.XiaoHongShu/tests/unit/selectors/health.p95.test.ts"},{"assertionResults":[{"ancestorTitles":["SelectorHealthMonitor","record() - 记录选择器使用情况"],"fullName":"SelectorHealthMonitor record() - 记录选择器使用情况 应该正确记录成功的选择器使用","status":"passed","title":"应该正确记录成功的选择器使用","duration":0.27850000000034925,"failureMessages":[],"meta":{}},{"ancestorTitles":["SelectorHealthMonitor","record() - 记录选择器使用情况"],"fullName":"SelectorHealthMonitor record() - 记录选择器使用情况 应该正确记录失败的选择器使用","status":"passed","title":"应该正确记录失败的选择器使用","duration":0.17799999999988358,"failureMessages":[],"meta":{}},{"ancestorTitles":["SelectorHealthMonitor","record() - 记录选择器使用情况"],"fullName":"SelectorHealthMonitor record() - 记录选择器使用情况 应该累加多次记录","status":"passed","title":"应该累加多次记录","duration":0.22440000000642613,"failureMessages":[],"meta":{}},{"ancestorTitles":["SelectorHealthMonitor","record() - 记录选择器使用情况"],"fullName":"SelectorHealthMonitor record() - 记录选择器使用情况 应该限制 durations 数组长度为 100","status":"passed","title":"应该限制 durations 数组长度为 100","duration":0.9521000000095228,"failureMessages":[],"meta":{}},{"ancestorTitles":["SelectorHealthMonitor","record() - 记录选择器使用情况"],"fullName":"SelectorHealthMonitor record() - 记录选择器使用情况 应该更新 lastUsed 时间","status":"passed","title":"应该更新 lastUsed 时间","duration":18.134399999995367,"failureMessages":[],"meta":{}},{"ancestorTitles":["SelectorHealthMonitor","getHealth() - 获取健康度数据"],"fullName":"SelectorHealthMonitor getHealth() - 获取健康度数据 应该返回 undefined 对于不存在的选择器","status":"passed","title":"应该返回 undefined 对于不存在的选择器","duration":0.14909999999508727,"failureMessages":[],"meta":{}},{"ancestorTitles":["SelectorHealthMonitor","getHealth() - 获取健康度数据"],"fullName":"SelectorHealthMonitor getHealth() - 获取健康度数据 应该正确计算成功率","status":"passed","title":"应该正确计算成功率","duration":0.11289999999280553,"failureMessages":[],"meta":{}},{"ancestorTitles":["SelectorHealthMonitor","getHealth() - 获取健康度数据"],"fullName":"SelectorHealthMonitor getHealth() - 获取健康度数据 应该返回完整的健康度数据结构","status":"passed","title":"应该返回完整的健康度数据结构","duration":0.27180000000225846,"failureMessages":[],"meta":{}},{"ancestorTitles":["SelectorHealthMonitor","reportUnhealthy() - 报告不健康的选择器"],"fullName":"SelectorHealthMonitor reportUnhealthy() - 报告不健康的选择器 应该返回成功率低于默认阈值（70%）的选择器","status":"passed","title":"应该返回成功率低于默认阈值（70%）的选择器","duration":0.31539999999222346,"failureMessages":[],"meta":{}},{"ancestorTitles":["SelectorHealthMonitor","reportUnhealthy() - 报告不健康的选择器"],"fullName":"SelectorHealthMonitor reportUnhealthy() - 报告不健康的选择器 应该支持自定义阈值","status":"passed","title":"应该支持自定义阈值","duration":0.15790000000561122,"failureMessages":[],"meta":{}},{"ancestorTitles":["SelectorHealthMonitor","reportUnhealthy() - 报告不健康的选择器"],"fullName":"SelectorHealthMonitor reportUnhealthy() - 报告不健康的选择器 应该按成功率升序排序（最不健康的在前）","status":"passed","title":"应该按成功率升序排序（最不健康的在前）","duration":0.22049999999580905,"failureMessages":[],"meta":{}},{"ancestorTitles":["SelectorHealthMonitor","reportUnhealthy() - 报告不健康的选择器"],"fullName":"SelectorHealthMonitor reportUnhealthy() - 报告不健康的选择器 应该返回空数组当所有选择器都健康时","status":"passed","title":"应该返回空数组当所有选择器都健康时","duration":0.13839999999618158,"failureMessages":[],"meta":{}},{"ancestorTitles":["SelectorHealthMonitor","export() - 导出所有健康度数据"],"fullName":"SelectorHealthMonitor export() - 导出所有健康度数据 应该导出所有选择器的健康度数据","status":"passed","title":"应该导出所有选择器的健康度数据","duration":1.0424999999959255,"failureMessages":[],"meta":{}},{"ancestorTitles":["SelectorHealthMonitor","export() - 导出所有健康度数据"],"fullName":"SelectorHealthMonitor export() - 导出所有健康度数据 应该返回空对象当没有数据时","status":"passed","title":"应该返回空对象当没有数据时","duration":0.107800000012503,"failureMessages":[],"meta":{}},{"ancestorTitles":["SelectorHealthMonitor","export() - 导出所有健康度数据"],"fullName":"SelectorHealthMonitor export() - 导出所有健康度数据 导出的数据应该包含完整的健康度信息","status":"passed","title":"导出的数据应该包含完整的健康度信息","duration":0.16119999998772983,"failureMessages":[],"meta":{}},{"ancestorTitles":["SelectorHealthMonitor","并发测试"],"fullName":"SelectorHealthMonitor 并发测试 应该正确处理并发 record 调用","status":"passed","title":"应该正确处理并发 record 调用","duration":0.3312000000005355,"failureMessages":[],"meta":{}},{"ancestorTitles":["SelectorHealthMonitor","辅助方法"],"fullName":"SelectorHealthMonitor 辅助方法 clear() 应该清空所有统计数据","status":"passed","title":"clear() 应该清空所有统计数据","duration":0.15779999998630956,"failureMessages":[],"meta":{}},{"ancestorTitles":["SelectorHealthMonitor","辅助方法"],"fullName":"SelectorHealthMonitor 辅助方法 size() 应该返回当前跟踪的选择器数量","status":"passed","title":"size() 应该返回当前跟踪的选择器数量","duration":0.11789999999746215,"failureMessages":[],"meta":{}},{"ancestorTitles":["全局 healthMonitor 实例"],"fullName":"全局 healthMonitor 实例 应该导出全局单例实例","status":"passed","title":"应该导出全局单例实例","duration":0.42170000000623986,"failureMessages":[],"meta":{}}],"startTime":1762738672623,"endTime":1762738672647.4216,"status":"passed","message":"","name":"D:/TSProjects/HushOps.Servers.XiaoHongShu/tests/unit/selectors/health.test.ts"},{"assertionResults":[{"ancestorTitles":["resolveLocatorResilient","成功路径"],"fullName":"resolveLocatorResilient 成功路径 应该在第一次尝试成功时返回 Locator","status":"passed","title":"应该在第一次尝试成功时返回 Locator","duration":0.5372000000061234,"failureMessages":[],"meta":{}},{"ancestorTitles":["resolveLocatorResilient","成功路径"],"fullName":"resolveLocatorResilient 成功路径 应该支持 skipHealthMonitor 选项","status":"passed","title":"应该支持 skipHealthMonitor 选项","duration":0.1426999999966938,"failureMessages":[],"meta":{}},{"ancestorTitles":["resolveLocatorResilient","重试机制"],"fullName":"resolveLocatorResilient 重试机制 应该在失败后重试","status":"passed","title":"应该在失败后重试","duration":297.4064000000071,"failureMessages":[],"meta":{}},{"ancestorTitles":["resolveLocatorResilient","重试机制"],"fullName":"resolveLocatorResilient 重试机制 应该在所有重试都失败后抛出错误","status":"passed","title":"应该在所有重试都失败后抛出错误","duration":247.81479999999283,"failureMessages":[],"meta":{}},{"ancestorTitles":["resolveLocatorResilient","断路器机制"],"fullName":"resolveLocatorResilient 断路器机制 应该在连续失败后触发断路器","status":"passed","title":"应该在连续失败后触发断路器","duration":1218.6177000000025,"failureMessages":[],"meta":{}},{"ancestorTitles":["resolveLocatorResilient","断路器机制"],"fullName":"resolveLocatorResilient 断路器机制 应该在成功后重置失败计数","status":"passed","title":"应该在成功后重置失败计数","duration":2.080900000000838,"failureMessages":[],"meta":{}},{"ancestorTitles":["resolveLocatorResilient","健康度记录"],"fullName":"resolveLocatorResilient 健康度记录 应该正确记录成功和失败的耗时","status":"passed","title":"应该正确记录成功和失败的耗时","duration":1
[...]
tatus":"passed","message":"","name":"D:/TSProjects/HushOps.Servers.XiaoHongShu/tests/unit/selectors/select-note-edgecases.test.ts"},{"assertionResults":[{"ancestorTitles":["xhs: keyword matching uses ANY-of semantics"],"fullName":"xhs: keyword matching uses ANY-of semantics matches when any keyword is included (case-insensitive)","status":"passed","title":"matches when any keyword is included (case-insensitive)","duration":0.19889999998849817,"failureMessages":[],"meta":{}}],"startTime":1762738762683,"endTime":1762738762683.199,"status":"passed","message":"","name":"D:/TSProjects/HushOps.Servers.XiaoHongShu/tests/unit/selectors/select-note-keyword-match.test.ts"},{"assertionResults":[{"ancestorTitles":["xhs: scroll-after strategy config"],"fullName":"xhs: scroll-after strategy config should expose sane defaults for smart batch confirmation","status":"passed","title":"should expose sane defaults for smart batch confirmation","duration":0.21540000001550652,"failureMessages":[],"meta":{}}],"startTime":1762738760818,"endTime":1762738760818.2153,"status":"passed","message":"","name":"D:/TSProjects/HushOps.Servers.XiaoHongShu/tests/unit/selectors/select-note-progress.test.ts"},{"assertionResults":[{"ancestorTitles":["xhs: visited id extraction (anchor href)"],"fullName":"xhs: visited id extraction (anchor href) prefers explicit note id segments","status":"passed","title":"prefers explicit note id segments","duration":0.4494000000122469,"failureMessages":[],"meta":{}},{"ancestorTitles":["xhs: visited id extraction (anchor href)"],"fullName":"xhs: visited id extraction (anchor href) falls back to href when no id present","status":"passed","title":"falls back to href when no id present","duration":0.15179999999236315,"failureMessages":[],"meta":{}}],"startTime":1762738761490,"endTime":1762738761490.4495,"status":"passed","message":"","name":"D:/TSProjects/HushOps.Servers.XiaoHongShu/tests/unit/selectors/select-note-visited-id.test.ts"},{"assertionResults":[{"ancestorTitles":["selector.ts - resolveLocatorAsync"],"fullName":"selector.ts - resolveLocatorAsync 应该返回 Promise<Locator> 类型","status":"passed","title":"应该返回 Promise<Locator> 类型","duration":204.3978999999963,"failureMessages":[],"meta":{}},{"ancestorTitles":["selector.ts - resolveLocatorAsync"],"fullName":"selector.ts - resolveLocatorAsync 应该优先使用 role 定位器","status":"passed","title":"应该优先使用 role 定位器","duration":268.59509999999136,"failureMessages":[],"meta":{}},{"ancestorTitles":["selector.ts - resolveLocatorAsync"],"fullName":"selector.ts - resolveLocatorAsync 应该支持 alternatives 多候选回退","status":"passed","title":"应该支持 alternatives 多候选回退","duration":346.56750000000466,"failureMessages":[],"meta":{}},{"ancestorTitles":["selector.ts - resolveLocatorAsync"],"fullName":"selector.ts - resolveLocatorAsync 应该使用配置的 probeTimeoutMs","status":"passed","title":"应该使用配置的 probeTimeoutMs","duration":196.17399999999907,"failureMessages":[],"meta":{}},{"ancestorTitles":["selector.ts - resolveLocatorAsync"],"fullName":"selector.ts - resolveLocatorAsync 应该支持 testId 定位器","status":"passed","title":"应该支持 testId 定位器","duration":269.218200000003,"failureMessages":[],"meta":{}},{"ancestorTitles":["selector.ts - resolveLocatorAsync"],"fullName":"selector.ts - resolveLocatorAsync 应该支持 text 定位器","status":"passed","title":"应该支持 text 定位器","duration":239.70709999999963,"failureMessages":[],"meta":{}},{"ancestorTitles":["config/xhs.ts - XHS_CONF"],"fullName":"config/xhs.ts - XHS_CONF 应该包含 selector 配置","status":"passed","title":"应该包含 selector 配置","duration":0.2191000000020722,"failureMessages":[],"meta":{}},{"ancestorTitles":["config/xhs.ts - XHS_CONF"],"fullName":"config/xhs.ts - XHS_CONF 应该包含 capture 配置","status":"passed","title":"应该包含 capture 配置","duration":0.12219999999797437,"failureMessages":[],"meta":{}},{"ancestorTitles":["config/xhs.ts - XHS_CONF"],"fullName":"config/xhs.ts - XHS_CONF 应该支持环境变量覆盖","status":"passed","title":"应该支持环境变量覆盖","duration":0.10229999999864958,"failureMessages":[],"meta":{}}],"startTime":1762738714054,"endTime":1762738715579.1223,"status":"passed","message":"","name":"D:/TSProjects/HushOps.Servers.XiaoHongShu/tests/unit/selectors/selector.test.ts"},{"assertionResults":[{"ancestorTitles":["selectorIdFromTarget"],"fullName":"selectorIdFromTarget stable hashing for string","status":"passed","title":"stable hashing for string","duration":0.1710999999777414,"failureMessages":[],"meta":{}},{"ancestorTitles":["selectorIdFromTarget"],"fullName":"selectorIdFromTarget works for object","status":"passed","title":"works for object","duration":0.08800000001792796,"failureMessages":[],"meta":{}}],"startTime":1762738763422,"endTime":1762738763422.1711,"status":"passed","message":"","name":"D:/TSProjects/HushOps.Servers.XiaoHongShu/tests/unit/selectors/selectorId.test.ts"},{"assertionResults":[{"ancestorTitles":["XhsSelectors 语义映射定义（纯形态校验）"],"fullName":"XhsSelectors 语义映射定义（纯形态校验） searchInput/searchSubmit/navDiscover/noteAnchor/noteModal* 均返回 alternatives","status":"passed","title":"searchInput/searchSubmit/navDiscover/noteAnchor/noteModal* 均返回 alternatives","duration":0.36710000000311993,"failureMessages":[],"meta":{}}],"startTime":1762738760838,"endTime":1762738760838.3672,"status":"passed","message":"","name":"D:/TSProjects/HushOps.Servers.XiaoHongShu/tests/unit/selectors/xhs.mappings.test.ts"},{"assertionResults":[{"ancestorTitles":["netwatch exports"],"fullName":"netwatch exports should export waitFeed/waitHomefeed/waitSearchNotes","status":"passed","title":"should export waitFeed/waitHomefeed/waitSearchNotes","duration":0.16620000000693835,"failureMessages":[],"meta":{}}],"startTime":1762738762701,"endTime":1762738762701.1663,"status":"passed","message":"","name":"D:/TSProjects/HushOps.Servers.XiaoHongShu/tests/unit/netwatch/ok-only.test.ts"},{"assertionResults":[{"ancestorTitles":["browser 工具全量集成"],"fullName":"browser 工具全量集成 open 正常返回","status":"passed","title":"open 正常返回","duration":35.474600000015926,"failureMessages":[],"meta":{}},{"ancestorTitles":["browser 工具全量集成"],"fullName":"browser 工具全量集成 close 正常返回","status":"passed","title":"close 正常返回","duration":0.37660000001778826,"failureMessages":[],"meta":{}}],"startTime":1762738738389,"endTime":1762738738424.4746,"status":"passed","message":"","name":"D:/TSProjects/HushOps.Servers.XiaoHongShu/tests/integration/mcp/tools/browser.tools.e2e.test.ts"},{"assertionResults":[{"ancestorTitles":["NO_WS_ENDPOINT 统一错误返回（无前置开窗）"],"fullName":"NO_WS_ENDPOINT 统一错误返回（无前置开窗） page_navigate 返回 NO_WS_ENDPOINT","status":"skipped","title":"page_navigate 返回 NO_WS_ENDPOINT","failureMessages":[],"meta":{}},{"ancestorTitles":["NO_WS_ENDPOINT 统一错误返回（无前置开窗）"],"fullName":"NO_WS_ENDPOINT 统一错误返回（无前置开窗） xhs_navigate_home 返回 NO_WS_ENDPOINT","status":"skipped","title":"xhs_navigate_home 返回 NO_WS_ENDPOINT","failureMessages":[],"meta":{}}],"startTime":1762738602116,"endTime":1762738602116,"status":"passed","message":"","name":"D:/TSProjects/HushOps.Servers.XiaoHongShu/tests/integration/mcp/tools/no-ws.tools.e2e.test.ts"},{"assertionResults":[{"ancestorTitles":["page 工具（交互）全量集成"],"fullName":"page 工具（交互）全量集成 type + click（human=false）","status":"failed","title":"type + click（human=false）","duration":2139.2177999999985,"failureMessages":["AssertionError: expected false to be true // Object.is equality\n    at D:\\TSProjects\\HushOps.Servers.XiaoHongShu\\tests\\integration\\mcp\\tools\\page.tools.actions.e2e.test.ts:40:47\n    at file:///D:/TSProjects/HushOps.Servers.XiaoHongShu/node_modules/@vitest/runner/dist/index.js:533:5\n    at runTest (file:///D:/TSProjects/HushOps.Servers.XiaoHongShu/node_modules/@vitest/runner/dist/index.js:1056:11)\n    at runSuite (file:///D:/TSProjects/HushOps.Servers.XiaoHongShu/node_modules/@vitest/runner/dist/index.js:1205:15)\n    at runSuite (file:///D:/TSProjects/HushOps.Servers.XiaoHongShu/node_modules/@vitest/runner/dist/index.js:1205:15)\n    at runFiles (file:///D:/TSProjects/HushOps.Servers.XiaoHongShu/node_modules/@vitest/runner/dist/index.js:1262:5)\n    at startTests (file:///D:/TSProjects/HushOps.Servers.XiaoHongShu/node_modules/@vitest/runner/dist/index.js:1271:3)\n    at file:///D:/TSProjects/HushOps.Servers.XiaoHongShu/node_modules/vitest/dist/chunks/runBaseTests.3qpJUEJM.js:126:11\n    at withEnv (file:///D:/TSProjects/HushOps.Servers.XiaoHongShu/node_modules/vitest/dist/chunks/runBaseTests.3qpJUEJM.js:90:5)\n    at run (file:///D:/TSProjects/HushOps.Servers.XiaoHongShu/node_modules/vitest/dist/chunks/runBaseTests.3qpJUEJM.js:112:3)"],"meta":{}},{"ancestorTitles":["page 工具（交互）全量集成"],"fullName":"page 工具（交互）全量集成 hover + scroll（human=true）","status":"passed","title":"hover + scroll（human=true）","duration":2127.912599999996,"failureMessages":[],"meta":{}},{"ancestorTitles":["page 工具（交互）全量集成"],"fullName":"page 工具（交互）全量集成 定位失败路径","status":"passed","title":"定位失败路径","duration":2016.6043000000063,"failureMessages":[],"meta":{}}],"startTime":1762738724781,"endTime":1762738731064.6042,"status":"failed","message":"","name":"D:/TSProjects/HushOps.Servers.XiaoHongShu/tests/integration/mcp/tools/page.tools.actions.e2e.test.ts"},{"assertionResults":[{"ancestorTitles":["page 工具（额外场景）全量集成"],"fullName":"page 工具（额外场景）全量集成 type(human=false) → input.clear(human=false) → type(human=true)","status":"passed","title":"type(human=false) → input.clear(human=false) → type(human=true)","duration":320.83460000000196,"failureMessages":[],"meta":{}},{"ancestorTitles":["page 工具（额外场景）全量集成"],"fullName":"page 工具（额外场景）全量集成 screenshot 正常返回路径并存在文件","status":"passed","title":"screenshot 正常返回路径并存在文件","duration":335.64680000000226,"failureMessages":[],"meta":{}}],"startTime":1762738723922,"endTime":1762738724578.6467,"status":"passed","message":"","name":"D:/TSProjects/HushOps.Servers.XiaoHongShu/tests/integration/mcp/tools/page.tools.extra.e2e.test.ts"},{"assertionResults":[{"ancestorTitles":["page 工具（生命周期）全量集成"],"fullName":"page 工具（生命周期）全量集成 create → navigate → list → close","status":"passed","title":"create → navigate → list → close","duration":512.2353000000003,"failureMessages":[],"meta":{}}],"startTime":1762738736940,"endTime":1762738737452.2354,"status":"passed","message":"","name":"D:/TSProjects/HushOps.Servers.XiaoHongShu/tests/integration/mcp/tools/page.tools.lifecycle.e2e.test.ts"},{"assertionResults":[{"ancestorTitles":["xhs 工具全量集成"],"fullName":"xhs 工具全量集成 xhs_open_context","status":"passed","title":"xhs_open_context","duration":0.5164999999979045,"failureMessages":[],"meta":{}},{"ancestorTitles":["xhs 工具全量集成"],"fullName":"xhs 工具全量集成 xhs_navigate_home","status":"passed","title":"xhs_navigate_home","duration":248.6771000000008,"failureMessages":[],"meta":{}},{"ancestorTitles":["xhs 工具全量集成"],"fullName":"xhs 工具全量集成 xhs_session_check","status":"passed","title":"xhs_session_check","duration":36.80539999998291,"failureMessages":[],"meta":{}}],"startTime":1762738737612,"endTime":1762738737898.8054,"status":"passed","message":"","name":"D:/TSProjects/HushOps.Servers.XiaoHongShu/tests/integration/mcp/tools/xhs.tools.e2e.test.ts"},{"assertionResults":[{"ancestorTitles":["xhsShortcuts 工具（最小路径）"],"fullName":"xhsShortcuts 工具（最小路径） search_keyword 正常返回","status":"failed","title":"search_keyword 正常返回","duration":20008.241699999984,"failureMessages":["Error: Test timed out in 20000ms.\nIf this is a long-running test, pass a timeout value as the last argument or configure it globally with \"testTimeout\".\n    at Timeout.<anonymous> (file:///D:/TSProjects/HushOps.Servers.XiaoHongShu/node_modules/@vitest/runner/dist/index.js:44:18)\n    at listOnTimeout (node:internal/timers:588:17)\n    at processTimers (node:internal/timers:523:7)"],"meta":{}}],"startTime":1762738738620,"endTime":1762738758628.2417,"status":"failed","message":"","name":"D:/TSProjects/HushOps.Servers.XiaoHongShu/tests/integration/mcp/tools/xhsShortcuts.min.tools.e2e.test.ts"},{"assertionResults":[{"ancestorTitles":["xhsShortcuts 工具全量集成"],"fullName":"xhsShortcuts 工具全量集成 navigate_discover 成功并带软校验","status":"passed","title":"navigate_discover 成功并带软校验","duration":51.45650000000023,"failureMessages":[],"meta":{}},{"ancestorTitles":["xhsShortcuts 工具全量集成"],"fullName":"xhsShortcuts 工具全量集成 search_keyword 与 collect_search_results","status":"passed","title":"search_keyword 与 collect_search_results","duration":5432.272499999992,"failureMessages":[],"meta":{}},{"ancestorTitles":["xhsShortcuts 工具全量集成"],"fullName":"xhsShortcuts 工具全量集成 close_modal 关闭模态（先导航到带模态的页面）","status":"passed","title":"close_modal 关闭模态（先导航到带模态的页面）","duration":141.17639999999665,"failureMessages":[],"meta":{}},{"ancestorTitles":["xhsShortcuts 工具全量集成"],"fullName":"xhsShortcuts 工具全量集成 navigate_discover 失败路径：应写入截图并返回路径","status":"passed","title":"navigate_discover 失败路径：应写入截图并返回路径","duration":1296.4386999999988,"failureMessages":[],"meta":{}}],"startTime":1762738715703,"endTime":1762738722624.4387,"status":"passed","message":"","name":"D:/TSProjects/HushOps.Servers.XiaoHongShu/tests/integration/mcp/tools/xhsShortcuts.tools.e2e.test.ts"},{"assertionResults":[{"ancestorTitles":["keyboard actions"],"fullName":"keyboard actions types with wpm delays and autocorrect","status":"passed","title":"types with wpm delays and autocorrect","duration":0.4549999999871943,"failureMessages":[],"meta":{}}],"startTime":1762738762721,"endTime":1762738762721.455,"status":"passed","message":"","name":"D:/TSProjects/HushOps.Servers.XiaoHongShu/tests/unit/humanization/actions/keyboard.test.ts"},{"assertionResults":[{"ancestorTitles":["mouse actions"],"fullName":"mouse actions moveMouseCubic moves along path","status":"passed","title":"moveMouseCubic moves along path","duration":617.0341999999946,"failureMessages":[],"meta":{}},{"ancestorTitles":["mouse actions"],"fullName":"mouse actions hoverHuman moves then hovers","status":"passed","title":"hoverHuman moves then hovers","duration":594.6285999999964,"failureMessages":[],"meta":{}},{"ancestorTitles":["mouse actions"],"fullName":"mouse actions clickHuman moves then clicks","status":"passed","title":"clickHuman moves then clicks","duration":615.1852000000072,"failureMessages":[],"meta":{}}],"startTime":1762738758835,"endTime":1762738760661.1853,"status":"passed","message":"","name":"D:/TSProjects/HushOps.Servers.XiaoHongShu/tests/unit/humanization/actions/mouse.test.ts"},{"assertionResults":[{"ancestorTitles":["scroll actions"],"fullName":"scroll actions scrollHumanized wheels multiple segments","status":"passed","title":"scrollHumanized wheels multiple segments","duration":542.0077000000165,"failureMessages":[],"meta":{}}],"startTime":1762738762820,"endTime":1762738763362.0078,"status":"passed","message":"","name":"D:/TSProjects/HushOps.Servers.XiaoHongShu/tests/unit/humanization/actions/scroll.test.ts"},{"assertionResults":[{"ancestorTitles":["cubic curves"],"fullName":"cubic curves endpoints","status":"passed","title":"endpoints","duration":0.23120000000926666,"failureMessages":[],"meta":{}},{"ancestorTitles":["cubic curves"],"fullName":"cubic curves path smoothness","status":"passed","title":"path smoothness","duration":0.6059999999997672,"failureMessages":[],"meta":{}}],"startTime":1762738761515,"endTime":1762738761516.606,"status":"passed","message":"","name":"D:/TSProjects/HushOps.Servers.XiaoHongShu/tests/unit/humanization/core/curves.test.ts"},{"assertionResults":[{"ancestorTitles":["distributions"],"fullName":"distributions normal stats","status":"passed","title":"normal stats","duration":2.1895000000076834,"failureMessages":[],"meta":{}},{"ancestorTitles":["distributions"],"fullName":"distributions uniform bounds","status":"passed","title":"uniform bounds","duration":0.3043000000179745,"failureMessages":[],"meta":{}},{"ancestorTitles":["distributions"],"fullName":"distributions poisson mean","status":"passed","title":"poisson mean","duration":2.359600000025239,"failureMessages":[],"meta":{}}],"startTime":1762738760705,"endTime":1762738760710.3596,"status":"passed","message":"","name":"D:/TSProjects/HushOps.Servers.XiaoHongShu/tests/unit/humanization/core/distributions.test.ts"},{"assertionResults":[{"ancestorTitles":["randomization"],"fullName":"randomization jitter bounds","status":"passed","title":"jitter bounds","duration":1.4239999999990687,"failureMessages":[],"meta":{}},{"ancestorTitles":["randomization"],"fullName":"randomization randomVariance percent","status":"passed","title":"randomVariance percent","duration":0.6080999999830965,"failureMessages":[],"meta":{}},{"ancestorTitles":["randomization"],"fullName":"randomization neighbor keys","status":"passed","title":"neighbor keys","duration":0.23060000000987202,"failureMessages":[],"meta":{}}],"startTime":1762738761535,"endTime":1762738761537.2307,"status":"passed","message":"","name":"D:/TSProjects/HushOps.Servers.XiaoHongShu/tests/unit/humanization/core/randomization.test.ts"},{"assertionResults":[{"ancestorTitles":["timing easing"],"fullName":"timing easing boundaries","status":"passed","title":"boundaries","duration":0.34540000002016313,"failureMessages":[],"meta":{}},{"ancestorTitles":["timing easing"],"fullName":"timing easing monotonic","status":"passed","title":"monotonic","duration":2.3081999999994878,"failureMessages":[],"meta":{}},{"ancestorTitles":["timing easing"],"fullName":"timing easing shapes","status":"passed","title":"shapes","duration":0.25700000001234,"failureMessages":[],"meta":{}}],"startTime":1762738761619,"endTime":1762738761621.308,"status":"passed","message":"","name":"D:/TSProjects/HushOps.Servers.XiaoHongShu/tests/unit/humanization/core/timing.test.ts"},{"assertionResults":[{"ancestorTitles":["validateCaptureQuality"],"fullName":"validateCaptureQuality 应该正确计算高质量内容的分数","status":"passed","title":"应该正确计算高质量内容的分数","duration":0.4153000000078464,"failureMessages":[],"meta":{}},{"ancestorTitles":["validateCaptureQuality"],"fullName":"validateCaptureQuality 应该正确计算中等质量内容的分数","status":"passed","title":"应该正确计算中等质量内容的分数","duration":0.10279999999329448,"failureMessages":[],"meta":{}},{"ancestorTitles":["validateCaptureQuality"],"fullName":"validateCaptureQuality 应该正确计算低质量内容的分数","status":"passed","title":"应该正确计算低质量内容的分数","duration":0.07630000000062864,"failureMessages":[],"meta":{}},{"ancestorTitles":["validateCaptureQuality"],"fullName":"validateCaptureQuality 应该正确计算部分质量内容的分数","status":"passed","title":"应该正确计算部分质量内容的分数","duration":0.07069999999657739,"failureMessages":[],"meta":{}},{"ancestorTitles":["validateCaptureQuality"],"fullName":"validateCaptureQuality 应该处理空内容","status":"passed","title":"应该处理空内容","duration":0.09739999999874271,"failureMessages":[],"meta":{}},{"ancestorTitles":["progressiveWait"],"fullName":"progressiveWait 应该在网络空闲等待超时后继续执行","status":"passed","title":"应该在网络空闲等待超时后继续执行","duration":0.3277000000089174,"failureMessages":[],"meta":{}},{"ancestorTitles":["progressiveWait"],"fullName":"progressiveWait 应该在内容长度等待超时后继续执行","status":"passed","title":"应该在内容长度等待超时后继续执行","duration":0.19210000000020955,"failureMessages":[],"meta":{}},{"ancestorTitles":["progressiveWait"],"fullName":"progressiveWait 应该正常完成所有等待阶段","status":"passed","title":"应该正常完成所有等待阶段","duration":0.1342000000004191,"failureMessages":[],"meta":{}},{"ancestorTitles":["progressiveWait"],"fullName":"progressiveWait 应该在所有等待都超时时正常完成","status":"passed","title":"应该在所有等待都超时时正常完成","duration":0.1655999999929918,"failureMessages":[],"meta":{}},{"ancestorTitles":["质量分数边界条件"],"fullName":"质量分数边界条件 应该在 HTML 长度恰好 10000 时给予满分","status":"passed","title":"应该在 HTML 长度恰好 10000 时给予满分","duration":0.09270000000833534,"failureMessages":[],"meta":{}},{"ancestorTitles":["质量分数边界条件"],"fullName":"质量分数边界条件 应该在 HTML 长度恰好 5000 时给予部分分数","status":"passed","title":"应该在 HTML 长度恰好 5000 时给予部分分数","duration":0.0731999999989057,"failureMessages":[],"meta":{}},{"ancestorTitles":["质量分数边界条件"],"fullName":"质量分数边界条件 应该在内容长度恰好达标时给予满分","status":"passed","title":"应该在内容长度恰好达标时给予满分","duration":0.06680000000051223,"failureMessages":[],"meta":{}}],"startTime":1762738713857,"endTime":1762738713859.1655,"status":"passed","message":"","name":"D:/TSProjects/HushOps.Servers.XiaoHongShu/tests/unit/services/scraper/quality.test.ts"}]}