{
	"numTotalTestSuites": 188,
	"numPassedTestSuites": 188,
	"numFailedTestSuites": 0,
	"numPendingTestSuites": 0,
	"numTotalTests": 312,
	"numPassedTests": 303,
	"numFailedTests": 0,
	"numPendingTests": 9,
	"numTodoTests": 0,
	"snapshot": {
		"added": 0,
		"failure": false,
		"filesAdded": 0,
		"filesRemoved": 0,
		"filesRemovedList": [],
		"filesUnmatched": 0,
		"filesUpdated": 0,
		"matched": 0,
		"total": 0,
		"unchecked": 0,
		"uncheckedKeysByFile": [],
		"unmatched": 0,
		"updated": 0,
		"didUpdate": false
	},
	"startTime": 1762584345852,
	"success": true,
	"testResults": [
		{
			"assertionResults": [
				{
					"ancestorTitles": ["ConfigSchema"],
					"fullName": "ConfigSchema parses baseURL or host+port with policy defaults",
					"status": "passed",
					"title": "parses baseURL or host+port with policy defaults",
					"duration": 4.84869999999998,
					"failureMessages": [],
					"meta": {}
				}
			],
			"startTime": 1762584349066,
			"endTime": 1762584349070.8486,
			"status": "passed",
			"message": "",
			"name": "D:/TSProjects/HushOps.Servers.XiaoHongShu/tests/config.test.ts"
		},
		{
			"assertionResults": [
				{
					"ancestorTitles": ["ActionResult utils"],
					"fullName": "ActionResult utils ok() returns ok: true with value",
					"status": "passed",
					"title": "ok() returns ok: true with value",
					"duration": 2.109100000000012,
					"failureMessages": [],
					"meta": {}
				},
				{
					"ancestorTitles": ["ActionResult utils"],
					"fullName": "ActionResult utils fail() returns ok: false with error",
					"status": "passed",
					"title": "fail() returns ok: false with error",
					"duration": 0.6237999999999602,
					"failureMessages": [],
					"meta": {}
				}
			],
			"startTime": 1762584349333,
			"endTime": 1762584349335.6238,
			"status": "passed",
			"message": "",
			"name": "D:/TSProjects/HushOps.Servers.XiaoHongShu/tests/executor.test.ts"
		},
		{
			"assertionResults": [
				{
					"ancestorTitles": ["humanization"],
					"fullName": "humanization curve path returns many points and starts/ends near endpoints",
					"status": "passed",
					"title": "curve path returns many points and starts/ends near endpoints",
					"duration": 1.129099999999994,
					"failureMessages": [],
					"meta": {}
				},
				{
					"ancestorTitles": ["humanization"],
					"fullName": "humanization linear path has constant step count",
					"status": "passed",
					"title": "linear path has constant step count",
					"duration": 0.2880000000000109,
					"failureMessages": [],
					"meta": {}
				},
				{
					"ancestorTitles": ["humanization"],
					"fullName": "humanization char delay scales with wpm",
					"status": "passed",
					"title": "char delay scales with wpm",
					"duration": 0.2675000000000125,
					"failureMessages": [],
					"meta": {}
				}
			],
			"startTime": 1762584348045,
			"endTime": 1762584348047.288,
			"status": "passed",
			"message": "",
			"name": "D:/TSProjects/HushOps.Servers.XiaoHongShu/tests/humanization.test.ts"
		},
		{
			"assertionResults": [
				{
					"ancestorTitles": ["PolicyEnforcer"],
					"fullName": "PolicyEnforcer opens after failures then half-open then closed on success",
					"status": "passed",
					"title": "opens after failures then half-open then closed on success",
					"duration": 1007.3282999999999,
					"failureMessages": [],
					"meta": {}
				}
			],
			"startTime": 1762584348849,
			"endTime": 1762584349856.3284,
			"status": "passed",
			"message": "",
			"name": "D:/TSProjects/HushOps.Servers.XiaoHongShu/tests/policy.test.ts"
		},
		{
			"assertionResults": [
				{
					"ancestorTitles": ["domainSlugFromUrl"],
					"fullName": "domainSlugFromUrl extracts second-level domain as slug",
					"status": "passed",
					"title": "extracts second-level domain as slug",
					"duration": 1.540399999999977,
					"failureMessages": [],
					"meta": {}
				},
				{
					"ancestorTitles": ["domainSlugFromUrl"],
					"fullName": "domainSlugFromUrl returns undefined on invalid url",
					"status": "passed",
					"title": "returns undefined on invalid url",
					"duration": 0.3412999999999897,
					"failureMessages": [],
					"meta": {}
				}
			],
			"startTime": 1762584349181,
			"endTime": 1762584349183.3413,
			"status": "passed",
			"message": "",
			"name": "D:/TSProjects/HushOps.Servers.XiaoHongShu/tests/selector-config.test.ts"
		},
		{
			"assertionResults": [
				{
					"ancestorTitles": ["selector hints"],
					"fullName": "selector hints throws when no hints",
					"status": "passed",
					"title": "throws when no hints",
					"duration": 2.848100000000045,
					"failureMessages": [],
					"meta": {}
				}
			],
			"startTime": 1762584349312,
			"endTime": 1762584349314.8481,
			"status": "passed",
			"message": "",
			"name": "D:/TSProjects/HushOps.Servers.XiaoHongShu/tests/selector.test.ts"
		},
		{
			"assertionResults": [
				{
					"ancestorTitles": ["错误恢复测试", "网络错误重试"],
					"fullName": "错误恢复测试 网络错误重试 应该在网络错误后成功重试",
					"status": "passed",
					"title": "应该在网络错误后成功重试",
					"duration": 3026.7188,
					"failureMessages": [],
					"meta": {}
				},
				{
					"ancestorTitles": ["错误恢复测试", "网络错误重试"],
					"fullName": "错误恢复测试 网络错误重试 应该在 HTTP 5xx 错误后重试",
					"status": "passed",
					"title": "应该在 HTTP 5xx 错误后重试",
					"duration": 1010.5653000000002,
					"failureMessages": [],
					"meta": {}
				},
				{
					"ancestorTitles": ["错误恢复测试", "网络错误重试"],
					"fullName": "错误恢复测试 网络错误重试 应该在重试次数用尽后抛出 NetworkError",
					"status": "passed",
					"title": "应该在重试次数用尽后抛出 NetworkError",
					"duration": 3024.3671999999997,
					"failureMessages": [],
					"meta": {}
				},
				{
					"ancestorTitles": ["错误恢复测试", "网络错误重试"],
					"fullName": "错误恢复测试 网络错误重试 应该不重试 HTTP 4xx 错误",
					"status": "passed",
					"title": "应该不重试 HTTP 4xx 错误",
					"duration": 0.5355999999992491,
					"failureMessages": [],
					"meta": {}
				},
				{
					"ancestorTitles": ["错误恢复测试", "超时处理"],
					"fullName": "错误恢复测试 超时处理 应该在请求超时后重试",
					"status": "passed",
					"title": "应该在请求超时后重试",
					"duration": 1063.7807999999995,
					"failureMessages": [],
					"meta": {}
				},
				{
					"ancestorTitles": ["错误恢复测试", "响应格式错误"],
					"fullName": "错误恢复测试 响应格式错误 应该处理非 JSON 响应",
					"status": "passed",
					"title": "应该处理非 JSON 响应",
					"duration": 1012.0936000000002,
					"failureMessages": [],
					"meta": {}
				},
				{
					"ancestorTitles": ["错误恢复测试", "请求中断和重试"],
					"fullName": "错误恢复测试 请求中断和重试 应该支持 AbortController 中断请求",
					"status": "passed",
					"title": "应该支持 AbortController 中断请求",
					"duration": 1228.5519999999997,
					"failureMessages": [],
					"meta": {}
				},
				{
					"ancestorTitles": ["错误恢复测试", "并发请求错误处理"],
					"fullName": "错误恢复测试 并发请求错误处理 应该独立处理多个并发请求的错误",
					"status": "passed",
					"title": "应该独立处理多个并发请求的错误",
					"duration": 1001.1927000000014,
					"failureMessages": [],
					"meta": {}
				},
				{
					"ancestorTitles": ["错误恢复测试", "错误上下文信息"],
					"fullName": "错误恢复测试 错误上下文信息 应该在 NetworkError 中包含请求上下文",
					"status": "passed",
					"title": "应该在 NetworkError 中包含请求上下文",
					"duration": 1007.5845000000008,
					"failureMessages": [],
					"meta": {}
				},
				{
					"ancestorTitles": ["错误恢复测试", "错误上下文信息"],
					"fullName": "错误恢复测试 错误上下文信息 应该在错误中包含响应状态码",
					"status": "passed",
					"title": "应该在错误中包含响应状态码",
					"duration": 1004.3695000000007,
					"failureMessages": [],
					"meta": {}
				}
			],
			"startTime": 1762584346444,
			"endTime": 1762584359824.3694,
			"status": "passed",
			"message": "",
			"name": "D:/TSProjects/HushOps.Servers.XiaoHongShu/tests/integration/errorRecovery.test.ts"
		},
		{
			"assertionResults": [
				{
					"ancestorTitles": ["resource templates"],
					"fullName": "resource templates reads artifacts index via resource URI",
					"status": "passed",
					"title": "reads artifacts index via resource URI",
					"duration": 0.9512000000000285,
					"failureMessages": [],
					"meta": {}
				}
			],
			"startTime": 1762584347245,
			"endTime": 1762584347245.9512,
			"status": "passed",
			"message": "",
			"name": "D:/TSProjects/HushOps.Servers.XiaoHongShu/tests/mcp/resources.templates.test.ts"
		},
		{
			"assertionResults": [
				{
					"ancestorTitles": ["resources tools"],
					"fullName": "resources tools lists artifacts under dirId",
					"status": "passed",
					"title": "lists artifacts under dirId",
					"duration": 1.8462999999999852,
					"failureMessages": [],
					"meta": {}
				},
				{
					"ancestorTitles": ["resources tools"],
					"fullName": "resources tools reads artifact as text",
					"status": "passed",
					"title": "reads artifact as text",
					"duration": 0.4592999999999847,
					"failureMessages": [],
					"meta": {}
				}
			],
			"startTime": 1762584346930,
			"endTime": 1762584346932.4592,
			"status": "passed",
			"message": "",
			"name": "D:/TSProjects/HushOps.Servers.XiaoHongShu/tests/mcp/resources.test.ts"
		},
		{
			"assertionResults": [
				{
					"ancestorTitles": ["mcp server tools"],
					"fullName": "mcp server tools server_ping returns ok",
					"status": "passed",
					"title": "server_ping returns ok",
					"duration": 1.3488999999999578,
					"failureMessages": [],
					"meta": {}
				}
			],
			"startTime": 1762584347600,
			"endTime": 1762584347601.3489,
			"status": "passed",
			"message": "",
			"name": "D:/TSProjects/HushOps.Servers.XiaoHongShu/tests/mcp/server.tools.test.ts"
		},
		{
			"assertionResults": [
				{
					"ancestorTitles": ["page.snapshot (optional, requires Roxy)"],
					"fullName": "page.snapshot (optional, requires Roxy) returns a11y summary",
					"status": "passed",
					"title": "returns a11y summary",
					"duration": 1.2826000000000022,
					"failureMessages": [],
					"meta": {}
				}
			],
			"startTime": 1762584347269,
			"endTime": 1762584347270.2827,
			"status": "passed",
			"message": "",
			"name": "D:/TSProjects/HushOps.Servers.XiaoHongShu/tests/mcp/snapshot.optional.test.ts"
		},
		{
			"assertionResults": [
				{
					"ancestorTitles": ["mcp stdout guard"],
					"fullName": "mcp stdout guard connect succeeds with MCP_LOG_STDERR=true",
					"status": "passed",
					"title": "connect succeeds with MCP_LOG_STDERR=true",
					"duration": 0.9719000000000051,
					"failureMessages": [],
					"meta": {}
				}
			],
			"startTime": 1762584347594,
			"endTime": 1762584347594.972,
			"status": "passed",
			"message": "",
			"name": "D:/TSProjects/HushOps.Servers.XiaoHongShu/tests/mcp/stdout.guard.test.ts"
		},
		{
			"assertionResults": [
				{
					"ancestorTitles": ["mcp tools list (official names)"],
					"fullName": "mcp tools list (official names) includes official tool names",
					"status": "passed",
					"title": "includes official tool names",
					"duration": 1.5363999999999578,
					"failureMessages": [],
					"meta": {}
				}
			],
			"startTime": 1762584347240,
			"endTime": 1762584347241.5364,
			"status": "passed",
			"message": "",
			"name": "D:/TSProjects/HushOps.Servers.XiaoHongShu/tests/mcp/tools.names.test.ts"
		},
		{
			"assertionResults": [
				{
					"ancestorTitles": ["noteActions __test helpers"],
					"fullName": "noteActions __test helpers isClickable: true when visible + box valid + style ok + hit ok",
					"status": "passed",
					"title": "isClickable: true when visible + box valid + style ok + hit ok",
					"duration": 2.584799999999973,
					"failureMessages": [],
					"meta": {}
				},
				{
					"ancestorTitles": ["noteActions __test helpers"],
					"fullName": "noteActions __test helpers isClickable: false when style not ok",
					"status": "passed",
					"title": "isClickable: false when style not ok",
					"duration": 0.8453999999999837,
					"failureMessages": [],
					"meta": {}
				},
				{
					"ancestorTitles": ["noteActions __test helpers"],
					"fullName": "noteActions __test helpers isClickable: false when hit test fails",
					"status": "passed",
					"title": "isClickable: false when hit test fails",
					"duration": 0.40699999999998226,
					"failureMessages": [],
					"meta": {}
				},
				{
					"ancestorTitles": ["noteActions __test helpers"],
					"fullName": "noteActions __test helpers clickHumanScoped: hover+soft-wait then click when initially not clickable",
					"status": "passed",
					"title": "clickHumanScoped: hover+soft-wait then click when initially not clickable",
					"duration": 1.0202000000000453,
					"failureMessages": [],
					"meta": {}
				}
			],
			"startTime": 1762584346795,
			"endTime": 1762584346800.0203,
			"status": "passed",
			"message": "",
			"name": "D:/TSProjects/HushOps.Servers.XiaoHongShu/tests/unit/noteActions.mock.test.ts"
		},
		{
			"assertionResults": [
				{
					"ancestorTitles": ["plans"],
					"fullName": "plans scroll plan length matches segments and includes pauses",
					"status": "passed",
					"title": "scroll plan length matches segments and includes pauses",
					"duration": 1.2931999999999846,
					"failureMessages": [],
					"meta": {}
				},
				{
					"ancestorTitles": ["plans"],
					"fullName": "plans mouse plan appends micro tremor by default",
					"status": "passed",
					"title": "mouse plan appends micro tremor by default",
					"duration": 0.6322999999999865,
					"failureMessages": [],
					"meta": {}
				}
			],
			"startTime": 1762584347863,
			"endTime": 1762584347864.6323,
			"status": "passed",
			"message": "",
			"name": "D:/TSProjects/HushOps.Servers.XiaoHongShu/tests/unit/plans.test.ts"
		},
		{
			"assertionResults": [
				{
					"ancestorTitles": ["scroll metrics computeRetention"],
					"fullName": "scroll metrics computeRetention computes retention as shared / prev",
					"status": "passed",
					"title": "computes retention as shared / prev",
					"duration": 1.2147999999999968,
					"failureMessages": [],
					"meta": {}
				},
				{
					"ancestorTitles": ["scroll metrics computeRetention"],
					"fullName": "scroll metrics computeRetention falls back to text hash when id missing",
					"status": "passed",
					"title": "falls back to text hash when id missing",
					"duration": 0.40310000000002333,
					"failureMessages": [],
					"meta": {}
				}
			],
			"startTime": 1762584347830,
			"endTime": 1762584347831.403,
			"status": "passed",
			"message": "",
			"name": "D:/TSProjects/HushOps.Servers.XiaoHongShu/tests/unit/scroll-metrics.test.ts"
		},
		{
			"assertionResults": [
				{
					"ancestorTitles": ["xhs scroll step compute"],
					"fullName": "xhs scroll step compute uses ratio of viewport with caps",
					"status": "passed",
					"title": "uses ratio of viewport with caps",
					"duration": 2.272899999999993,
					"failureMessages": [],
					"meta": {}
				},
				{
					"ancestorTitles": ["xhs scroll step compute"],
					"fullName": "xhs scroll step compute prefers explicit opts.scrollStep when provided",
					"status": "passed",
					"title": "prefers explicit opts.scrollStep when provided",
					"duration": 0.341700000000003,
					"failureMessages": [],
					"meta": {}
				}
			],
			"startTime": 1762584348704,
			"endTime": 1762584348707.3418,
			"status": "passed",
			"message": "",
			"name": "D:/TSProjects/HushOps.Servers.XiaoHongShu/tests/unit/scroll-step.test.ts"
		},
		{
			"assertionResults": [
				{
					"ancestorTitles": ["RoxyClient API 集成测试"],
					"fullName": "RoxyClient API 集成测试 应该通过健康检查",
					"status": "skipped",
					"title": "应该通过健康检查",
					"failureMessages": [],
					"meta": {}
				},
				{
					"ancestorTitles": ["RoxyClient API 集成测试"],
					"fullName": "RoxyClient API 集成测试 应该能查询工作区列表",
					"status": "skipped",
					"title": "应该能查询工作区列表",
					"failureMessages": [],
					"meta": {}
				},
				{
					"ancestorTitles": ["RoxyClient API 集成测试"],
					"fullName": "RoxyClient API 集成测试 应该能查询窗口列表",
					"status": "skipped",
					"title": "应该能查询窗口列表",
					"failureMessages": [],
					"meta": {}
				}
			],
			"startTime": 1762584345852,
			"endTime": 1762584345852,
			"status": "passed",
			"message": "",
			"name": "D:/TSProjects/HushOps.Servers.XiaoHongShu/tests/integration/roxy/api.test.ts"
		},
		{
			"assertionResults": [
				{
					"ancestorTitles": ["CDP 连接集成测试"],
					"fullName": "CDP 连接集成测试 应该能通过 CDP 连接到 RoxyBrowser",
					"status": "skipped",
					"title": "应该能通过 CDP 连接到 RoxyBrowser",
					"failureMessages": [],
					"meta": {}
				},
				{
					"ancestorTitles": ["CDP 连接集成测试"],
					"fullName": "CDP 连接集成测试 应该能在同一个 Context 中打开多个 Page",
					"status": "skipped",
					"title": "应该能在同一个 Context 中打开多个 Page",
					"failureMessages": [],
					"meta": {}
				}
			],
			"startTime": 1762584345852,
			"endTime": 1762584345852,
			"status": "passed",
			"message": "",
			"name": "D:/TSProjects/HushOps.Servers.XiaoHongShu/tests/integration/roxy/cdp.test.ts"
		},
		{
			"assertionResults": [
				{
					"ancestorTitles": ["数据隔离验证测试"],
					"fullName": "数据隔离验证测试 应该验证多账号 Cookies 完全隔离",
					"status": "skipped",
					"title": "应该验证多账号 Cookies 完全隔离",
					"failureMessages": [],
					"meta": {}
				},
				{
					"ancestorTitles": ["数据隔离验证测试"],
					"fullName": "数据隔离验证测试 应该验证多账号 LocalStorage 完全隔离",
					"status": "skipped",
					"title": "应该验证多账号 LocalStorage 完全隔离",
					"failureMessages": [],
					"meta": {}
				},
				{
					"ancestorTitles": ["数据隔离验证测试"],
					"fullName": "数据隔离验证测试 应该验证多账号 SessionStorage 完全隔离",
					"status": "skipped",
					"title": "应该验证多账号 SessionStorage 完全隔离",
					"failureMessages": [],
					"meta": {}
				},
				{
					"ancestorTitles": ["数据隔离验证测试"],
					"fullName": "数据隔离验证测试 应该验证多账号之间不会相互影响",
					"status": "skipped",
					"title": "应该验证多账号之间不会相互影响",
					"failureMessages": [],
					"meta": {}
				}
			],
			"startTime": 1762584345852,
			"endTime": 1762584345852,
			"status": "passed",
			"message": "",
			"name": "D:/TSProjects/HushOps.Servers.XiaoHongShu/tests/integration/roxy/isolation.test.ts"
		},
		{
			"assertionResults": [
				{
					"ancestorTitles": ["roxy.windows.list e2e"],
					"fullName": "roxy.windows.list e2e lists windows with numeric workspaceId",
					"status": "passed",
					"title": "lists windows with numeric workspaceId",
					"duration": 1.8213999999999828,
					"failureMessages": [],
					"meta": {}
				}
			],
			"startTime": 1762584346851,
			"endTime": 1762584346852.8213,
			"status": "passed",
			"message": "",
			"name": "D:/TSProjects/HushOps.Servers.XiaoHongShu/tests/integration/roxy/windows.list.e2e.test.ts"
		},
		{
			"assertionResults": [
				{
					"ancestorTitles": ["韧性选择器集成测试", "真实场景模拟"],
					"fullName": "韧性选择器集成测试 真实场景模拟 应该在网络延迟场景下成功解析选择器",
					"status": "passed",
					"title": "应该在网络延迟场景下成功解析选择器",
					"duration": 106.34489999999994,
					"failureMessages": [],
					"meta": {}
				},
				{
					"ancestorTitles": ["韧性选择器集成测试", "真实场景模拟"],
					"fullName": "韧性选择器集成测试 真实场景模拟 应该在间歇性失败后重试成功",
					"status": "passed",
					"title": "应该在间歇性失败后重试成功",
					"duration": 466.9128999999999,
					"failureMessages": [],
					"meta": {}
				},
				{
					"ancestorTitles": ["韧性选择器集成测试", "真实场景模拟"],
					"fullName": "韧性选择器集成测试 真实场景模拟 应该在连续失败后触发断路器",
					"status": "passed",
					"title": "应该在连续失败后触发断路器",
					"duration": 1204.5928999999999,
					"failureMessages": [],
					"meta": {}
				},
				{
					"ancestorTitles": ["韧性选择器集成测试", "健康度报告集成"],
					"fullName": "韧性选择器集成测试 健康度报告集成 应该生成完整的健康度报告",
					"status": "passed",
					"title": "应该生成完整的健康度报告",
					"duration": 2407.2064,
					"failureMessages": [],
					"meta": {}
				},
				{
					"ancestorTitles": ["韧性选择器集成测试", "健康度报告集成"],
					"fullName": "韧性选择器集成测试 健康度报告集成 应该在所有选择器健康时提供正面建议",
					"status": "passed",
					"title": "应该在所有选择器健康时提供正面建议",
					"duration": 106.2563999999993,
					"failureMessages": [],
					"meta": {}
				},
				{
					"ancestorTitles": ["韧性选择器集成测试", "健康度报告集成"],
					"fullName": "韧性选择器集成测试 健康度报告集成 应该过滤掉样本数不足的选择器",
					"status": "passed",
					"title": "应该过滤掉样本数不足的选择器",
					"duration": 216.39990000000034,
					"failureMessages": [],
					"meta": {}
				},
				{
					"ancestorTitles": ["韧性选择器集成测试", "并发场景"],
					"fullName": "韧性选择器集成测试 并发场景 应该正确处理并发选择器解析",
					"status": "passed",
					"title": "应该正确处理并发选择器解析",
					"duration": 1087.4062999999996,
					"failureMessages": [],
					"meta": {}
				},
				{
					"ancestorTitles": ["韧性选择器集成测试", "并发场景"],
					"fullName": "韧性选择器集成测试 并发场景 应该在并发场景下正确记录失败",
					"status": "passed",
					"title": "应该在并发场景下正确记录失败",
					"duration": 538.5407999999998,
					"failureMessages": [],
					"meta": {}
				},
				{
					"ancestorTitles": ["韧性选择器集成测试", "性能基准"],
					"fullName": "韧性选择器集成测试 性能基准 成功的选择器解析应该在 500ms 内完成",
					"status": "passed",
					"title": "成功的选择器解析应该在 500ms 内完成",
					"duration": 123.05060000000049,
					"failureMessages": [],
					"meta": {}
				},
				{
					"ancestorTitles": ["韧性选择器集成测试", "性能基准"],
					"fullName": "韧性选择器集成测试 性能基准 带重试的选择器解析应该在合理时间内完成",
					"status": "passed",
					"title": "带重试的选择器解析应该在合理时间内完成",
					"duration": 559.8672999999999,
					"failureMessages": [],
					"meta": {}
				},
				{
					"ancestorTitles": ["韧性选择器集成测试", "错误恢复"],
					"fullName": "韧性选择器集成测试 错误恢复 应该在部分失败后恢复正常",
					"status": "passed",
					"title": "应该在部分失败后恢复正常",
					"duration": 1203.762999999999,
					"failureMessages": [],
					"meta": {}
				},
				{
					"ancestorTitles": ["韧性选择器集成测试", "日志集成"],
					"fullName": "韧性选择器集成测试 日志集成 应该正确记录健康度报告到日志",
					"status": "passed",
					"title": "应该正确记录健康度报告到日志",
					"duration": 1.7492999999994936,
					"failureMessages": [],
					"meta": {}
				}
			],
			"startTime": 1762584346593,
			"endTime": 1762584354615.7493,
			"status": "passed",
			"message": "",
			"name": "D:/TSProjects/HushOps.Servers.XiaoHongShu/tests/integration/selectors/resilient.integration.test.ts"
		},
		{
			"assertionResults": [
				{
					"ancestorTitles": ["xhs_select_note · keywords any-of integration (mock DOM)"],
					"fullName": "xhs_select_note · keywords any-of integration (mock DOM) matches when any keyword is contained and opens modal",
					"status": "passed",
					"title": "matches when any keyword is contained and opens modal",
					"duration": 1080.6820999999998,
					"failureMessages": [],
					"meta": {}
				},
				{
					"ancestorTitles": ["xhs_select_note · keywords any-of integration (mock DOM)"],
					"fullName": "xhs_select_note · keywords any-of integration (mock DOM) fails when none of the keywords are present",
					"status": "passed",
					"title": "fails when none of the keywords are present",
					"duration": 5409.5866000000005,
					"failureMessages": [],
					"meta": {}
				}
			],
			"startTime": 1762584347572,
			"endTime": 1762584354062.5867,
			"status": "passed",
			"message": "",
			"name": "D:/TSProjects/HushOps.Servers.XiaoHongShu/tests/integration/selectors/xhs-keywords.integration.test.ts"
		},
		{
			"assertionResults": [
				{
					"ancestorTitles": ["XHS 模块集成测试", "搜索功能集成"],
					"fullName": "XHS 模块集成测试 搜索功能集成 应该成功定位搜索输入和提交按钮",
					"status": "passed",
					"title": "应该成功定位搜索输入和提交按钮",
					"duration": 4.0347000000000435,
					"failureMessages": [],
					"meta": {}
				},
				{
					"ancestorTitles": ["XHS 模块集成测试", "搜索功能集成"],
					"fullName": "XHS 模块集成测试 搜索功能集成 应该在搜索输入缺失时返回 undefined",
					"status": "passed",
					"title": "应该在搜索输入缺失时返回 undefined",
					"duration": 1205.2772,
					"failureMessages": [],
					"meta": {}
				},
				{
					"ancestorTitles": ["XHS 模块集成测试", "搜索功能集成"],
					"fullName": "XHS 模块集成测试 搜索功能集成 应该在提交按钮缺失时返回 undefined",
					"status": "passed",
					"title": "应该在提交按钮缺失时返回 undefined",
					"duration": 2407.8450999999995,
					"failureMessages": [],
					"meta": {}
				},
				{
					"ancestorTitles": ["XHS 模块集成测试", "导航功能集成"],
					"fullName": "XHS 模块集成测试 导航功能集成 应该成功关闭模态窗口",
					"status": "passed",
					"title": "应该成功关闭模态窗口",
					"duration": 1.6039999999993597,
					"failureMessages": [],
					"meta": {}
				},
				{
					"ancestorTitles": ["XHS 模块集成测试", "导航功能集成"],
					"fullName": "XHS 模块集成测试 导航功能集成 应该在没有模态窗口时返回 false",
					"status": "passed",
					"title": "应该在没有模态窗口时返回 false",
					"duration": 0.7337999999999738,
					"failureMessages": [],
					"meta": {}
				},
				{
					"ancestorTitles": ["XHS 模块集成测试", "导航功能集成"],
					"fullName": "XHS 模块集成测试 导航功能集成 应该在已在发现页时跳过导航",
					"status": "passed",
					"title": "应该在已在发现页时跳过导航",
					"duration": 0.6385000000000218,
					"failureMessages": [],
					"meta": {}
				},
				{
					"ancestorTitles": ["XHS 模块集成测试", "搜索工作流集成"],
					"fullName": "XHS 模块集成测试 搜索工作流集成 应该成功执行完整搜索流程",
					"status": "passed",
					"title": "应该成功执行完整搜索流程",
					"duration": 1209.2745999999997,
					"failureMessages": [],
					"meta": {}
				},
				{
					"ancestorTitles": ["XHS 模块集成测试", "搜索工作流集成"],
					"fullName": "XHS 模块集成测试 搜索工作流集成 应该在搜索失败时返回 ok: false",
					"status": "passed",
					"title": "应该在搜索失败时返回 ok: false",
					"duration": 2415.3525,
					"failureMessages": [],
					"meta": {}
				},
				{
					"ancestorTitles": ["XHS 模块集成测试", "性能验证"],
					"fullName": "XHS 模块集成测试 性能验证 选择器解析应该在合理时间内完成",
					"status": "passed",
					"title": "选择器解析应该在合理时间内完成",
					"duration": 1201.2981999999993,
					"failureMessages": [],
					"meta": {}
				},
				{
					"ancestorTitles": ["XHS 模块集成测试", "性能验证"],
					"fullName": "XHS 模块集成测试 性能验证 多次调用应该保持稳定性能",
					"status": "passed",
					"title": "多次调用应该保持稳定性能",
					"duration": 104.49389999999948,
					"failureMessages": [],
					"meta": {}
				},
				{
					"ancestorTitles": ["XHS 模块集成测试", "错误处理"],
					"fullName": "XHS 模块集成测试 错误处理 应该在选择器失败后记录健康度",
					"status": "passed",
					"title": "应该在选择器失败后记录健康度",
					"duration": 2740.421199999999,
					"failureMessages": [],
					"meta": {}
				},
				{
					"ancestorTitles": ["XHS 模块集成测试", "错误处理"],
					"fullName": "XHS 模块集成测试 错误处理 应该在重试后最终成功",
					"status": "passed",
					"title": "应该在重试后最终成功",
					"duration": 4823.5483,
					"failureMessages": [],
					"meta": {}
				},
				{
					"ancestorTitles": ["XHS 模块集成测试", "并发场景"],
					"fullName": "XHS 模块集成测试 并发场景 应该正确处理并发搜索操作",
					"status": "passed",
					"title": "应该正确处理并发搜索操作",
					"duration": 2.9033999999992375,
					"failureMessages": [],
					"meta": {}
				}
			],
			"startTime": 1762584346679,
			"endTime": 1762584362797.9033,
			"status": "passed",
			"message": "",
			"name": "D:/TSProjects/HushOps.Servers.XiaoHongShu/tests/integration/selectors/xhs.integration.test.ts"
		},
		{
			"assertionResults": [
				{
					"ancestorTitles": ["BrowserError 错误路径测试", "错误创建和序列化"],
					"fullName": "BrowserError 错误路径测试 错误创建和序列化 应该正确创建浏览器错误",
					"status": "passed",
					"title": "应该正确创建浏览器错误",
					"duration": 2.407199999999989,
					"failureMessages": [],
					"meta": {}
				},
				{
					"ancestorTitles": ["BrowserError 错误路径测试", "错误创建和序列化"],
					"fullName": "BrowserError 错误路径测试 错误创建和序列化 应该正确序列化为 JSON",
					"status": "passed",
					"title": "应该正确序列化为 JSON",
					"duration": 5.71329999999989,
					"failureMessages": [],
					"meta": {}
				},
				{
					"ancestorTitles": ["BrowserError 错误路径测试", "浏览器操作错误"],
					"fullName": "BrowserError 错误路径测试 浏览器操作错误 应该处理元素定位失败",
					"status": "passed",
					"title": "应该处理元素定位失败",
					"duration": 0.18820000000005166,
					"failureMessages": [],
					"meta": {}
				},
				{
					"ancestorTitles": ["BrowserError 错误路径测试", "浏览器操作错误"],
					"fullName": "BrowserError 错误路径测试 浏览器操作错误 应该处理页面导航超时",
					"status": "passed",
					"title": "应该处理页面导航超时",
					"duration": 0.19429999999999836,
					"failureMessages": [],
					"meta": {}
				},
				{
					"ancestorTitles": ["BrowserError 错误路径测试", "浏览器操作错误"],
					"fullName": "BrowserError 错误路径测试 浏览器操作错误 应该处理元素不可见",
					"status": "passed",
					"title": "应该处理元素不可见",
					"duration": 0.12170000000003256,
					"failureMessages": [],
					"meta": {}
				},
				{
					"ancestorTitles": ["BrowserError 错误路径测试", "浏览器操作错误"],
					"fullName": "BrowserError 错误路径测试 浏览器操作错误 应该处理元素不可交互",
					"status": "passed",
					"title": "应该处理元素不可交互",
					"duration": 0.15469999999993433,
					"failureMessages": [],
					"meta": {}
				},
				{
					"ancestorTitles": ["BrowserError 错误路径测试", "页面操作错误"],
					"fullName": "BrowserError 错误路径测试 页面操作错误 应该处理页面加载失败",
					"status": "passed",
					"title": "应该处理页面加载失败",
					"duration": 0.12289999999995871,
					"failureMessages": [],
					"meta": {}
				},
				{
					"ancestorTitles": ["BrowserError 错误路径测试", "页面操作错误"],
					"fullName": "BrowserError 错误路径测试 页面操作错误 应该处理截图失败",
					"status": "passed",
					"title": "应该处理截图失败",
					"duration": 0.10519999999996799,
					"failureMessages": [],
					"meta": {}
				},
				{
					"ancestorTitles": ["BrowserError 错误路径测试", "页面操作错误"],
					"fullName": "BrowserError 错误路径测试 页面操作错误 应该处理脚本执行失败",
					"status": "passed",
					"title": "应该处理脚本执行失败",
					"duration": 0.2339000000000624,
					"failureMessages": [],
					"meta": {}
				},
				{
					"ancestorTitles": ["BrowserError 错误路径测试", "页面操作错误"],
					"fullName": "BrowserError 错误路径测试 页面操作错误 应该处理文件上传失败",
					"status": "passed",
					"title": "应该处理文件上传失败",
					"duration": 0.18020000000001346,
					"failureMessages": [],
					"meta": {}
				},
				{
					"ancestorTitles": ["BrowserError 错误路径测试", "浏览器上下文错误"],
					"fullName": "BrowserError 错误路径测试 浏览器上下文错误 应该处理上下文关闭错误",
					"status": "passed",
					"title": "应该处理上下文关闭错误",
					"duration": 0.12339999999994689,
					"failureMessages": [],
					"meta": {}
				},
				{
					"ancestorTitles": ["BrowserError 错误路径测试", "浏览器上下文错误"],
					"fullName": "BrowserError 错误路径测试 浏览器上下文错误 应该处理浏览器断开连接",
					"status": "passed",
					"title": "应该处理浏览器断开连接",
					"duration": 0.7320000000000846,
					"failureMessages": [],
					"meta": {}
				},
				{
					"ancestorTitles": ["BrowserError 错误路径测试", "浏览器上下文错误"],
					"fullName": "BrowserError 错误路径测试 浏览器上下文错误 应该处理 CDP 连接失败",
					"status": "passed",
					"title": "应该处理 CDP 连接失败",
					"duration": 0.25699999999994816,
					"failureMessages": [],
					"meta": {}
				},
				{
					"ancestorTitles": ["BrowserError 错误路径测试", "复杂场景错误"],
					"fullName": "BrowserError 错误路径测试 复杂场景错误 应该处理多帧操作错误",
					"status": "passed",
					"title": "应该处理多帧操作错误",
					"duration": 0.14580000000000837,
					"failureMessages": [],
					"meta": {}
				},
				{
					"ancestorTitles": ["BrowserError 错误路径测试", "复杂场景错误"],
					"fullName": "BrowserError 错误路径测试 复杂场景错误 应该处理弹窗操作错误",
					"status": "passed",
					"title": "应该处理弹窗操作错误",
					"duration": 0.16470000000003893,
					"failureMessages": [],
					"meta": {}
				},
				{
					"ancestorTitles": ["BrowserError 错误路径测试", "复杂场景错误"],
					"fullName": "BrowserError 错误路径测试 复杂场景错误 应该处理键盘操作错误",
					"status": "passed",
					"title": "应该处理键盘操作错误",
					"duration": 0.2400000000000091,
					"failureMessages": [],
					"meta": {}
				},
				{
					"ancestorTitles": ["BrowserError 错误路径测试", "复杂场景错误"],
					"fullName": "BrowserError 错误路径测试 复杂场景错误 应该处理鼠标操作错误",
					"status": "passed",
					"title": "应该处理鼠标操作错误",
					"duration": 0.20420000000001437,
					"failureMessages": [],
					"meta": {}
				},
				{
					"ancestorTitles": ["BrowserError 错误路径测试", "错误上下文信息"],
					"fullName": "BrowserError 错误路径测试 错误上下文信息 应该包含 dirId 信息",
					"status": "passed",
					"title": "应该包含 dirId 信息",
					"duration": 0.16990000000009786,
					"failureMessages": [],
					"meta": {}
				},
				{
					"ancestorTitles": ["BrowserError 错误路径测试", "错误上下文信息"],
					"fullName": "BrowserError 错误路径测试 错误上下文信息 应该支持空上下文",
					"status": "passed",
					"title": "应该支持空上下文",
					"duration": 0.337099999999964,
					"failureMessages": [],
					"meta": {}
				},
				{
					"ancestorTitles": ["BrowserError 错误路径测试", "错误上下文信息"],
					"fullName": "BrowserError 错误路径测试 错误上下文信息 应该支持丰富的上下文信息",
					"status": "passed",
					"title": "应该支持丰富的上下文信息",
					"duration": 0.24509999999997945,
					"failureMessages": [],
					"meta": {}
				},
				{
					"ancestorTitles": ["BrowserError 错误路径测试", "错误类型判断"],
					"fullName": "BrowserError 错误路径测试 错误类型判断 应该正确识别为可重试错误",
					"status": "passed",
					"title": "应该正确识别为可重试错误",
					"duration": 0.12260000000003402,
					"failureMessages": [],
					"meta": {}
				},
				{
					"ancestorTitles": ["BrowserError 错误路径测试", "错误类型判断"],
					"fullName": "BrowserError 错误路径测试 错误类型判断 应该与其他错误类型区分",
					"status": "passed",
					"title": "应该与其他错误类型区分",
					"duration": 0.19659999999998945,
					"failureMessages": [],
					"meta": {}
				},
				{
					"ancestorTitles": ["BrowserError 错误路径测试", "错误传播"],
					"fullName": "BrowserError 错误路径测试 错误传播 应该支持 try-catch 捕获",
					"status": "passed",
					"title": "应该支持 try-catch 捕获",
					"duration": 0.657799999999952,
					"failureMessages": [],
					"meta": {}
				},
				{
					"ancestorTitles": ["BrowserError 错误路径测试", "错误传播"],
					"fullName": "BrowserError 错误路径测试 错误传播 应该支持 async 错误捕获",
					"status": "passed",
					"title": "应该支持 async 错误捕获",
					"duration": 0.7857999999999947,
					"failureMessages": [],
					"meta": {}
				},
				{
					"ancestorTitles": ["BrowserError 错误路径测试", "边界条件"],
					"fullName": "BrowserError 错误路径测试 边界条件 应该处理空字符串消息",
					"status": "passed",
					"title": "应该处理空字符串消息",
					"duration": 0.12420000000008713,
					"failureMessages": [],
					"meta": {}
				},
				{
					"ancestorTitles": ["BrowserError 错误路径测试", "边界条件"],
					"fullName": "BrowserError 错误路径测试 边界条件 应该处理超长选择器",
					"status": "passed",
					"title": "应该处理超长选择器",
					"duration": 0.10749999999995907,
					"failureMessages": [],
					"meta": {}
				},
				{
					"ancestorTitles": ["BrowserError 错误路径测试", "边界条件"],
					"fullName": "BrowserError 错误路径测试 边界条件 应该处理特殊字符",
					"status": "passed",
					"title": "应该处理特殊字符",
					"duration": 0.11260000000004311,
					"failureMessages": [],
					"meta": {}
				},
				{
					"ancestorTitles": ["BrowserError 错误路径测试", "边界条件"],
					"fullName": "BrowserError 错误路径测试 边界条件 应该处理循环引用的上下文",
					"status": "passed",
					"title": "应该处理循环引用的上下文",
					"duration": 1.856800000000021,
					"failureMessages": [],
					"meta": {}
				}
			],
			"startTime": 1762584346447,
			"endTime": 1762584346463.8567,
			"status": "passed",
			"message": "",
			"name": "D:/TSProjects/HushOps.Servers.XiaoHongShu/tests/unit/errors/browserError.test.ts"
		},
		{
			"assertionResults": [
				{
					"ancestorTitles": ["熔断器错误路径测试", "熔断触发"],
					"fullName": "熔断器错误路径测试 熔断触发 应该在连续失败达到阈值后触发熔断",
					"status": "passed",
					"title": "应该在连续失败达到阈值后触发熔断",
					"duration": 11.598299999999995,
					"failureMessages": [],
					"meta": {}
				},
				{
					"ancestorTitles": ["熔断器错误路径测试", "熔断触发"],
					"fullName": "熔断器错误路径测试 熔断触发 应该记录熔断状态",
					"status": "passed",
					"title": "应该记录熔断状态",
					"duration": 0.8468999999998914,
					"failureMessages": [],
					"meta": {}
				},
				{
					"ancestorTitles": ["熔断器错误路径测试", "熔断触发"],
					"fullName": "熔断器错误路径测试 熔断触发 应该不同 key 独立熔断",
					"status": "passed",
					"title": "应该不同 key 独立熔断",
					"duration": 2.303099999999972,
					"failureMessages": [],
					"meta": {}
				},
				{
					"ancestorTitles": ["熔断器错误路径测试", "熔断恢复"],
					"fullName": "熔断器错误路径测试 熔断恢复 应该在熔断时长后进入半开状态",
					"status": "passed",
					"title": "应该在熔断时长后进入半开状态",
					"duration": 156.72109999999998,
					"failureMessages": [],
					"meta": {}
				},
				{
					"ancestorTitles": ["熔断器错误路径测试", "熔断恢复"],
					"fullName": "熔断器错误路径测试 熔断恢复 应该在半开状态成功后关闭熔断器",
					"status": "passed",
					"title": "应该在半开状态成功后关闭熔断器",
					"duration": 115.38459999999998,
					"failureMessages": [],
					"meta": {}
				},
				{
					"ancestorTitles": ["熔断器错误路径测试", "熔断恢复"],
					"fullName": "熔断器错误路径测试 熔断恢复 应该在半开状态失败后重新熔断",
					"status": "passed",
					"title": "应该在半开状态失败后重新熔断",
					"duration": 113.33390000000009,
					"failureMessages": [],
					"meta": {}
				},
				{
					"ancestorTitles": ["熔断器错误路径测试", "QPS 限流"],
					"fullName": "熔断器错误路径测试 QPS 限流 应该限制每秒请求数",
					"status": "passed",
					"title": "应该限制每秒请求数",
					"duration": 1537.4082,
					"failureMessages": [],
					"meta": {}
				},
				{
					"ancestorTitles": ["熔断器错误路径测试", "QPS 限流"],
					"fullName": "熔断器错误路径测试 QPS 限流 应该在下一秒重置 QPS 配额",
					"status": "passed",
					"title": "应该在下一秒重置 QPS 配额",
					"duration": 1114.9615,
					"failureMessages": [],
					"meta": {}
				},
				{
					"ancestorTitles": ["熔断器错误路径测试", "失败计数管理"],
					"fullName": "熔断器错误路径测试 失败计数管理 应该正确累积失败次数",
					"status": "passed",
					"title": "应该正确累积失败次数",
					"duration": 0.5079999999998108,
					"failureMessages": [],
					"meta": {}
				},
				{
					"ancestorTitles": ["熔断器错误路径测试", "失败计数管理"],
					"fullName": "熔断器错误路径测试 失败计数管理 应该在成功后重置失败计数",
					"status": "passed",
					"title": "应该在成功后重置失败计数",
					"duration": 0.26610000000027867,
					"failureMessages": [],
					"meta": {}
				},
				{
					"ancestorTitles": ["熔断器错误路径测试", "失败计数管理"],
					"fullName": "熔断器错误路径测试 失败计数管理 应该在未达到阈值时不触发熔断",
					"status": "passed",
					"title": "应该在未达到阈值时不触发熔断",
					"duration": 0.3272999999999229,
					"failureMessages": [],
					"meta": {}
				},
				{
					"ancestorTitles": ["熔断器错误路径测试", "熔断器边界条件"],
					"fullName": "熔断器错误路径测试 熔断器边界条件 应该处理零阈值配置",
					"status": "passed",
					"title": "应该处理零阈值配置",
					"duration": 1012.5738999999999,
					"failureMessages": [],
					"meta": {}
				},
				{
					"ancestorTitles": ["熔断器错误路径测试", "熔断器边界条件"],
					"fullName": "熔断器错误路径测试 熔断器边界条件 应该处理超大阈值配置",
					"status": "passed",
					"title": "应该处理超大阈值配置",
					"duration": 108.89120000000003,
					"failureMessages": [],
					"meta": {}
				},
				{
					"ancestorTitles": ["熔断器错误路径测试", "熔断器边界条件"],
					"fullName": "熔断器错误路径测试 熔断器边界条件 应该处理零 QPS 配置",
					"status": "passed",
					"title": "应该处理零 QPS 配置",
					"duration": 0.28480000000035943,
					"failureMessages": [],
					"meta": {}
				},
				{
					"ancestorTitles": ["熔断器错误路径测试", "熔断器边界条件"],
					"fullName": "熔断器错误路径测试 熔断器边界条件 应该处理超短熔断时长",
					"status": "passed",
					"title": "应该处理超短熔断时长",
					"duration": 14.988600000000588,
					"failureMessages": [],
					"meta": {}
				},
				{
					"ancestorTitles": ["熔断器错误路径测试", "并发场景"],
					"fullName": "熔断器错误路径测试 并发场景 应该正确处理并发请求",
					"status": "passed",
					"title": "应该正确处理并发请求",
					"duration": 15.243400000000292,
					"failureMessages": [],
					"meta": {}
				},
				{
					"ancestorTitles": ["熔断器错误路径测试", "并发场景"],
					"fullName": "熔断器错误路径测试 并发场景 应该隔离不同 key 的并发请求",
					"status": "passed",
					"title": "应该隔离不同 key 的并发请求",
					"duration": 0.6317999999992026,
					"failureMessages": [],
					"meta": {}
				}
			],
			"startTime": 1762584346538,
			"endTime": 1762584350745.6318,
			"status": "passed",
			"message": "",
			"name": "D:/TSProjects/HushOps.Servers.XiaoHongShu/tests/unit/errors/circuitBreaker.test.ts"
		},
		{
			"assertionResults": [
				{
					"ancestorTitles": ["NetworkError 错误路径测试", "错误创建和序列化"],
					"fullName": "NetworkError 错误路径测试 错误创建和序列化 应该正确创建网络错误",
					"status": "passed",
					"title": "应该正确创建网络错误",
					"duration": 2.3093000000000075,
					"failureMessages": [],
					"meta": {}
				},
				{
					"ancestorTitles": ["NetworkError 错误路径测试", "错误创建和序列化"],
					"fullName": "NetworkError 错误路径测试 错误创建和序列化 应该正确序列化为 JSON",
					"status": "passed",
					"title": "应该正确序列化为 JSON",
					"duration": 4.488499999999988,
					"failureMessages": [],
					"meta": {}
				},
				{
					"ancestorTitles": ["NetworkError 错误路径测试", "错误创建和序列化"],
					"fullName": "NetworkError 错误路径测试 错误创建和序列化 应该包含错误堆栈跟踪",
					"status": "passed",
					"title": "应该包含错误堆栈跟踪",
					"duration": 0.8140999999999394,
					"failureMessages": [],
					"meta": {}
				},
				{
					"ancestorTitles": ["NetworkError 错误路径测试", "错误上下文信息"],
					"fullName": "NetworkError 错误路径测试 错误上下文信息 应该支持空上下文",
					"status": "passed",
					"title": "应该支持空上下文",
					"duration": 0.550899999999956,
					"failureMessages": [],
					"meta": {}
				},
				{
					"ancestorTitles": ["NetworkError 错误路径测试", "错误上下文信息"],
					"fullName": "NetworkError 错误路径测试 错误上下文信息 应该支持丰富的上下文信息",
					"status": "passed",
					"title": "应该支持丰富的上下文信息",
					"duration": 0.31110000000001037,
					"failureMessages": [],
					"meta": {}
				},
				{
					"ancestorTitles": ["NetworkError 错误路径测试", "错误上下文信息"],
					"fullName": "NetworkError 错误路径测试 错误上下文信息 应该支持嵌套错误上下文",
					"status": "passed",
					"title": "应该支持嵌套错误上下文",
					"duration": 0.28110000000003765,
					"failureMessages": [],
					"meta": {}
				},
				{
					"ancestorTitles": ["NetworkError 错误路径测试", "错误类型判断"],
					"fullName": "NetworkError 错误路径测试 错误类型判断 应该正确识别为可重试错误",
					"status": "passed",
					"title": "应该正确识别为可重试错误",
					"duration": 0.20270000000004984,
					"failureMessages": [],
					"meta": {}
				},
				{
					"ancestorTitles": ["NetworkError 错误路径测试", "错误类型判断"],
					"fullName": "NetworkError 错误路径测试 错误类型判断 应该与其他错误类型区分",
					"status": "passed",
					"title": "应该与其他错误类型区分",
					"duration": 0.31140000000004875,
					"failureMessages": [],
					"meta": {}
				},
				{
					"ancestorTitles": ["NetworkError 错误路径测试", "错误消息格式化"],
					"fullName": "NetworkError 错误路径测试 错误消息格式化 应该支持模板化错误消息",
					"status": "passed",
					"title": "应该支持模板化错误消息",
					"duration": 0.34370000000001255,
					"failureMessages": [],
					"meta": {}
				},
				{
					"ancestorTitles": ["NetworkError 错误路径测试", "错误消息格式化"],
					"fullName": "NetworkError 错误路径测试 错误消息格式化 应该保持错误消息的原始格式",
					"status": "passed",
					"title": "应该保持错误消息的原始格式",
					"duration": 0.26519999999993615,
					"failureMessages": [],
					"meta": {}
				},
				{
					"ancestorTitles": ["NetworkError 错误路径测试", "错误传播"],
					"fullName": "NetworkError 错误路径测试 错误传播 应该支持 try-catch 捕获",
					"status": "passed",
					"title": "应该支持 try-catch 捕获",
					"duration": 1.1042999999999665,
					"failureMessages": [],
					"meta": {}
				},
				{
					"ancestorTitles": ["NetworkError 错误路径测试", "错误传播"],
					"fullName": "NetworkError 错误路径测试 错误传播 应该支持 async 错误捕获",
					"status": "passed",
					"title": "应该支持 async 错误捕获",
					"duration": 1.0220000000000482,
					"failureMessages": [],
					"meta": {}
				},
				{
					"ancestorTitles": ["NetworkError 错误路径测试", "错误恢复策略"],
					"fullName": "NetworkError 错误路径测试 错误恢复策略 应该提供重试建议",
					"status": "passed",
					"title": "应该提供重试建议",
					"duration": 0.3590999999998985,
					"failureMessages": [],
					"meta": {}
				},
				{
					"ancestorTitles": ["NetworkError 错误路径测试", "错误恢复策略"],
					"fullName": "NetworkError 错误路径测试 错误恢复策略 应该区分临时错误和永久错误",
					"status": "passed",
					"title": "应该区分临时错误和永久错误",
					"duration": 0.2639999999998963,
					"failureMessages": [],
					"meta": {}
				},
				{
					"ancestorTitles": ["NetworkError 错误路径测试", "边界条件"],
					"fullName": "NetworkError 错误路径测试 边界条件 应该处理空字符串消息",
					"status": "passed",
					"title": "应该处理空字符串消息",
					"duration": 0.21120000000007622,
					"failureMessages": [],
					"meta": {}
				},
				{
					"ancestorTitles": ["NetworkError 错误路径测试", "边界条件"],
					"fullName": "NetworkError 错误路径测试 边界条件 应该处理超长错误消息",
					"status": "passed",
					"title": "应该处理超长错误消息",
					"duration": 0.21490000000005693,
					"failureMessages": [],
					"meta": {}
				},
				{
					"ancestorTitles": ["NetworkError 错误路径测试", "边界条件"],
					"fullName": "NetworkError 错误路径测试 边界条件 应该处理特殊字符",
					"status": "passed",
					"title": "应该处理特殊字符",
					"duration": 0.4451000000000249,
					"failureMessages": [],
					"meta": {}
				},
				{
					"ancestorTitles": ["NetworkError 错误路径测试", "边界条件"],
					"fullName": "NetworkError 错误路径测试 边界条件 应该处理循环引用的上下文（序列化安全）",
					"status": "passed",
					"title": "应该处理循环引用的上下文（序列化安全）",
					"duration": 0.5845000000000482,
					"failureMessages": [],
					"meta": {}
				}
			],
			"startTime": 1762584346447,
			"endTime": 1762584346462.5845,
			"status": "passed",
			"message": "",
			"name": "D:/TSProjects/HushOps.Servers.XiaoHongShu/tests/unit/errors/networkError.test.ts"
		},
		{
			"assertionResults": [
				{
					"ancestorTitles": ["ValidationError 错误路径测试", "错误创建和序列化"],
					"fullName": "ValidationError 错误路径测试 错误创建和序列化 应该正确创建验证错误",
					"status": "passed",
					"title": "应该正确创建验证错误",
					"duration": 2.316799999999944,
					"failureMessages": [],
					"meta": {}
				},
				{
					"ancestorTitles": ["ValidationError 错误路径测试", "错误创建和序列化"],
					"fullName": "ValidationError 错误路径测试 错误创建和序列化 应该正确序列化为 JSON",
					"status": "passed",
					"title": "应该正确序列化为 JSON",
					"duration": 5.011200000000031,
					"failureMessages": [],
					"meta": {}
				},
				{
					"ancestorTitles": ["ValidationError 错误路径测试", "错误创建和序列化"],
					"fullName": "ValidationError 错误路径测试 错误创建和序列化 应该包含错误堆栈跟踪",
					"status": "passed",
					"title": "应该包含错误堆栈跟踪",
					"duration": 0.7139000000000806,
					"failureMessages": [],
					"meta": {}
				},
				{
					"ancestorTitles": ["ValidationError 错误路径测试", "字段验证"],
					"fullName": "ValidationError 错误路径测试 字段验证 应该验证字符串长度",
					"status": "passed",
					"title": "应该验证字符串长度",
					"duration": 0.4110999999999194,
					"failureMessages": [],
					"meta": {}
				},
				{
					"ancestorTitles": ["ValidationError 错误路径测试", "字段验证"],
					"fullName": "ValidationError 错误路径测试 字段验证 应该验证数值范围",
					"status": "passed",
					"title": "应该验证数值范围",
					"duration": 0.28449999999998,
					"failureMessages": [],
					"meta": {}
				},
				{
					"ancestorTitles": ["ValidationError 错误路径测试", "字段验证"],
					"fullName": "ValidationError 错误路径测试 字段验证 应该验证枚举值",
					"status": "passed",
					"title": "应该验证枚举值",
					"duration": 0.3209000000000515,
					"failureMessages": [],
					"meta": {}
				},
				{
					"ancestorTitles": ["ValidationError 错误路径测试", "字段验证"],
					"fullName": "ValidationError 错误路径测试 字段验证 应该验证必填字段",
					"status": "passed",
					"title": "应该验证必填字段",
					"duration": 0.26539999999999964,
					"failureMessages": [],
					"meta": {}
				},
				{
					"ancestorTitles": ["ValidationError 错误路径测试", "类型验证"],
					"fullName": "ValidationError 错误路径测试 类型验证 应该验证数据类型",
					"status": "passed",
					"title": "应该验证数据类型",
					"duration": 0.22419999999999618,
					"failureMessages": [],
					"meta": {}
				},
				{
					"ancestorTitles": ["ValidationError 错误路径测试", "类型验证"],
					"fullName": "ValidationError 错误路径测试 类型验证 应该验证对象结构",
					"status": "passed",
					"title": "应该验证对象结构",
					"duration": 0.453899999999976,
					"failureMessages": [],
					"meta": {}
				},
				{
					"ancestorTitles": ["ValidationError 错误路径测试", "类型验证"],
					"fullName": "ValidationError 错误路径测试 类型验证 应该验证数组类型",
					"status": "passed",
					"title": "应该验证数组类型",
					"duration": 0.300899999999956,
					"failureMessages": [],
					"meta": {}
				},
				{
					"ancestorTitles": ["ValidationError 错误路径测试", "格式验证"],
					"fullName": "ValidationError 错误路径测试 格式验证 应该验证 Email 格式",
					"status": "passed",
					"title": "应该验证 Email 格式",
					"duration": 0.2199999999999136,
					"failureMessages": [],
					"meta": {}
				},
				{
					"ancestorTitles": ["ValidationError 错误路径测试", "格式验证"],
					"fullName": "ValidationError 错误路径测试 格式验证 应该验证 URL 格式",
					"status": "passed",
					"title": "应该验证 URL 格式",
					"duration": 0.17180000000007567,
					"failureMessages": [],
					"meta": {}
				},
				{
					"ancestorTitles": ["ValidationError 错误路径测试", "格式验证"],
					"fullName": "ValidationError 错误路径测试 格式验证 应该验证日期格式",
					"status": "passed",
					"title": "应该验证日期格式",
					"duration": 0.1715000000000373,
					"failureMessages": [],
					"meta": {}
				},
				{
					"ancestorTitles": ["ValidationError 错误路径测试", "复杂验证场景"],
					"fullName": "ValidationError 错误路径测试 复杂验证场景 应该验证多个字段错误",
					"status": "passed",
					"title": "应该验证多个字段错误",
					"duration": 1.176499999999919,
					"failureMessages": [],
					"meta": {}
				},
				{
					"ancestorTitles": ["ValidationError 错误路径测试", "复杂验证场景"],
					"fullName": "ValidationError 错误路径测试 复杂验证场景 应该验证嵌套字段",
					"status": "passed",
					"title": "应该验证嵌套字段",
					"duration": 0.2718000000000984,
					"failureMessages": [],
					"meta": {}
				},
				{
					"ancestorTitles": ["ValidationError 错误路径测试", "复杂验证场景"],
					"fullName": "ValidationError 错误路径测试 复杂验证场景 应该验证条件验证",
					"status": "passed",
					"title": "应该验证条件验证",
					"duration": 0.21139999999991232,
					"failureMessages": [],
					"meta": {}
				},
				{
					"ancestorTitles": ["ValidationError 错误路径测试", "错误消息本地化"],
					"fullName": "ValidationError 错误路径测试 错误消息本地化 应该支持中文错误消息",
					"status": "passed",
					"title": "应该支持中文错误消息",
					"duration": 0.18600000000003547,
					"failureMessages": [],
					"meta": {}
				},
				{
					"ancestorTitles": ["ValidationError 错误路径测试", "错误消息本地化"],
					"fullName": "ValidationError 错误路径测试 错误消息本地化 应该支持错误消息模板",
					"status": "passed",
					"title": "应该支持错误消息模板",
					"duration": 0.18499999999994543,
					"failureMessages": [],
					"meta": {}
				},
				{
					"ancestorTitles": ["ValidationError 错误路径测试", "错误类型判断"],
					"fullName": "ValidationError 错误路径测试 错误类型判断 应该正确识别为不可重试错误",
					"status": "passed",
					"title": "应该正确识别为不可重试错误",
					"duration": 0.18439999999998236,
					"failureMessages": [],
					"meta": {}
				},
				{
					"ancestorTitles": ["ValidationError 错误路径测试", "错误类型判断"],
					"fullName": "ValidationError 错误路径测试 错误类型判断 应该与其他错误类型区分",
					"status": "passed",
					"title": "应该与其他错误类型区分",
					"duration": 0.265700000000038,
					"failureMessages": [],
					"meta": {}
				},
				{
					"ancestorTitles": ["ValidationError 错误路径测试", "边界条件"],
					"fullName": "ValidationError 错误路径测试 边界条件 应该处理空上下文",
					"status": "passed",
					"title": "应该处理空上下文",
					"duration": 0.17589999999995598,
					"failureMessages": [],
					"meta": {}
				},
				{
					"ancestorTitles": ["ValidationError 错误路径测试", "边界条件"],
					"fullName": "ValidationError 错误路径测试 边界条件 应该处理 undefined 和 null 值",
					"status": "passed",
					"title": "应该处理 undefined 和 null 值",
					"duration": 0.21310000000005402,
					"failureMessages": [],
					"meta": {}
				},
				{
					"ancestorTitles": ["ValidationError 错误路径测试", "边界条件"],
					"fullName": "ValidationError 错误路径测试 边界条件 应该处理特殊值类型",
					"status": "passed",
					"title": "应该处理特殊值类型",
					"duration": 0.44659999999998945,
					"failureMessages": [],
					"meta": {}
				},
				{
					"ancestorTitles": ["ValidationError 错误路径测试", "边界条件"],
					"fullName": "ValidationError 错误路径测试 边界条件 应该处理循环引用",
					"status": "passed",
					"title": "应该处理循环引用",
					"duration": 1.1130999999999176,
					"failureMessages": [],
					"meta": {}
				},
				{
					"ancestorTitles": ["ValidationError 错误路径测试", "错误传播"],
					"fullName": "ValidationError 错误路径测试 错误传播 应该支持 try-catch 捕获",
					"status": "passed",
					"title": "应该支持 try-catch 捕获",
					"duration": 0.4370000000000118,
					"failureMessages": [],
					"meta": {}
				},
				{
					"ancestorTitles": ["ValidationError 错误路径测试", "错误传播"],
					"fullName": "ValidationError 错误路径测试 错误传播 应该支持 async 错误捕获",
					"status": "passed",
					"title": "应该支持 async 错误捕获",
					"duration": 2.3795000000000073,
					"failureMessages": [],
					"meta": {}
				}
			],
			"startTime": 1762584346447,
			"endTime": 1762584346466.3794,
			"status": "passed",
			"message": "",
			"name": "D:/TSProjects/HushOps.Servers.XiaoHongShu/tests/unit/errors/validationError.test.ts"
		},
		{
			"assertionResults": [
				{
					"ancestorTitles": ["humanization edges"],
					"fullName": "humanization edges scroll: segments=1 and 30, micro/macro pauses off/on",
					"status": "passed",
					"title": "scroll: segments=1 and 30, micro/macro pauses off/on",
					"duration": 1.4956000000000245,
					"failureMessages": [],
					"meta": {}
				},
				{
					"ancestorTitles": ["humanization edges"],
					"fullName": "humanization edges scroll: extreme deltaY handled",
					"status": "passed",
					"title": "scroll: extreme deltaY handled",
					"duration": 0.2821999999999889,
					"failureMessages": [],
					"meta": {}
				},
				{
					"ancestorTitles": ["humanization edges"],
					"fullName": "humanization edges mouse: micro jitter default on; can be disabled via counts/px",
					"status": "passed",
					"title": "mouse: micro jitter default on; can be disabled via counts/px",
					"duration": 0.5860000000000127,
					"failureMessages": [],
					"meta": {}
				},
				{
					"ancestorTitles": ["humanization edges"],
					"fullName": "humanization edges mouse: overshoot on/off affects tail points",
					"status": "passed",
					"title": "mouse: overshoot on/off affects tail points",
					"duration": 0.2676000000000158,
					"failureMessages": [],
					"meta": {}
				}
			],
			"startTime": 1762584346836,
			"endTime": 1762584346838.586,
			"status": "passed",
			"message": "",
			"name": "D:/TSProjects/HushOps.Servers.XiaoHongShu/tests/unit/humanization/edges.test.ts"
		},
		{
			"assertionResults": [
				{
					"ancestorTitles": ["viewport utils"],
					"fullName": "viewport utils ensureVisible calls scrollIntoViewIfNeeded and waits visible",
					"status": "passed",
					"title": "ensureVisible calls scrollIntoViewIfNeeded and waits visible",
					"duration": 2.662300000000016,
					"failureMessages": [],
					"meta": {}
				},
				{
					"ancestorTitles": ["viewport utils"],
					"fullName": "viewport utils centerInViewport falls back to ensureVisible when no viewport",
					"status": "passed",
					"title": "centerInViewport falls back to ensureVisible when no viewport",
					"duration": 0.7523999999999944,
					"failureMessages": [],
					"meta": {}
				},
				{
					"ancestorTitles": ["viewport utils"],
					"fullName": "viewport utils centerInViewport scrolls then ensures visible",
					"status": "passed",
					"title": "centerInViewport scrolls then ensures visible",
					"duration": 0.987199999999973,
					"failureMessages": [],
					"meta": {}
				}
			],
			"startTime": 1762584347367,
			"endTime": 1762584347371.9873,
			"status": "passed",
			"message": "",
			"name": "D:/TSProjects/HushOps.Servers.XiaoHongShu/tests/unit/humanization/viewport.test.ts"
		},
		{
			"assertionResults": [
				{
					"ancestorTitles": ["text-clean"],
					"fullName": "text-clean removes default punctuation and collapses whitespace",
					"status": "passed",
					"title": "removes default punctuation and collapses whitespace",
					"duration": 2.7580000000000098,
					"failureMessages": [],
					"meta": {}
				},
				{
					"ancestorTitles": ["text-clean"],
					"fullName": "text-clean respects custom remove chars",
					"status": "passed",
					"title": "respects custom remove chars",
					"duration": 0.7931999999999846,
					"failureMessages": [],
					"meta": {}
				},
				{
					"ancestorTitles": ["text-clean"],
					"fullName": "text-clean respects custom regex",
					"status": "passed",
					"title": "respects custom regex",
					"duration": 0.8203000000000031,
					"failureMessages": [],
					"meta": {}
				}
			],
			"startTime": 1762584347829,
			"endTime": 1762584347833.8203,
			"status": "passed",
			"message": "",
			"name": "D:/TSProjects/HushOps.Servers.XiaoHongShu/tests/unit/lib/text-clean.test.ts"
		},
		{
			"assertionResults": [
				{
					"ancestorTitles": ["netwatch exports"],
					"fullName": "netwatch exports should export waitFeed/waitHomefeed/waitSearchNotes",
					"status": "passed",
					"title": "should export waitFeed/waitHomefeed/waitSearchNotes",
					"duration": 1.8667000000000087,
					"failureMessages": [],
					"meta": {}
				}
			],
			"startTime": 1762584348978,
			"endTime": 1762584348979.8667,
			"status": "passed",
			"message": "",
			"name": "D:/TSProjects/HushOps.Servers.XiaoHongShu/tests/unit/netwatch/ok-only.test.ts"
		},
		{
			"assertionResults": [
				{
					"ancestorTitles": ["health sink: appendNavProgress"],
					"fullName": "health sink: appendNavProgress should be callable with minimal fields",
					"status": "passed",
					"title": "should be callable with minimal fields",
					"duration": 1.704400000000021,
					"failureMessages": [],
					"meta": {}
				}
			],
			"startTime": 1762584349184,
			"endTime": 1762584349185.7043,
			"status": "passed",
			"message": "",
			"name": "D:/TSProjects/HushOps.Servers.XiaoHongShu/tests/unit/selectors/health-sink-progress.test.ts"
		},
		{
			"assertionResults": [
				{
					"ancestorTitles": ["health-sink batching (smoke)"],
					"fullName": "health-sink batching (smoke) appends multiple records without throwing (buffered)",
					"status": "passed",
					"title": "appends multiple records without throwing (buffered)",
					"duration": 615.1045,
					"failureMessages": [],
					"meta": {}
				}
			],
			"startTime": 1762584348077,
			"endTime": 1762584348692.1045,
			"status": "passed",
			"message": "",
			"name": "D:/TSProjects/HushOps.Servers.XiaoHongShu/tests/unit/selectors/health-sink.batch.test.ts"
		},
		{
			"assertionResults": [
				{
					"ancestorTitles": ["health monitor p95"],
					"fullName": "health monitor p95 computes p95 from recent durations",
					"status": "passed",
					"title": "computes p95 from recent durations",
					"duration": 2.040100000000024,
					"failureMessages": [],
					"meta": {}
				}
			],
			"startTime": 1762584349145,
			"endTime": 1762584349147.04,
			"status": "passed",
			"message": "",
			"name": "D:/TSProjects/HushOps.Servers.XiaoHongShu/tests/unit/selectors/health.p95.test.ts"
		},
		{
			"assertionResults": [
				{
					"ancestorTitles": ["SelectorHealthMonitor", "record() - 记录选择器使用情况"],
					"fullName": "SelectorHealthMonitor record() - 记录选择器使用情况 应该正确记录成功的选择器使用",
					"status": "passed",
					"title": "应该正确记录成功的选择器使用",
					"duration": 2.1339000000000397,
					"failureMessages": [],
					"meta": {}
				},
				{
					"ancestorTitles": ["SelectorHealthMonitor", "record() - 记录选择器使用情况"],
					"fullName": "SelectorHealthMonitor record() - 记录选择器使用情况 应该正确记录失败的选择器使用",
					"status": "passed",
					"title": "应该正确记录失败的选择器使用",
					"duration": 0.35559999999998126,
					"failureMessages": [],
					"meta": {}
				},
				{
					"ancestorTitles": ["SelectorHealthMonitor", "record() - 记录选择器使用情况"],
					"fullName": "SelectorHealthMonitor record() - 记录选择器使用情况 应该累加多次记录",
					"status": "passed",
					"title": "应该累加多次记录",
					"duration": 0.2644999999999982,
					"failureMessages": [],
					"meta": {}
				},
				{
					"ancestorTitles": ["SelectorHealthMonitor", "record() - 记录选择器使用情况"],
					"fullName": "SelectorHealthMonitor record() - 记录选择器使用情况 应该限制 durations 数组长度为 100",
					"status": "passed",
					"title": "应该限制 durations 数组长度为 100",
					"duration": 0.28969999999992524,
					"failureMessages": [],
					"meta": {}
				},
				{
					"ancestorTitles": ["SelectorHealthMonitor", "record() - 记录选择器使用情况"],
					"fullName": "SelectorHealthMonitor record() - 记录选择器使用情况 应该更新 lastUsed 时间",
					"status": "passed",
					"title": "应该更新 lastUsed 时间",
					"duration": 11.889100000000099,
					"failureMessages": [],
					"meta": {}
				},
				{
					"ancestorTitles": ["SelectorHealthMonitor", "getHealth() - 获取健康度数据"],
					"fullName": "SelectorHealthMonitor getHealth() - 获取健康度数据 应该返回 undefined 对于不存在的选择器",
					"status": "passed",
					"title": "应该返回 undefined 对于不存在的选择器",
					"duration": 0.2418999999999869,
					"failureMessages": [],
					"meta": {}
				},
				{
					"ancestorTitles": ["SelectorHealthMonitor", "getHealth() - 获取健康度数据"],
					"fullName": "SelectorHealthMonitor getHealth() - 获取健康度数据 应该正确计算成功率",
					"status": "passed",
					"title": "应该正确计算成功率",
					"duration": 0.21029999999996107,
					"failureMessages": [],
					"meta": {}
				},
				{
					"ancestorTitles": ["SelectorHealthMonitor", "getHealth() - 获取健康度数据"],
					"fullName": "SelectorHealthMonitor getHealth() - 获取健康度数据 应该返回完整的健康度数据结构",
					"status": "passed",
					"title": "应该返回完整的健康度数据结构",
					"duration": 1.2969000000000506,
					"failureMessages": [],
					"meta": {}
				},
				{
					"ancestorTitles": ["SelectorHealthMonitor", "reportUnhealthy() - 报告不健康的选择器"],
					"fullName": "SelectorHealthMonitor reportUnhealthy() - 报告不健康的选择器 应该返回成功率低于默认阈值（70%）的选择器",
					"status": "passed",
					"title": "应该返回成功率低于默认阈值（70%）的选择器",
					"duration": 0.9606999999999744,
					"failureMessages": [],
					"meta": {}
				},
				{
					"ancestorTitles": ["SelectorHealthMonitor", "reportUnhealthy() - 报告不健康的选择器"],
					"fullName": "SelectorHealthMonitor reportUnhealthy() - 报告不健康的选择器 应该支持自定义阈值",
					"status": "passed",
					"title": "应该支持自定义阈值",
					"duration": 0.1776999999999589,
					"failureMessages": [],
					"meta": {}
				},
				{
					"ancestorTitles": ["SelectorHealthMonitor", "reportUnhealthy() - 报告不健康的选择器"],
					"fullName": "SelectorHealthMonitor reportUnhealthy() - 报告不健康的选择器 应该按成功率升序排序（最不健康的在前）",
					"status": "passed",
					"title": "应该按成功率升序排序（最不健康的在前）",
					"duration": 0.1694999999999709,
					"failureMessages": [],
					"meta": {}
				},
				{
					"ancestorTitles": ["SelectorHealthMonitor", "reportUnhealthy() - 报告不健康的选择器"],
					"fullName": "SelectorHealthMonitor reportUnhealthy() - 报告不健康的选择器 应该返回空数组当所有选择器都健康时",
					"status": "passed",
					"title": "应该返回空数组当所有选择器都健康时",
					"duration": 0.17499999999995453,
					"failureMessages": [],
					"meta": {}
				},
				{
					"ancestorTitles": ["SelectorHealthMonitor", "export() - 导出所有健康度数据"],
					"fullName": "SelectorHealthMonitor export() - 导出所有健康度数据 应该导出所有选择器的健康度数据",
					"status": "passed",
					"title": "应该导出所有选择器的健康度数据",
					"duration": 0.1572999999999638,
					"failureMessages": [],
					"meta": {}
				},
				{
					"ancestorTitles": ["SelectorHealthMonitor", "export() - 导出所有健康度数据"],
					"fullName": "SelectorHealthMonitor export() - 导出所有健康度数据 应该返回空对象当没有数据时",
					"status": "passed",
					"title": "应该返回空对象当没有数据时",
					"duration": 0.13959999999997308,
					"failureMessages": [],
					"meta": {}
				},
				{
					"ancestorTitles": ["SelectorHealthMonitor", "export() - 导出所有健康度数据"],
					"fullName": "SelectorHealthMonitor export() - 导出所有健康度数据 导出的数据应该包含完整的健康度信息",
					"status": "passed",
					"title": "导出的数据应该包含完整的健康度信息",
					"duration": 0.21460000000001855,
					"failureMessages": [],
					"meta": {}
				},
				{
					"ancestorTitles": ["SelectorHealthMonitor", "并发测试"],
					"fullName": "SelectorHealthMonitor 并发测试 应该正确处理并发 record 调用",
					"status": "passed",
					"title": "应该正确处理并发 record 调用",
					"duration": 0.25739999999996144,
					"failureMessages": [],
					"meta": {}
				},
				{
					"ancestorTitles": ["SelectorHealthMonitor", "辅助方法"],
					"fullName": "SelectorHealthMonitor 辅助方法 clear() 应该清空所有统计数据",
					"status": "passed",
					"title": "clear() 应该清空所有统计数据",
					"duration": 0.15420000000005984,
					"failureMessages": [],
					"meta": {}
				},
				{
					"ancestorTitles": ["SelectorHealthMonitor", "辅助方法"],
					"fullName": "SelectorHealthMonitor 辅助方法 size() 应该返回当前跟踪的选择器数量",
					"status": "passed",
					"title": "size() 应该返回当前跟踪的选择器数量",
					"duration": 0.10919999999998709,
					"failureMessages": [],
					"meta": {}
				},
				{
					"ancestorTitles": ["全局 healthMonitor 实例"],
					"fullName": "全局 healthMonitor 实例 应该导出全局单例实例",
					"status": "passed",
					"title": "应该导出全局单例实例",
					"duration": 0.5236999999999625,
					"failureMessages": [],
					"meta": {}
				}
			],
			"startTime": 1762584346438,
			"endTime": 1762584346458.5237,
			"status": "passed",
			"message": "",
			"name": "D:/TSProjects/HushOps.Servers.XiaoHongShu/tests/unit/selectors/health.test.ts"
		},
		{
			"assertionResults": [
				{
					"ancestorTitles": ["resolveLocatorResilient", "成功路径"],
					"fullName": "resolveLocatorResilient 成功路径 应该在第一次尝试成功时返回 Locator",
					"status": "passed",
					"title": "应该在第一次尝试成功时返回 Locator",
					"duration": 3.189999999999941,
					"failureMessages": [],
					"meta": {}
				},
				{
					"ancestorTitles": ["resolveLocatorResilient", "成功路径"],
					"fullName": "resolveLocatorResilient 成功路径 应该支持 skipHealthMonitor 选项",
					"status": "passed",
					"title": "应该支持 skipHealthMonitor 选项",
					"duration": 0.4960999999999558,
					"failureMessages": [],
					"meta": {}
				},
				{
					"ancestorTitles": ["resolveLocatorResilient", "重试机制"],
					"fullName": "resolveLocatorResilient 重试机制 应该在失败后重试",
					"status": "passed",
					"title": "应该在失败后重试",
					"duration": 198.24170000000004,
					"failureMessages": [],
					"meta": {}
				},
				{
					"ancestorTitles": ["resolveLocatorResilient", "重试机制"],
					"fullName": "resolveLocatorResilient 重试机制 应该在所有重试都失败后抛出错误",
					"status": "passed",
					"title": "应该在所有重试都失败后抛出错误",
					"duration": 131.60430000000008,
					"failureMessages": [],
					"meta": {}
				},
				{
					"ancestorTitles": ["resolveLocatorResilient", "断路器机制"],
					"fullName": "resolveLocatorResilient 断路器机制 应该在连续失败后触发断路器",
					"status": "passed",
					"title": "应该在连续失败后触发断路器",
					"duration": 1214.4688999999998,
					"failureMessages": [],
					"meta": {}
				},
				{
					"ancestorTitles": ["resolveLocatorResilient", "断路器机制"],
					"fullName": "resolveLocatorResilient 断路器机制 应该在成功后重置失败计数",
					"status": "passed",
					"title": "应该在成功后重置失败计数",
					"duration": 2.078700000000026,
					"failureMessages": [],
					"meta": {}
				},
				{
					"ancestorTitles": ["resolveLocatorResilient", "健康度记录"],
					"fullName": "resolveLocatorResilient 健康度记录 应该正确记录成功和失败的耗时",
					"status": "passed",
					"title": "应该正确记录成功和失败的耗时",
					"duration": 12.626000000000204,
					"failureMessages": [],
					"meta": {}
				}
			],
			"startTime": 1762584346579,
			"endTime": 1762584348142.626,
			"status": "passed",
			"message": "",
			"name": "D:/TSProjects/HushOps.Servers.XiaoHongShu/tests/unit/selectors/resilient.test.ts"
		},
		{
			"assertionResults": [
				{
					"ancestorTitles": ["xhs: container full-text matching (ANY-of)"],
					"fullName": "xhs: container full-text matching (ANY-of) matches against normalized container text regardless of title presence",
					"status": "passed",
					"title": "matches against normalized container text regardless of title presence",
					"duration": 1.559000000000026,
					"failureMessages": [],
					"meta": {}
				}
			],
			"startTime": 1762584348619,
			"endTime": 1762584348620.559,
			"status": "passed",
			"message": "",
			"name": "D:/TSProjects/HushOps.Servers.XiaoHongShu/tests/unit/selectors/select-note-container-match.test.ts"
		},
		{
			"assertionResults": [
				{
					"ancestorTitles": ["xhs: container full-text matching edge cases"],
					"fullName": "xhs: container full-text matching edge cases emoji-only content becomes empty after regex removal",
					"status": "passed",
					"title": "emoji-only content becomes empty after regex removal",
					"duration": 3.3902999999999963,
					"failureMessages": [],
					"meta": {}
				},
				{
					"ancestorTitles": ["xhs: container full-text matching edge cases"],
					"fullName": "xhs: container full-text matching edge cases author/time/like tokens can be removed via regex",
					"status": "passed",
					"title": "author/time/like tokens can be removed via regex",
					"duration": 1.7130999999999972,
					"failureMessages": [],
					"meta": {}
				},
				{
					"ancestorTitles": ["xhs: container full-text matching edge cases"],
					"fullName": "xhs: container full-text matching edge cases very long text collapses whitespace but preserves content",
					"status": "passed",
					"title": "very long text collapses whitespace but preserves content",
					"duration": 1.3563999999999794,
					"failureMessages": [],
					"meta": {}
				},
				{
					"ancestorTitles": ["xhs: container full-text matching edge cases"],
					"fullName": "xhs: container full-text matching edge cases english case-insensitive and mixed language are normalized",
					"status": "passed",
					"title": "english case-insensitive and mixed language are normalized",
					"duration": 1.1315999999999917,
					"failureMessages": [],
					"meta": {}
				}
			],
			"startTime": 1762584347080,
			"endTime": 1762584347087.1316,
			"status": "passed",
			"message": "",
			"name": "D:/TSProjects/HushOps.Servers.XiaoHongShu/tests/unit/selectors/select-note-edgecases.test.ts"
		},
		{
			"assertionResults": [
				{
					"ancestorTitles": ["xhs: keyword matching uses ANY-of semantics"],
					"fullName": "xhs: keyword matching uses ANY-of semantics matches when any keyword is included (case-insensitive)",
					"status": "passed",
					"title": "matches when any keyword is included (case-insensitive)",
					"duration": 1.29170000000002,
					"failureMessages": [],
					"meta": {}
				}
			],
			"startTime": 1762584348892,
			"endTime": 1762584348893.2917,
			"status": "passed",
			"message": "",
			"name": "D:/TSProjects/HushOps.Servers.XiaoHongShu/tests/unit/selectors/select-note-keyword-match.test.ts"
		},
		{
			"assertionResults": [
				{
					"ancestorTitles": ["xhs: scroll-after strategy config"],
					"fullName": "xhs: scroll-after strategy config should expose sane defaults for smart batch confirmation",
					"status": "passed",
					"title": "should expose sane defaults for smart batch confirmation",
					"duration": 1.4367000000000019,
					"failureMessages": [],
					"meta": {}
				}
			],
			"startTime": 1762584348046,
			"endTime": 1762584348047.4368,
			"status": "passed",
			"message": "",
			"name": "D:/TSProjects/HushOps.Servers.XiaoHongShu/tests/unit/selectors/select-note-progress.test.ts"
		},
		{
			"assertionResults": [
				{
					"ancestorTitles": ["xhs: visited id extraction (anchor href)"],
					"fullName": "xhs: visited id extraction (anchor href) prefers explicit note id segments",
					"status": "passed",
					"title": "prefers explicit note id segments",
					"duration": 1.221100000000007,
					"failureMessages": [],
					"meta": {}
				},
				{
					"ancestorTitles": ["xhs: visited id extraction (anchor href)"],
					"fullName": "xhs: visited id extraction (anchor href) falls back to href when no id present",
					"status": "passed",
					"title": "falls back to href when no id present",
					"duration": 0.1915000000000191,
					"failureMessages": [],
					"meta": {}
				}
			],
			"startTime": 1762584348320,
			"endTime": 1762584348321.2212,
			"status": "passed",
			"message": "",
			"name": "D:/TSProjects/HushOps.Servers.XiaoHongShu/tests/unit/selectors/select-note-visited-id.test.ts"
		},
		{
			"assertionResults": [
				{
					"ancestorTitles": ["selector.ts - resolveLocatorAsync"],
					"fullName": "selector.ts - resolveLocatorAsync 应该返回 Promise<Locator> 类型",
					"status": "passed",
					"title": "应该返回 Promise<Locator> 类型",
					"duration": 294.92680000000007,
					"failureMessages": [],
					"meta": {}
				},
				{
					"ancestorTitles": ["selector.ts - resolveLocatorAsync"],
					"fullName": "selector.ts - resolveLocatorAsync 应该优先使用 role 定位器",
					"status": "passed",
					"title": "应该优先使用 role 定位器",
					"duration": 293.27279999999996,
					"failureMessages": [],
					"meta": {}
				},
				{
					"ancestorTitles": ["selector.ts - resolveLocatorAsync"],
					"fullName": "selector.ts - resolveLocatorAsync 应该支持 alternatives 多候选回退",
					"status": "passed",
					"title": "应该支持 alternatives 多候选回退",
					"duration": 494.9249,
					"failureMessages": [],
					"meta": {}
				},
				{
					"ancestorTitles": ["selector.ts - resolveLocatorAsync"],
					"fullName": "selector.ts - resolveLocatorAsync 应该使用配置的 probeTimeoutMs",
					"status": "passed",
					"title": "应该使用配置的 probeTimeoutMs",
					"duration": 266.36349999999993,
					"failureMessages": [],
					"meta": {}
				},
				{
					"ancestorTitles": ["selector.ts - resolveLocatorAsync"],
					"fullName": "selector.ts - resolveLocatorAsync 应该支持 testId 定位器",
					"status": "passed",
					"title": "应该支持 testId 定位器",
					"duration": 284.7546000000002,
					"failureMessages": [],
					"meta": {}
				},
				{
					"ancestorTitles": ["selector.ts - resolveLocatorAsync"],
					"fullName": "selector.ts - resolveLocatorAsync 应该支持 text 定位器",
					"status": "passed",
					"title": "应该支持 text 定位器",
					"duration": 292.0176999999999,
					"failureMessages": [],
					"meta": {}
				},
				{
					"ancestorTitles": ["config/xhs.ts - XHS_CONF"],
					"fullName": "config/xhs.ts - XHS_CONF 应该包含 selector 配置",
					"status": "passed",
					"title": "应该包含 selector 配置",
					"duration": 0.5231000000003405,
					"failureMessages": [],
					"meta": {}
				},
				{
					"ancestorTitles": ["config/xhs.ts - XHS_CONF"],
					"fullName": "config/xhs.ts - XHS_CONF 应该包含 capture 配置",
					"status": "passed",
					"title": "应该包含 capture 配置",
					"duration": 0.4191000000000713,
					"failureMessages": [],
					"meta": {}
				},
				{
					"ancestorTitles": ["config/xhs.ts - XHS_CONF"],
					"fullName": "config/xhs.ts - XHS_CONF 应该支持环境变量覆盖",
					"status": "passed",
					"title": "应该支持环境变量覆盖",
					"duration": 0.46509999999989304,
					"failureMessages": [],
					"meta": {}
				}
			],
			"startTime": 1762584346932,
			"endTime": 1762584348860.465,
			"status": "passed",
			"message": "",
			"name": "D:/TSProjects/HushOps.Servers.XiaoHongShu/tests/unit/selectors/selector.test.ts"
		},
		{
			"assertionResults": [
				{
					"ancestorTitles": ["selectorIdFromTarget"],
					"fullName": "selectorIdFromTarget stable hashing for string",
					"status": "passed",
					"title": "stable hashing for string",
					"duration": 1.530499999999961,
					"failureMessages": [],
					"meta": {}
				},
				{
					"ancestorTitles": ["selectorIdFromTarget"],
					"fullName": "selectorIdFromTarget works for object",
					"status": "passed",
					"title": "works for object",
					"duration": 0.32869999999996935,
					"failureMessages": [],
					"meta": {}
				}
			],
			"startTime": 1762584349421,
			"endTime": 1762584349423.3286,
			"status": "passed",
			"message": "",
			"name": "D:/TSProjects/HushOps.Servers.XiaoHongShu/tests/unit/selectors/selectorId.test.ts"
		},
		{
			"assertionResults": [
				{
					"ancestorTitles": ["PinoLogger 服务单元测试", "基本日志记录"],
					"fullName": "PinoLogger 服务单元测试 基本日志记录 应该记录 debug 级别日志（字符串）",
					"status": "passed",
					"title": "应该记录 debug 级别日志（字符串）",
					"duration": 2.3900999999999613,
					"failureMessages": [],
					"meta": {}
				},
				{
					"ancestorTitles": ["PinoLogger 服务单元测试", "基本日志记录"],
					"fullName": "PinoLogger 服务单元测试 基本日志记录 应该记录 debug 级别日志（对象）",
					"status": "passed",
					"title": "应该记录 debug 级别日志（对象）",
					"duration": 0.78449999999998,
					"failureMessages": [],
					"meta": {}
				},
				{
					"ancestorTitles": ["PinoLogger 服务单元测试", "基本日志记录"],
					"fullName": "PinoLogger 服务单元测试 基本日志记录 应该记录 info 级别日志（字符串）",
					"status": "passed",
					"title": "应该记录 info 级别日志（字符串）",
					"duration": 0.3265999999999849,
					"failureMessages": [],
					"meta": {}
				},
				{
					"ancestorTitles": ["PinoLogger 服务单元测试", "基本日志记录"],
					"fullName": "PinoLogger 服务单元测试 基本日志记录 应该记录 info 级别日志（对象）",
					"status": "passed",
					"title": "应该记录 info 级别日志（对象）",
					"duration": 0.35790000000008604,
					"failureMessages": [],
					"meta": {}
				},
				{
					"ancestorTitles": ["PinoLogger 服务单元测试", "基本日志记录"],
					"fullName": "PinoLogger 服务单元测试 基本日志记录 应该记录 warn 级别日志（字符串）",
					"status": "passed",
					"title": "应该记录 warn 级别日志（字符串）",
					"duration": 0.2804999999999609,
					"failureMessages": [],
					"meta": {}
				},
				{
					"ancestorTitles": ["PinoLogger 服务单元测试", "基本日志记录"],
					"fullName": "PinoLogger 服务单元测试 基本日志记录 应该记录 warn 级别日志（对象）",
					"status": "passed",
					"title": "应该记录 warn 级别日志（对象）",
					"duration": 0.34969999999998436,
					"failureMessages": [],
					"meta": {}
				},
				{
					"ancestorTitles": ["PinoLogger 服务单元测试", "基本日志记录"],
					"fullName": "PinoLogger 服务单元测试 基本日志记录 应该记录 error 级别日志（字符串）",
					"status": "passed",
					"title": "应该记录 error 级别日志（字符串）",
					"duration": 0.35340000000007876,
					"failureMessages": [],
					"meta": {}
				},
				{
					"ancestorTitles": ["PinoLogger 服务单元测试", "基本日志记录"],
					"fullName": "PinoLogger 服务单元测试 基本日志记录 应该记录 error 级别日志（对象，无错误对象）",
					"status": "passed",
					"title": "应该记录 error 级别日志（对象，无错误对象）",
					"duration": 0.40390000000002146,
					"failureMessages": [],
					"meta": {}
				},
				{
					"ancestorTitles": ["PinoLogger 服务单元测试", "错误对象处理"],
					"fullName": "PinoLogger 服务单元测试 错误对象处理 应该正确处理 Error 对象（err 字段）",
					"status": "passed",
					"title": "应该正确处理 Error 对象（err 字段）",
					"duration": 2.0440999999999576,
					"failureMessages": [],
					"meta": {}
				},
				{
					"ancestorTitles": ["PinoLogger 服务单元测试", "错误对象处理"],
					"fullName": "PinoLogger 服务单元测试 错误对象处理 应该正确处理 Error 对象（error 字段）",
					"status": "passed",
					"title": "应该正确处理 Error 对象（error 字段）",
					"duration": 0.46879999999998745,
					"failureMessages": [],
					"meta": {}
				},
				{
					"ancestorTitles": ["PinoLogger 服务单元测试", "错误对象处理"],
					"fullName": "PinoLogger 服务单元测试 错误对象处理 应该处理自定义错误类型",
					"status": "passed",
					"title": "应该处理自定义错误类型",
					"duration": 4.212400000000002,
					"failureMessages": [],
					"meta": {}
				},
				{
					"ancestorTitles": ["PinoLogger 服务单元测试", "错误对象处理"],
					"fullName": "PinoLogger 服务单元测试 错误对象处理 应该处理无堆栈的错误",
					"status": "passed",
					"title": "应该处理无堆栈的错误",
					"duration": 0.41250000000002274,
					"failureMessages": [],
					"meta": {}
				},
				{
					"ancestorTitles": ["PinoLogger 服务单元测试", "子日志记录器"],
					"fullName": "PinoLogger 服务单元测试 子日志记录器 应该创建子日志记录器",
					"status": "passed",
					"title": "应该创建子日志记录器",
					"duration": 0.4895999999999958,
					"failureMessages": [],
					"meta": {}
				},
				{
					"ancestorTitles": ["PinoLogger 服务单元测试", "子日志记录器"],
					"fullName": "PinoLogger 服务单元测试 子日志记录器 子日志记录器应该继承父日志记录器的上下文",
					"status": "passed",
					"title": "子日志记录器应该继承父日志记录器的上下文",
					"duration": 0.393100000000004,
					"failureMessages": [],
					"meta": {}
				},
				{
					"ancestorTitles": ["PinoLogger 服务单元测试", "子日志记录器"],
					"fullName": "PinoLogger 服务单元测试 子日志记录器 应该支持多层嵌套子日志记录器",
					"status": "passed",
					"title": "应该支持多层嵌套子日志记录器",
					"duration": 0.3673000000000002,
					"failureMessages": [],
					"meta": {}
				},
				{
					"ancestorTitles": ["PinoLogger 服务单元测试", "子日志记录器"],
					"fullName": "PinoLogger 服务单元测试 子日志记录器 应该支持空绑定创建子日志记录器",
					"status": "passed",
					"title": "应该支持空绑定创建子日志记录器",
					"duration": 1.3307000000000926,
					"failureMessages": [],
					"meta": {}
				},
				{
					"ancestorTitles": ["PinoLogger 服务单元测试", "日志级别"],
					"fullName": "PinoLogger 服务单元测试 日志级别 应该按级别记录不同消息",
					"status": "passed",
					"title": "应该按级别记录不同消息",
					"duration": 0.438199999999938,
					"failureMessages": [],
					"meta": {}
				},
				{
					"ancestorTitles": ["PinoLogger 服务单元测试", "日志级别"],
					"fullName": "PinoLogger 服务单元测试 日志级别 应该支持混合使用字符串和对象",
					"status": "passed",
					"title": "应该支持混合使用字符串和对象",
					"duration": 0.8251999999999953,
					"failureMessages": [],
					"meta": {}
				},
				{
					"ancestorTitles": ["PinoLogger 服务单元测试", "对象清理"],
					"fullName": "PinoLogger 服务单元测试 对象清理 应该创建对象副本（避免修改原对象）",
					"status": "passed",
					"title": "应该创建对象副本（避免修改原对象）",
					"duration": 0.676300000000083,
					"failureMessages": [],
					"meta": {}
				},
				{
					"ancestorTitles": ["PinoLogger 服务单元测试", "对象清理"],
					"fullName": "PinoLogger 服务单元测试 对象清理 应该处理嵌套对象",
					"status": "passed",
					"title": "应该处理嵌套对象",
					"duration": 0.6711999999999989,
					"failureMessages": [],
					"meta": {}
				},
				{
					"ancestorTitles": ["PinoLogger 服务单元测试", "对象清理"],
					"fullName": "PinoLogger 服务单元测试 对象清理 应该处理数组",
					"status": "passed",
					"title": "应该处理数组",
					"duration": 0.6325999999999112,
					"failureMessages": [],
					"meta": {}
				},
				{
					"ancestorTitles": ["PinoLogger 服务单元测试", "边界条件"],
					"fullName": "PinoLogger 服务单元测试 边界条件 应该处理空字符串",
					"status": "passed",
					"title": "应该处理空字符串",
					"duration": 0.5960999999999785,
					"failureMessages": [],
					"meta": {}
				},
				{
					"ancestorTitles": ["PinoLogger 服务单元测试", "边界条件"],
					"fullName": "PinoLogger 服务单元测试 边界条件 应该处理空对象",
					"status": "passed",
					"title": "应该处理空对象",
					"duration": 0.36980000000005475,
					"failureMessages": [],
					"meta": {}
				},
				{
					"ancestorTitles": ["PinoLogger 服务单元测试", "边界条件"],
					"fullName": "PinoLogger 服务单元测试 边界条件 应该处理超长字符串",
					"status": "passed",
					"title": "应该处理超长字符串",
					"duration": 0.33950000000004366,
					"failureMessages": [],
					"meta": {}
				},
				{
					"ancestorTitles": ["PinoLogger 服务单元测试", "边界条件"],
					"fullName": "PinoLogger 服务单元测试 边界条件 应该处理特殊字符",
					"status": "passed",
					"title": "应该处理特殊字符",
					"duration": 0.30100000000004457,
					"failureMessages": [],
					"meta": {}
				},
				{
					"ancestorTitles": ["PinoLogger 服务单元测试", "边界条件"],
					"fullName": "PinoLogger 服务单元测试 边界条件 应该处理 undefined 值",
					"status": "passed",
					"title": "应该处理 undefined 值",
					"duration": 0.3591999999999871,
					"failureMessages": [],
					"meta": {}
				},
				{
					"ancestorTitles": ["PinoLogger 服务单元测试", "边界条件"],
					"fullName": "PinoLogger 服务单元测试 边界条件 应该处理 null 值",
					"status": "passed",
					"title": "应该处理 null 值",
					"duration": 0.46059999999999945,
					"failureMessages": [],
					"meta": {}
				},
				{
					"ancestorTitles": ["PinoLogger 服务单元测试", "边界条件"],
					"fullName": "PinoLogger 服务单元测试 边界条件 应该处理 NaN 和 Infinity",
					"status": "passed",
					"title": "应该处理 NaN 和 Infinity",
					"duration": 0.43829999999991287,
					"failureMessages": [],
					"meta": {}
				},
				{
					"ancestorTitles": ["PinoLogger 服务单元测试", "实际使用场景"],
					"fullName": "PinoLogger 服务单元测试 实际使用场景 应该记录 HTTP 请求",
					"status": "passed",
					"title": "应该记录 HTTP 请求",
					"duration": 0.37209999999993215,
					"failureMessages": [],
					"meta": {}
				},
				{
					"ancestorTitles": ["PinoLogger 服务单元测试", "实际使用场景"],
					"fullName": "PinoLogger 服务单元测试 实际使用场景 应该记录数据库操作",
					"status": "passed",
					"title": "应该记录数据库操作",
					"duration": 0.37810000000001764,
					"failureMessages": [],
					"meta": {}
				},
				{
					"ancestorTitles": ["PinoLogger 服务单元测试", "实际使用场景"],
					"fullName": "PinoLogger 服务单元测试 实际使用场景 应该记录浏览器操作",
					"status": "passed",
					"title": "应该记录浏览器操作",
					"duration": 0.32590000000004693,
					"failureMessages": [],
					"meta": {}
				},
				{
					"ancestorTitles": ["PinoLogger 服务单元测试", "实际使用场景"],
					"fullName": "PinoLogger 服务单元测试 实际使用场景 应该记录错误恢复",
					"status": "passed",
					"title": "应该记录错误恢复",
					"duration": 0.3684000000000651,
					"failureMessages": [],
					"meta": {}
				},
				{
					"ancestorTitles": ["PinoLogger 服务单元测试", "实际使用场景"],
					"fullName": "PinoLogger 服务单元测试 实际使用场景 应该记录性能指标",
					"status": "passed",
					"title": "应该记录性能指标",
					"duration": 0.369199999999978,
					"failureMessages": [],
					"meta": {}
				},
				{
					"ancestorTitles": ["PinoLogger 服务单元测试", "并发场景"],
					"fullName": "PinoLogger 服务单元测试 并发场景 应该支持并发日志记录",
					"status": "passed",
					"title": "应该支持并发日志记录",
					"duration": 0.49680000000000746,
					"failureMessages": [],
					"meta": {}
				},
				{
					"ancestorTitles": ["PinoLogger 服务单元测试", "并发场景"],
					"fullName": "PinoLogger 服务单元测试 并发场景 应该支持多个子日志记录器并发",
					"status": "passed",
					"title": "应该支持多个子日志记录器并发",
					"duration": 0.5869999999999891,
					"failureMessages": [],
					"meta": {}
				}
			],
			"startTime": 1762584346403,
			"endTime": 1762584346428.587,
			"status": "passed",
			"message": "",
			"name": "D:/TSProjects/HushOps.Servers.XiaoHongShu/tests/unit/services/logger.test.ts"
		},
		{
			"assertionResults": [
				{
					"ancestorTitles": ["RoxyClient 服务单元测试", "健康检查"],
					"fullName": "RoxyClient 服务单元测试 健康检查 应该成功执行健康检查",
					"status": "passed",
					"title": "应该成功执行健康检查",
					"duration": 5.337800000000016,
					"failureMessages": [],
					"meta": {}
				},
				{
					"ancestorTitles": ["RoxyClient 服务单元测试", "健康检查"],
					"fullName": "RoxyClient 服务单元测试 健康检查 应该处理健康检查失败",
					"status": "passed",
					"title": "应该处理健康检查失败",
					"duration": 1013.7407999999999,
					"failureMessages": [],
					"meta": {}
				},
				{
					"ancestorTitles": ["RoxyClient 服务单元测试", "健康检查"],
					"fullName": "RoxyClient 服务单元测试 健康检查 应该处理字符串响应",
					"status": "passed",
					"title": "应该处理字符串响应",
					"duration": 0.33380000000011023,
					"failureMessages": [],
					"meta": {}
				},
				{
					"ancestorTitles": ["RoxyClient 服务单元测试", "打开浏览器窗口"],
					"fullName": "RoxyClient 服务单元测试 打开浏览器窗口 应该成功打开浏览器窗口",
					"status": "passed",
					"title": "应该成功打开浏览器窗口",
					"duration": 2.35979999999995,
					"failureMessages": [],
					"meta": {}
				},
				{
					"ancestorTitles": ["RoxyClient 服务单元测试", "打开浏览器窗口"],
					"fullName": "RoxyClient 服务单元测试 打开浏览器窗口 应该支持带参数打开窗口",
					"status": "passed",
					"title": "应该支持带参数打开窗口",
					"duration": 0.7322000000001481,
					"failureMessages": [],
					"meta": {}
				},
				{
					"ancestorTitles": ["RoxyClient 服务单元测试", "打开浏览器窗口"],
					"fullName": "RoxyClient 服务单元测试 打开浏览器窗口 应该在缺少 ws 端点时抛出错误",
					"status": "passed",
					"title": "应该在缺少 ws 端点时抛出错误",
					"duration": 1.3419000000001233,
					"failureMessages": [],
					"meta": {}
				},
				{
					"ancestorTitles": ["RoxyClient 服务单元测试", "打开浏览器窗口"],
					"fullName": "RoxyClient 服务单元测试 打开浏览器窗口 应该在无 data 字段时使用 dirId 作为 id",
					"status": "passed",
					"title": "应该在无 data 字段时使用 dirId 作为 id",
					"duration": 0.39049999999997453,
					"failureMessages": [],
					"meta": {}
				},
				{
					"ancestorTitles": ["RoxyClient 服务单元测试", "关闭浏览器窗口"],
					"fullName": "RoxyClient 服务单元测试 关闭浏览器窗口 应该成功关闭浏览器窗口",
					"status": "passed",
					"title": "应该成功关闭浏览器窗口",
					"duration": 0.6997999999998683,
					"failureMessages": [],
					"meta": {}
				},
				{
					"ancestorTitles": ["RoxyClient 服务单元测试", "关闭浏览器窗口"],
					"fullName": "RoxyClient 服务单元测试 关闭浏览器窗口 应该处理关闭失败",
					"status": "passed",
					"title": "应该处理关闭失败",
					"duration": 1011.0835000000002,
					"failureMessages": [],
					"meta": {}
				},
				{
					"ancestorTitles": ["RoxyClient 服务单元测试", "查询连接信息"],
					"fullName": "RoxyClient 服务单元测试 查询连接信息 应该成功查询单个连接信息",
					"status": "passed",
					"title": "应该成功查询单个连接信息",
					"duration": 1.685399999999845,
					"failureMessages": [],
					"meta": {}
				},
				{
					"ancestorTitles": ["RoxyClient 服务单元测试", "查询连接信息"],
					"fullName": "RoxyClient 服务单元测试 查询连接信息 应该查询多个连接信息",
					"status": "passed",
					"title": "应该查询多个连接信息",
					"duration": 1.0043000000000575,
					"failureMessages": [],
					"meta": {}
				},
				{
					"ancestorTitles": ["RoxyClient 服务单元测试", "查询连接信息"],
					"fullName": "RoxyClient 服务单元测试 查询连接信息 应该处理无 data 字段的响应",
					"status": "passed",
					"title": "应该处理无 data 字段的响应",
					"duration": 0.8125,
					"failureMessages": [],
					"meta": {}
				},
				{
					"ancestorTitles": ["RoxyClient 服务单元测试", "确保窗口打开"],
					"fullName": "RoxyClient 服务单元测试 确保窗口打开 应该复用已存在的窗口",
					"status": "passed",
					"title": "应该复用已存在的窗口",
					"duration": 1.5653999999999542,
					"failureMessages": [],
					"meta": {}
				},
				{
					"ancestorTitles": ["RoxyClient 服务单元测试", "确保窗口打开"],
					"fullName": "RoxyClient 服务单元测试 确保窗口打开 应该在窗口不存在时打开新窗口",
					"status": "passed",
					"title": "应该在窗口不存在时打开新窗口",
					"duration": 1.2152000000000953,
					"failureMessages": [],
					"meta": {}
				},
				{
					"ancestorTitles": ["RoxyClient 服务单元测试", "确保窗口打开"],
					"fullName": "RoxyClient 服务单元测试 确保窗口打开 应该在 connectionInfo 失败时尝试打开",
					"status": "passed",
					"title": "应该在 connectionInfo 失败时尝试打开",
					"duration": 1004.2406000000001,
					"failureMessages": [],
					"meta": {}
				},
				{
					"ancestorTitles": ["RoxyClient 服务单元测试", "确保窗口打开"],
					"fullName": "RoxyClient 服务单元测试 确保窗口打开 应该支持带 workspaceId 的确保打开",
					"status": "passed",
					"title": "应该支持带 workspaceId 的确保打开",
					"duration": 1.0372999999999593,
					"failureMessages": [],
					"meta": {}
				},
				{
					"ancestorTitles": ["RoxyClient 服务单元测试", "工作空间管理"],
					"fullName": "RoxyClient 服务单元测试 工作空间管理 应该获取工作空间列表",
					"status": "passed",
					"title": "应该获取工作空间列表",
					"duration": 0.6965000000000146,
					"failureMessages": [],
					"meta": {}
				},
				{
					"ancestorTitles": ["RoxyClient 服务单元测试", "工作空间管理"],
					"fullName": "RoxyClient 服务单元测试 工作空间管理 应该支持分页参数",
					"status": "passed",
					"title": "应该支持分页参数",
					"duration": 0.6859000000004016,
					"failureMessages": [],
					"meta": {}
				},
				{
					"ancestorTitles": ["RoxyClient 服务单元测试", "窗口管理"],
					"fullName": "RoxyClient 服务单元测试 窗口管理 应该获取窗口列表",
					"status": "passed",
					"title": "应该获取窗口列表",
					"duration": 0.8282999999996719,
					"failureMessages": [],
					"meta": {}
				},
				{
					"ancestorTitles": ["RoxyClient 服务单元测试", "窗口管理"],
					"fullName": "RoxyClient 服务单元测试 窗口管理 应该支持多个查询参数",
					"status": "passed",
					"title": "应该支持多个查询参数",
					"duration": 0.6282999999998538,
					"failureMessages": [],
					"meta": {}
				},
				{
					"ancestorTitles": ["RoxyClient 服务单元测试", "窗口管理"],
					"fullName": "RoxyClient 服务单元测试 窗口管理 应该创建浏览器窗口",
					"status": "passed",
					"title": "应该创建浏览器窗口",
					"duration": 0.5295000000000982,
					"failureMessages": [],
					"meta": {}
				},
				{
					"ancestorTitles": ["RoxyClient 服务单元测试", "查询字符串构建"],
					"fullName": "RoxyClient 服务单元测试 查询字符串构建 应该正确编码查询参数",
					"status": "passed",
					"title": "应该正确编码查询参数",
					"duration": 0.5376000000001113,
					"failureMessages": [],
					"meta": {}
				},
				{
					"ancestorTitles": ["RoxyClient 服务单元测试", "查询字符串构建"],
					"fullName": "RoxyClient 服务单元测试 查询字符串构建 应该跳过 undefined/null/空值",
					"status": "passed",
					"title": "应该跳过 undefined/null/空值",
					"duration": 0.7766000000001441,
					"failureMessages": [],
					"meta": {}
				},
				{
					"ancestorTitles": ["RoxyClient 服务单元测试", "查询字符串构建"],
					"fullName": "RoxyClient 服务单元测试 查询字符串构建 应该处理特殊字符编码",
					"status": "passed",
					"title": "应该处理特殊字符编码",
					"duration": 0.29870000000028085,
					"failureMessages": [],
					"meta": {}
				},
				{
					"ancestorTitles": ["RoxyClient 服务单元测试", "边界条件"],
					"fullName": "RoxyClient 服务单元测试 边界条件 应该处理空 dirIds 数组",
					"status": "passed",
					"title": "应该处理空 dirIds 数组",
					"duration": 0.3931999999999789,
					"failureMessages": [],
					"meta": {}
				},
				{
					"ancestorTitles": ["RoxyClient 服务单元测试", "边界条件"],
					"fullName": "RoxyClient 服务单元测试 边界条件 应该处理特殊字符 dirId",
					"status": "passed",
					"title": "应该处理特殊字符 dirId",
					"duration": 0.346599999999853,
					"failureMessages": [],
					"meta": {}
				}
			],
			"startTime": 1762584346653,
			"endTime": 1762584349708.3467,
			"status": "passed",
			"message": "",
			"name": "D:/TSProjects/HushOps.Servers.XiaoHongShu/tests/unit/services/roxyClient.test.ts"
		},
		{
			"assertionResults": [
				{
					"ancestorTitles": ["keyboard actions"],
					"fullName": "keyboard actions types with wpm delays and autocorrect",
					"status": "passed",
					"title": "types with wpm delays and autocorrect",
					"duration": 2.551200000000023,
					"failureMessages": [],
					"meta": {}
				}
			],
			"startTime": 1762584348980,
			"endTime": 1762584348982.5513,
			"status": "passed",
			"message": "",
			"name": "D:/TSProjects/HushOps.Servers.XiaoHongShu/tests/unit/humanization/actions/keyboard.test.ts"
		},
		{
			"assertionResults": [
				{
					"ancestorTitles": ["mouse actions"],
					"fullName": "mouse actions moveMouseCubic moves along path",
					"status": "passed",
					"title": "moveMouseCubic moves along path",
					"duration": 581.9453000000001,
					"failureMessages": [],
					"meta": {}
				},
				{
					"ancestorTitles": ["mouse actions"],
					"fullName": "mouse actions hoverHuman moves then hovers",
					"status": "passed",
					"title": "hoverHuman moves then hovers",
					"duration": 591.4005000000001,
					"failureMessages": [],
					"meta": {}
				},
				{
					"ancestorTitles": ["mouse actions"],
					"fullName": "mouse actions clickHuman moves then clicks",
					"status": "passed",
					"title": "clickHuman moves then clicks",
					"duration": 596.0851,
					"failureMessages": [],
					"meta": {}
				}
			],
			"startTime": 1762584347530,
			"endTime": 1762584349300.0852,
			"status": "passed",
			"message": "",
			"name": "D:/TSProjects/HushOps.Servers.XiaoHongShu/tests/unit/humanization/actions/mouse.test.ts"
		},
		{
			"assertionResults": [
				{
					"ancestorTitles": ["scroll actions"],
					"fullName": "scroll actions scrollHumanized wheels multiple segments",
					"status": "passed",
					"title": "scrollHumanized wheels multiple segments",
					"duration": 609.8749,
					"failureMessages": [],
					"meta": {}
				}
			],
			"startTime": 1762584349231,
			"endTime": 1762584349840.875,
			"status": "passed",
			"message": "",
			"name": "D:/TSProjects/HushOps.Servers.XiaoHongShu/tests/unit/humanization/actions/scroll.test.ts"
		},
		{
			"assertionResults": [
				{
					"ancestorTitles": ["cubic curves"],
					"fullName": "cubic curves endpoints",
					"status": "passed",
					"title": "endpoints",
					"duration": 2.0663000000000125,
					"failureMessages": [],
					"meta": {}
				},
				{
					"ancestorTitles": ["cubic curves"],
					"fullName": "cubic curves path smoothness",
					"status": "passed",
					"title": "path smoothness",
					"duration": 1.0165000000000077,
					"failureMessages": [],
					"meta": {}
				}
			],
			"startTime": 1762584348320,
			"endTime": 1762584348323.0166,
			"status": "passed",
			"message": "",
			"name": "D:/TSProjects/HushOps.Servers.XiaoHongShu/tests/unit/humanization/core/curves.test.ts"
		},
		{
			"assertionResults": [
				{
					"ancestorTitles": ["distributions"],
					"fullName": "distributions normal stats",
					"status": "passed",
					"title": "normal stats",
					"duration": 3.0392999999999972,
					"failureMessages": [],
					"meta": {}
				},
				{
					"ancestorTitles": ["distributions"],
					"fullName": "distributions uniform bounds",
					"status": "passed",
					"title": "uniform bounds",
					"duration": 0.4519999999999982,
					"failureMessages": [],
					"meta": {}
				},
				{
					"ancestorTitles": ["distributions"],
					"fullName": "distributions poisson mean",
					"status": "passed",
					"title": "poisson mean",
					"duration": 2.192399999999992,
					"failureMessages": [],
					"meta": {}
				}
			],
			"startTime": 1762584347632,
			"endTime": 1762584347638.1924,
			"status": "passed",
			"message": "",
			"name": "D:/TSProjects/HushOps.Servers.XiaoHongShu/tests/unit/humanization/core/distributions.test.ts"
		},
		{
			"assertionResults": [
				{
					"ancestorTitles": ["randomization"],
					"fullName": "randomization jitter bounds",
					"status": "passed",
					"title": "jitter bounds",
					"duration": 2.5925000000000296,
					"failureMessages": [],
					"meta": {}
				},
				{
					"ancestorTitles": ["randomization"],
					"fullName": "randomization randomVariance percent",
					"status": "passed",
					"title": "randomVariance percent",
					"duration": 0.9533000000000129,
					"failureMessages": [],
					"meta": {}
				},
				{
					"ancestorTitles": ["randomization"],
					"fullName": "randomization neighbor keys",
					"status": "passed",
					"title": "neighbor keys",
					"duration": 1.1972000000000094,
					"failureMessages": [],
					"meta": {}
				}
			],
			"startTime": 1762584348438,
			"endTime": 1762584348443.1973,
			"status": "passed",
			"message": "",
			"name": "D:/TSProjects/HushOps.Servers.XiaoHongShu/tests/unit/humanization/core/randomization.test.ts"
		},
		{
			"assertionResults": [
				{
					"ancestorTitles": ["timing easing"],
					"fullName": "timing easing boundaries",
					"status": "passed",
					"title": "boundaries",
					"duration": 1.2194999999999823,
					"failureMessages": [],
					"meta": {}
				},
				{
					"ancestorTitles": ["timing easing"],
					"fullName": "timing easing monotonic",
					"status": "passed",
					"title": "monotonic",
					"duration": 1.5751999999999953,
					"failureMessages": [],
					"meta": {}
				},
				{
					"ancestorTitles": ["timing easing"],
					"fullName": "timing easing shapes",
					"status": "passed",
					"title": "shapes",
					"duration": 0.22199999999998,
					"failureMessages": [],
					"meta": {}
				}
			],
			"startTime": 1762584348777,
			"endTime": 1762584348780.222,
			"status": "passed",
			"message": "",
			"name": "D:/TSProjects/HushOps.Servers.XiaoHongShu/tests/unit/humanization/core/timing.test.ts"
		},
		{
			"assertionResults": [
				{
					"ancestorTitles": ["validateCaptureQuality"],
					"fullName": "validateCaptureQuality 应该正确计算高质量内容的分数",
					"status": "passed",
					"title": "应该正确计算高质量内容的分数",
					"duration": 2.4347000000000207,
					"failureMessages": [],
					"meta": {}
				},
				{
					"ancestorTitles": ["validateCaptureQuality"],
					"fullName": "validateCaptureQuality 应该正确计算中等质量内容的分数",
					"status": "passed",
					"title": "应该正确计算中等质量内容的分数",
					"duration": 0.3606999999999516,
					"failureMessages": [],
					"meta": {}
				},
				{
					"ancestorTitles": ["validateCaptureQuality"],
					"fullName": "validateCaptureQuality 应该正确计算低质量内容的分数",
					"status": "passed",
					"title": "应该正确计算低质量内容的分数",
					"duration": 0.22140000000001692,
					"failureMessages": [],
					"meta": {}
				},
				{
					"ancestorTitles": ["validateCaptureQuality"],
					"fullName": "validateCaptureQuality 应该正确计算部分质量内容的分数",
					"status": "passed",
					"title": "应该正确计算部分质量内容的分数",
					"duration": 0.18389999999999418,
					"failureMessages": [],
					"meta": {}
				},
				{
					"ancestorTitles": ["validateCaptureQuality"],
					"fullName": "validateCaptureQuality 应该处理空内容",
					"status": "passed",
					"title": "应该处理空内容",
					"duration": 0.3000000000000682,
					"failureMessages": [],
					"meta": {}
				},
				{
					"ancestorTitles": ["progressiveWait"],
					"fullName": "progressiveWait 应该在网络空闲等待超时后继续执行",
					"status": "passed",
					"title": "应该在网络空闲等待超时后继续执行",
					"duration": 1.195100000000025,
					"failureMessages": [],
					"meta": {}
				},
				{
					"ancestorTitles": ["progressiveWait"],
					"fullName": "progressiveWait 应该在内容长度等待超时后继续执行",
					"status": "passed",
					"title": "应该在内容长度等待超时后继续执行",
					"duration": 0.43020000000001346,
					"failureMessages": [],
					"meta": {}
				},
				{
					"ancestorTitles": ["progressiveWait"],
					"fullName": "progressiveWait 应该正常完成所有等待阶段",
					"status": "passed",
					"title": "应该正常完成所有等待阶段",
					"duration": 0.3625999999999294,
					"failureMessages": [],
					"meta": {}
				},
				{
					"ancestorTitles": ["progressiveWait"],
					"fullName": "progressiveWait 应该在所有等待都超时时正常完成",
					"status": "passed",
					"title": "应该在所有等待都超时时正常完成",
					"duration": 0.7558999999999969,
					"failureMessages": [],
					"meta": {}
				},
				{
					"ancestorTitles": ["质量分数边界条件"],
					"fullName": "质量分数边界条件 应该在 HTML 长度恰好 10000 时给予满分",
					"status": "passed",
					"title": "应该在 HTML 长度恰好 10000 时给予满分",
					"duration": 0.6562999999999874,
					"failureMessages": [],
					"meta": {}
				},
				{
					"ancestorTitles": ["质量分数边界条件"],
					"fullName": "质量分数边界条件 应该在 HTML 长度恰好 5000 时给予部分分数",
					"status": "passed",
					"title": "应该在 HTML 长度恰好 5000 时给予部分分数",
					"duration": 0.2277000000000271,
					"failureMessages": [],
					"meta": {}
				},
				{
					"ancestorTitles": ["质量分数边界条件"],
					"fullName": "质量分数边界条件 应该在内容长度恰好达标时给予满分",
					"status": "passed",
					"title": "应该在内容长度恰好达标时给予满分",
					"duration": 0.16240000000004784,
					"failureMessages": [],
					"meta": {}
				}
			],
			"startTime": 1762584346541,
			"endTime": 1762584346550.1624,
			"status": "passed",
			"message": "",
			"name": "D:/TSProjects/HushOps.Servers.XiaoHongShu/tests/unit/services/scraper/quality.test.ts"
		}
	]
}
